{
  "statusCode": 500,
  "isOperational": false,
  "request": "POST /api/v1/tasks/5f6244b9033583328c93d7cd",
  "message": "🔥Error🔥: next is not defined",
  "date": "Wed, 16 Sep 2020 17:00:56 GMT",
  "stack": "ReferenceError: next is not defined\n    at E:\\Projects\\Proman\\Backend\\src\\controllers\\taskCtrl.js:92:3\n    at processTicksAndRejections (internal/process/task_queues.js:97:5)"
}

{
  "success": false,
  "statusCode": 404,
  "isOperational": true,
  "request": "POST /api/v1/tasks/5f6244b9033583328c93d7cd",
  "domain": "Find Project To Create Tasks",
  "message": "🔥Error🔥: Project doesn't exist",
  "date": "Wed, 16 Sep 2020 17:01:53 GMT",
  "stack": "Error: Project doesn't exist\n    at new AppError (E:\\Projects\\Proman\\Backend\\src\\utils\\AppError.js:10:15)\n    at E:\\Projects\\Proman\\Backend\\src\\controllers\\taskCtrl.js:93:4\n    at processTicksAndRejections (internal/process/task_queues.js:97:5)"
}

{
  "success": false,
  "statusCode": 404,
  "isOperational": true,
  "request": "PATCH /api/v1/tasks",
  "domain": "Getting /api/v1/tasks",
  "message": "🔥Error🔥: Page Not found",
  "date": "Wed, 16 Sep 2020 17:24:26 GMT",
  "stack": "Error: Page Not found\n    at new AppError (E:\\Projects\\Proman\\Backend\\src\\utils\\AppError.js:10:15)\n    at E:\\Projects\\Proman\\Backend\\app.js:67:7\n    at Layer.handle [as handle_request] (E:\\Projects\\Proman\\Backend\\node_modules\\express\\lib\\router\\layer.js:95:5)\n    at trim_prefix (E:\\Projects\\Proman\\Backend\\node_modules\\express\\lib\\router\\index.js:317:13)\n    at E:\\Projects\\Proman\\Backend\\node_modules\\express\\lib\\router\\index.js:284:7\n    at Function.process_params (E:\\Projects\\Proman\\Backend\\node_modules\\express\\lib\\router\\index.js:335:12)\n    at next (E:\\Projects\\Proman\\Backend\\node_modules\\express\\lib\\router\\index.js:275:10)\n    at E:\\Projects\\Proman\\Backend\\node_modules\\express\\lib\\router\\index.js:635:15\n    at next (E:\\Projects\\Proman\\Backend\\node_modules\\express\\lib\\router\\index.js:260:14)\n    at Function.handle (E:\\Projects\\Proman\\Backend\\node_modules\\express\\lib\\router\\index.js:174:3)\n    at router (E:\\Projects\\Proman\\Backend\\node_modules\\express\\lib\\router\\index.js:47:12)\n    at Layer.handle [as handle_request] (E:\\Projects\\Proman\\Backend\\node_modules\\express\\lib\\router\\layer.js:95:5)\n    at trim_prefix (E:\\Projects\\Proman\\Backend\\node_modules\\express\\lib\\router\\index.js:317:13)\n    at E:\\Projects\\Proman\\Backend\\node_modules\\express\\lib\\router\\index.js:284:7\n    at Function.process_params (E:\\Projects\\Proman\\Backend\\node_modules\\express\\lib\\router\\index.js:335:12)\n    at next (E:\\Projects\\Proman\\Backend\\node_modules\\express\\lib\\router\\index.js:275:10)"
}

{
  "success": false,
  "statusCode": 404,
  "isOperational": true,
  "request": "GET /api/v1/projects",
  "domain": "Getting Tasks",
  "message": "🔥Error🔥: No tasks were found",
  "date": "Wed, 16 Sep 2020 17:30:13 GMT",
  "stack": "Error: No tasks were found\n    at new AppError (E:\\Projects\\Proman\\Backend\\src\\utils\\AppError.js:10:15)\n    at E:\\Projects\\Proman\\Backend\\src\\controllers\\projectCtrl.js:11:15\n    at processTicksAndRejections (internal/process/task_queues.js:97:5)"
}

Mongodb Connection Error
MongoNetworkError: failed to connect to server [127.0.0.1:27017] on first connect [Error: read ECONNRESET
    at TCP.onStreamRead (internal/stream_base_commons.js:205:27) {
  name: 'MongoNetworkError'
}]

