{
  "statusCode": 500,
  "isOperational": false,
  "request": "GET /api/v1/projects",
  "message": "🔥Error🔥: jwt expired",
  "date": "Fri, 18 Sep 2020 18:03:10 GMT",
  "stack": "TokenExpiredError: jwt expired\n    at E:\\Projects\\Proman\\Backend\\node_modules\\jsonwebtoken\\verify.js:152:21\n    at getSecret (E:\\Projects\\Proman\\Backend\\node_modules\\jsonwebtoken\\verify.js:90:14)\n    at Object.module.exports [as verify] (E:\\Projects\\Proman\\Backend\\node_modules\\jsonwebtoken\\verify.js:94:10)\n    at E:\\Projects\\Proman\\Backend\\src\\controllers\\authCtrl.js:103:28\n    at E:\\Projects\\Proman\\Backend\\src\\utils\\catchAsync.js:3:5\n    at Layer.handle [as handle_request] (E:\\Projects\\Proman\\Backend\\node_modules\\express\\lib\\router\\layer.js:95:5)\n    at trim_prefix (E:\\Projects\\Proman\\Backend\\node_modules\\express\\lib\\router\\index.js:317:13)\n    at E:\\Projects\\Proman\\Backend\\node_modules\\express\\lib\\router\\index.js:284:7\n    at Function.process_params (E:\\Projects\\Proman\\Backend\\node_modules\\express\\lib\\router\\index.js:335:12)\n    at next (E:\\Projects\\Proman\\Backend\\node_modules\\express\\lib\\router\\index.js:275:10)\n    at Function.handle (E:\\Projects\\Proman\\Backend\\node_modules\\express\\lib\\router\\index.js:174:3)\n    at router (E:\\Projects\\Proman\\Backend\\node_modules\\express\\lib\\router\\index.js:47:12)\n    at Layer.handle [as handle_request] (E:\\Projects\\Proman\\Backend\\node_modules\\express\\lib\\router\\layer.js:95:5)\n    at trim_prefix (E:\\Projects\\Proman\\Backend\\node_modules\\express\\lib\\router\\index.js:317:13)\n    at E:\\Projects\\Proman\\Backend\\node_modules\\express\\lib\\router\\index.js:284:7\n    at Function.process_params (E:\\Projects\\Proman\\Backend\\node_modules\\express\\lib\\router\\index.js:335:12)"
}

{
  "statusCode": 500,
  "isOperational": false,
  "request": "GET /api/v1/projects",
  "message": "🔥Error🔥: jwt expired",
  "date": "Fri, 18 Sep 2020 18:04:07 GMT",
  "stack": "TokenExpiredError: jwt expired\n    at E:\\Projects\\Proman\\Backend\\node_modules\\jsonwebtoken\\verify.js:152:21\n    at getSecret (E:\\Projects\\Proman\\Backend\\node_modules\\jsonwebtoken\\verify.js:90:14)\n    at Object.module.exports [as verify] (E:\\Projects\\Proman\\Backend\\node_modules\\jsonwebtoken\\verify.js:94:10)\n    at E:\\Projects\\Proman\\Backend\\src\\controllers\\authCtrl.js:103:28\n    at E:\\Projects\\Proman\\Backend\\src\\utils\\catchAsync.js:3:5\n    at Layer.handle [as handle_request] (E:\\Projects\\Proman\\Backend\\node_modules\\express\\lib\\router\\layer.js:95:5)\n    at trim_prefix (E:\\Projects\\Proman\\Backend\\node_modules\\express\\lib\\router\\index.js:317:13)\n    at E:\\Projects\\Proman\\Backend\\node_modules\\express\\lib\\router\\index.js:284:7\n    at Function.process_params (E:\\Projects\\Proman\\Backend\\node_modules\\express\\lib\\router\\index.js:335:12)\n    at next (E:\\Projects\\Proman\\Backend\\node_modules\\express\\lib\\router\\index.js:275:10)\n    at Function.handle (E:\\Projects\\Proman\\Backend\\node_modules\\express\\lib\\router\\index.js:174:3)\n    at router (E:\\Projects\\Proman\\Backend\\node_modules\\express\\lib\\router\\index.js:47:12)\n    at Layer.handle [as handle_request] (E:\\Projects\\Proman\\Backend\\node_modules\\express\\lib\\router\\layer.js:95:5)\n    at trim_prefix (E:\\Projects\\Proman\\Backend\\node_modules\\express\\lib\\router\\index.js:317:13)\n    at E:\\Projects\\Proman\\Backend\\node_modules\\express\\lib\\router\\index.js:284:7\n    at Function.process_params (E:\\Projects\\Proman\\Backend\\node_modules\\express\\lib\\router\\index.js:335:12)"
}

{
  "statusCode": 500,
  "isOperational": false,
  "request": "GET /api/v1/projects",
  "message": "🔥Error🔥: jwt expired",
  "date": "Fri, 18 Sep 2020 18:04:55 GMT",
  "stack": "TokenExpiredError: jwt expired\n    at E:\\Projects\\Proman\\Backend\\node_modules\\jsonwebtoken\\verify.js:152:21\n    at getSecret (E:\\Projects\\Proman\\Backend\\node_modules\\jsonwebtoken\\verify.js:90:14)\n    at Object.module.exports [as verify] (E:\\Projects\\Proman\\Backend\\node_modules\\jsonwebtoken\\verify.js:94:10)\n    at E:\\Projects\\Proman\\Backend\\src\\controllers\\authCtrl.js:103:22\n    at E:\\Projects\\Proman\\Backend\\src\\utils\\catchAsync.js:3:5\n    at Layer.handle [as handle_request] (E:\\Projects\\Proman\\Backend\\node_modules\\express\\lib\\router\\layer.js:95:5)\n    at trim_prefix (E:\\Projects\\Proman\\Backend\\node_modules\\express\\lib\\router\\index.js:317:13)\n    at E:\\Projects\\Proman\\Backend\\node_modules\\express\\lib\\router\\index.js:284:7\n    at Function.process_params (E:\\Projects\\Proman\\Backend\\node_modules\\express\\lib\\router\\index.js:335:12)\n    at next (E:\\Projects\\Proman\\Backend\\node_modules\\express\\lib\\router\\index.js:275:10)\n    at Function.handle (E:\\Projects\\Proman\\Backend\\node_modules\\express\\lib\\router\\index.js:174:3)\n    at router (E:\\Projects\\Proman\\Backend\\node_modules\\express\\lib\\router\\index.js:47:12)\n    at Layer.handle [as handle_request] (E:\\Projects\\Proman\\Backend\\node_modules\\express\\lib\\router\\layer.js:95:5)\n    at trim_prefix (E:\\Projects\\Proman\\Backend\\node_modules\\express\\lib\\router\\index.js:317:13)\n    at E:\\Projects\\Proman\\Backend\\node_modules\\express\\lib\\router\\index.js:284:7\n    at Function.process_params (E:\\Projects\\Proman\\Backend\\node_modules\\express\\lib\\router\\index.js:335:12)"
}

{
  "statusCode": 500,
  "isOperational": false,
  "request": "GET /api/v1/projects",
  "message": "🔥Error🔥: jwt expired",
  "date": "Fri, 18 Sep 2020 18:09:43 GMT",
  "stack": "TokenExpiredError: jwt expired\n    at E:\\Projects\\Proman\\Backend\\node_modules\\jsonwebtoken\\verify.js:152:21\n    at getSecret (E:\\Projects\\Proman\\Backend\\node_modules\\jsonwebtoken\\verify.js:90:14)\n    at Object.module.exports [as verify] (E:\\Projects\\Proman\\Backend\\node_modules\\jsonwebtoken\\verify.js:94:10)\n    at E:\\Projects\\Proman\\Backend\\src\\controllers\\authCtrl.js:103:22\n    at E:\\Projects\\Proman\\Backend\\src\\utils\\catchAsync.js:3:5\n    at Layer.handle [as handle_request] (E:\\Projects\\Proman\\Backend\\node_modules\\express\\lib\\router\\layer.js:95:5)\n    at trim_prefix (E:\\Projects\\Proman\\Backend\\node_modules\\express\\lib\\router\\index.js:317:13)\n    at E:\\Projects\\Proman\\Backend\\node_modules\\express\\lib\\router\\index.js:284:7\n    at Function.process_params (E:\\Projects\\Proman\\Backend\\node_modules\\express\\lib\\router\\index.js:335:12)\n    at next (E:\\Projects\\Proman\\Backend\\node_modules\\express\\lib\\router\\index.js:275:10)\n    at Function.handle (E:\\Projects\\Proman\\Backend\\node_modules\\express\\lib\\router\\index.js:174:3)\n    at router (E:\\Projects\\Proman\\Backend\\node_modules\\express\\lib\\router\\index.js:47:12)\n    at Layer.handle [as handle_request] (E:\\Projects\\Proman\\Backend\\node_modules\\express\\lib\\router\\layer.js:95:5)\n    at trim_prefix (E:\\Projects\\Proman\\Backend\\node_modules\\express\\lib\\router\\index.js:317:13)\n    at E:\\Projects\\Proman\\Backend\\node_modules\\express\\lib\\router\\index.js:284:7\n    at Function.process_params (E:\\Projects\\Proman\\Backend\\node_modules\\express\\lib\\router\\index.js:335:12)"
}

{
  "statusCode": 500,
  "isOperational": false,
  "request": "GET /api/v1/projects",
  "message": "🔥Error🔥: jwt expired",
  "date": "Fri, 18 Sep 2020 18:12:24 GMT",
  "stack": "TokenExpiredError: jwt expired\n    at E:\\Projects\\Proman\\Backend\\node_modules\\jsonwebtoken\\verify.js:152:21\n    at getSecret (E:\\Projects\\Proman\\Backend\\node_modules\\jsonwebtoken\\verify.js:90:14)\n    at Object.module.exports [as verify] (E:\\Projects\\Proman\\Backend\\node_modules\\jsonwebtoken\\verify.js:94:10)\n    at E:\\Projects\\Proman\\Backend\\src\\controllers\\authCtrl.js:105:22\n    at E:\\Projects\\Proman\\Backend\\src\\utils\\catchAsync.js:3:5\n    at Layer.handle [as handle_request] (E:\\Projects\\Proman\\Backend\\node_modules\\express\\lib\\router\\layer.js:95:5)\n    at trim_prefix (E:\\Projects\\Proman\\Backend\\node_modules\\express\\lib\\router\\index.js:317:13)\n    at E:\\Projects\\Proman\\Backend\\node_modules\\express\\lib\\router\\index.js:284:7\n    at Function.process_params (E:\\Projects\\Proman\\Backend\\node_modules\\express\\lib\\router\\index.js:335:12)\n    at next (E:\\Projects\\Proman\\Backend\\node_modules\\express\\lib\\router\\index.js:275:10)\n    at Function.handle (E:\\Projects\\Proman\\Backend\\node_modules\\express\\lib\\router\\index.js:174:3)\n    at router (E:\\Projects\\Proman\\Backend\\node_modules\\express\\lib\\router\\index.js:47:12)\n    at Layer.handle [as handle_request] (E:\\Projects\\Proman\\Backend\\node_modules\\express\\lib\\router\\layer.js:95:5)\n    at trim_prefix (E:\\Projects\\Proman\\Backend\\node_modules\\express\\lib\\router\\index.js:317:13)\n    at E:\\Projects\\Proman\\Backend\\node_modules\\express\\lib\\router\\index.js:284:7\n    at Function.process_params (E:\\Projects\\Proman\\Backend\\node_modules\\express\\lib\\router\\index.js:335:12)"
}

{
  "statusCode": 500,
  "isOperational": false,
  "request": "GET /api/v1/projects",
  "message": "🔥Error🔥: jwt expired",
  "date": "Fri, 18 Sep 2020 18:14:12 GMT",
  "stack": "TokenExpiredError: jwt expired\n    at E:\\Projects\\Proman\\Backend\\node_modules\\jsonwebtoken\\verify.js:152:21\n    at getSecret (E:\\Projects\\Proman\\Backend\\node_modules\\jsonwebtoken\\verify.js:90:14)\n    at Object.module.exports [as verify] (E:\\Projects\\Proman\\Backend\\node_modules\\jsonwebtoken\\verify.js:94:10)\n    at E:\\Projects\\Proman\\Backend\\src\\controllers\\authCtrl.js:105:22\n    at E:\\Projects\\Proman\\Backend\\src\\utils\\catchAsync.js:3:5\n    at Layer.handle [as handle_request] (E:\\Projects\\Proman\\Backend\\node_modules\\express\\lib\\router\\layer.js:95:5)\n    at trim_prefix (E:\\Projects\\Proman\\Backend\\node_modules\\express\\lib\\router\\index.js:317:13)\n    at E:\\Projects\\Proman\\Backend\\node_modules\\express\\lib\\router\\index.js:284:7\n    at Function.process_params (E:\\Projects\\Proman\\Backend\\node_modules\\express\\lib\\router\\index.js:335:12)\n    at next (E:\\Projects\\Proman\\Backend\\node_modules\\express\\lib\\router\\index.js:275:10)\n    at Function.handle (E:\\Projects\\Proman\\Backend\\node_modules\\express\\lib\\router\\index.js:174:3)\n    at router (E:\\Projects\\Proman\\Backend\\node_modules\\express\\lib\\router\\index.js:47:12)\n    at Layer.handle [as handle_request] (E:\\Projects\\Proman\\Backend\\node_modules\\express\\lib\\router\\layer.js:95:5)\n    at trim_prefix (E:\\Projects\\Proman\\Backend\\node_modules\\express\\lib\\router\\index.js:317:13)\n    at E:\\Projects\\Proman\\Backend\\node_modules\\express\\lib\\router\\index.js:284:7\n    at Function.process_params (E:\\Projects\\Proman\\Backend\\node_modules\\express\\lib\\router\\index.js:335:12)"
}

{
  "statusCode": 500,
  "isOperational": false,
  "request": "GET /api/v1/projects",
  "message": "🔥Error🔥: jwt expired",
  "date": "Fri, 18 Sep 2020 18:17:07 GMT",
  "stack": "TokenExpiredError: jwt expired\n    at E:\\Projects\\Proman\\Backend\\node_modules\\jsonwebtoken\\verify.js:152:21\n    at getSecret (E:\\Projects\\Proman\\Backend\\node_modules\\jsonwebtoken\\verify.js:90:14)\n    at Object.module.exports [as verify] (E:\\Projects\\Proman\\Backend\\node_modules\\jsonwebtoken\\verify.js:94:10)\n    at E:\\Projects\\Proman\\Backend\\src\\controllers\\authCtrl.js:105:22\n    at E:\\Projects\\Proman\\Backend\\src\\utils\\catchAsync.js:3:5\n    at Layer.handle [as handle_request] (E:\\Projects\\Proman\\Backend\\node_modules\\express\\lib\\router\\layer.js:95:5)\n    at trim_prefix (E:\\Projects\\Proman\\Backend\\node_modules\\express\\lib\\router\\index.js:317:13)\n    at E:\\Projects\\Proman\\Backend\\node_modules\\express\\lib\\router\\index.js:284:7\n    at Function.process_params (E:\\Projects\\Proman\\Backend\\node_modules\\express\\lib\\router\\index.js:335:12)\n    at next (E:\\Projects\\Proman\\Backend\\node_modules\\express\\lib\\router\\index.js:275:10)\n    at Function.handle (E:\\Projects\\Proman\\Backend\\node_modules\\express\\lib\\router\\index.js:174:3)\n    at router (E:\\Projects\\Proman\\Backend\\node_modules\\express\\lib\\router\\index.js:47:12)\n    at Layer.handle [as handle_request] (E:\\Projects\\Proman\\Backend\\node_modules\\express\\lib\\router\\layer.js:95:5)\n    at trim_prefix (E:\\Projects\\Proman\\Backend\\node_modules\\express\\lib\\router\\index.js:317:13)\n    at E:\\Projects\\Proman\\Backend\\node_modules\\express\\lib\\router\\index.js:284:7\n    at Function.process_params (E:\\Projects\\Proman\\Backend\\node_modules\\express\\lib\\router\\index.js:335:12)"
}

{
  "success": false,
  "statusCode": 401,
  "isOperational": true,
  "request": "GET /api/v1/projects/dwd",
  "domain": "Project Finding",
  "message": "🔥Error🔥: Not Authorized",
  "date": "Fri, 18 Sep 2020 18:43:38 GMT",
  "stack": "Error: Not Authorized\n    at new AppError (E:\\Projects\\Proman\\Backend\\src\\utils\\AppError.js:10:15)\n    at E:\\Projects\\Proman\\Backend\\src\\controllers\\projectCtrl.js:29:15\n    at E:\\Projects\\Proman\\Backend\\src\\utils\\catchAsync.js:3:5\n    at Layer.handle [as handle_request] (E:\\Projects\\Proman\\Backend\\node_modules\\express\\lib\\router\\layer.js:95:5)\n    at next (E:\\Projects\\Proman\\Backend\\node_modules\\express\\lib\\router\\route.js:137:13)\n    at Route.dispatch (E:\\Projects\\Proman\\Backend\\node_modules\\express\\lib\\router\\route.js:112:3)\n    at Layer.handle [as handle_request] (E:\\Projects\\Proman\\Backend\\node_modules\\express\\lib\\router\\layer.js:95:5)\n    at E:\\Projects\\Proman\\Backend\\node_modules\\express\\lib\\router\\index.js:281:22\n    at param (E:\\Projects\\Proman\\Backend\\node_modules\\express\\lib\\router\\index.js:354:14)\n    at param (E:\\Projects\\Proman\\Backend\\node_modules\\express\\lib\\router\\index.js:365:14)\n    at Function.process_params (E:\\Projects\\Proman\\Backend\\node_modules\\express\\lib\\router\\index.js:410:3)\n    at next (E:\\Projects\\Proman\\Backend\\node_modules\\express\\lib\\router\\index.js:275:10)\n    at E:\\Projects\\Proman\\Backend\\src\\controllers\\authCtrl.js:129:2\n    at runMicrotasks (<anonymous>)\n    at processTicksAndRejections (internal/process/task_queues.js:97:5)"
}

{
  "success": false,
  "statusCode": 401,
  "isOperational": true,
  "request": "GET /api/v1/projects/dwd",
  "domain": "Project Finding",
  "message": "🔥Error🔥: Not Authorized",
  "date": "Fri, 18 Sep 2020 18:47:46 GMT",
  "stack": "Error: Not Authorized\n    at new AppError (E:\\Projects\\Proman\\Backend\\src\\utils\\AppError.js:10:15)\n    at E:\\Projects\\Proman\\Backend\\src\\controllers\\projectCtrl.js:29:15\n    at E:\\Projects\\Proman\\Backend\\src\\utils\\catchAsync.js:3:5\n    at Layer.handle [as handle_request] (E:\\Projects\\Proman\\Backend\\node_modules\\express\\lib\\router\\layer.js:95:5)\n    at next (E:\\Projects\\Proman\\Backend\\node_modules\\express\\lib\\router\\route.js:137:13)\n    at Route.dispatch (E:\\Projects\\Proman\\Backend\\node_modules\\express\\lib\\router\\route.js:112:3)\n    at Layer.handle [as handle_request] (E:\\Projects\\Proman\\Backend\\node_modules\\express\\lib\\router\\layer.js:95:5)\n    at E:\\Projects\\Proman\\Backend\\node_modules\\express\\lib\\router\\index.js:281:22\n    at param (E:\\Projects\\Proman\\Backend\\node_modules\\express\\lib\\router\\index.js:354:14)\n    at param (E:\\Projects\\Proman\\Backend\\node_modules\\express\\lib\\router\\index.js:365:14)\n    at Function.process_params (E:\\Projects\\Proman\\Backend\\node_modules\\express\\lib\\router\\index.js:410:3)\n    at next (E:\\Projects\\Proman\\Backend\\node_modules\\express\\lib\\router\\index.js:275:10)\n    at E:\\Projects\\Proman\\Backend\\src\\controllers\\authCtrl.js:129:2\n    at runMicrotasks (<anonymous>)\n    at processTicksAndRejections (internal/process/task_queues.js:97:5)"
}

