{
  "success": false,
  "statusCode": 401,
  "isOperational": true,
  "request": "GET /api/v1/projects/5f63a247e76a832da4daef9b",
  "domain": "Project Finding",
  "message": "🔥Error🔥: Not Authorized",
  "date": "Fri, 18 Sep 2020 21:58:53 GMT",
  "stack": "Error: Not Authorized\n    at new AppError (E:\\Projects\\Proman\\Backend\\src\\utils\\AppError.js:10:15)\n    at E:\\Projects\\Proman\\Backend\\src\\controllers\\projectCtrl.js:30:15\n    at E:\\Projects\\Proman\\Backend\\src\\utils\\catchAsync.js:3:5\n    at Layer.handle [as handle_request] (E:\\Projects\\Proman\\Backend\\node_modules\\express\\lib\\router\\layer.js:95:5)\n    at next (E:\\Projects\\Proman\\Backend\\node_modules\\express\\lib\\router\\route.js:137:13)\n    at Route.dispatch (E:\\Projects\\Proman\\Backend\\node_modules\\express\\lib\\router\\route.js:112:3)\n    at Layer.handle [as handle_request] (E:\\Projects\\Proman\\Backend\\node_modules\\express\\lib\\router\\layer.js:95:5)\n    at E:\\Projects\\Proman\\Backend\\node_modules\\express\\lib\\router\\index.js:281:22\n    at param (E:\\Projects\\Proman\\Backend\\node_modules\\express\\lib\\router\\index.js:354:14)\n    at param (E:\\Projects\\Proman\\Backend\\node_modules\\express\\lib\\router\\index.js:365:14)\n    at Function.process_params (E:\\Projects\\Proman\\Backend\\node_modules\\express\\lib\\router\\index.js:410:3)\n    at next (E:\\Projects\\Proman\\Backend\\node_modules\\express\\lib\\router\\index.js:275:10)\n    at E:\\Projects\\Proman\\Backend\\src\\controllers\\authCtrl.js:128:2\n    at processTicksAndRejections (internal/process/task_queues.js:97:5)"
}

{
  "success": false,
  "statusCode": 401,
  "isOperational": true,
  "request": "GET /api/v1/projects/5f63a247e76a832da4daef9b",
  "domain": "Project Finding",
  "message": "🔥Error🔥: Not Authorized",
  "date": "Fri, 18 Sep 2020 21:59:33 GMT",
  "stack": "Error: Not Authorized\n    at new AppError (E:\\Projects\\Proman\\Backend\\src\\utils\\AppError.js:10:15)\n    at E:\\Projects\\Proman\\Backend\\src\\controllers\\projectCtrl.js:30:15\n    at E:\\Projects\\Proman\\Backend\\src\\utils\\catchAsync.js:3:5\n    at Layer.handle [as handle_request] (E:\\Projects\\Proman\\Backend\\node_modules\\express\\lib\\router\\layer.js:95:5)\n    at next (E:\\Projects\\Proman\\Backend\\node_modules\\express\\lib\\router\\route.js:137:13)\n    at Route.dispatch (E:\\Projects\\Proman\\Backend\\node_modules\\express\\lib\\router\\route.js:112:3)\n    at Layer.handle [as handle_request] (E:\\Projects\\Proman\\Backend\\node_modules\\express\\lib\\router\\layer.js:95:5)\n    at E:\\Projects\\Proman\\Backend\\node_modules\\express\\lib\\router\\index.js:281:22\n    at param (E:\\Projects\\Proman\\Backend\\node_modules\\express\\lib\\router\\index.js:354:14)\n    at param (E:\\Projects\\Proman\\Backend\\node_modules\\express\\lib\\router\\index.js:365:14)\n    at Function.process_params (E:\\Projects\\Proman\\Backend\\node_modules\\express\\lib\\router\\index.js:410:3)\n    at next (E:\\Projects\\Proman\\Backend\\node_modules\\express\\lib\\router\\index.js:275:10)\n    at E:\\Projects\\Proman\\Backend\\src\\controllers\\authCtrl.js:128:2\n    at processTicksAndRejections (internal/process/task_queues.js:97:5)"
}

{
  "success": false,
  "statusCode": 401,
  "isOperational": true,
  "request": "GET /api/v1/projects/5f63a247e76a832da4daef9b",
  "domain": "Project Finding",
  "message": "🔥Error🔥: Not Authorized",
  "date": "Fri, 18 Sep 2020 21:59:34 GMT",
  "stack": "Error: Not Authorized\n    at new AppError (E:\\Projects\\Proman\\Backend\\src\\utils\\AppError.js:10:15)\n    at E:\\Projects\\Proman\\Backend\\src\\controllers\\projectCtrl.js:30:15\n    at E:\\Projects\\Proman\\Backend\\src\\utils\\catchAsync.js:3:5\n    at Layer.handle [as handle_request] (E:\\Projects\\Proman\\Backend\\node_modules\\express\\lib\\router\\layer.js:95:5)\n    at next (E:\\Projects\\Proman\\Backend\\node_modules\\express\\lib\\router\\route.js:137:13)\n    at Route.dispatch (E:\\Projects\\Proman\\Backend\\node_modules\\express\\lib\\router\\route.js:112:3)\n    at Layer.handle [as handle_request] (E:\\Projects\\Proman\\Backend\\node_modules\\express\\lib\\router\\layer.js:95:5)\n    at E:\\Projects\\Proman\\Backend\\node_modules\\express\\lib\\router\\index.js:281:22\n    at param (E:\\Projects\\Proman\\Backend\\node_modules\\express\\lib\\router\\index.js:354:14)\n    at param (E:\\Projects\\Proman\\Backend\\node_modules\\express\\lib\\router\\index.js:365:14)\n    at Function.process_params (E:\\Projects\\Proman\\Backend\\node_modules\\express\\lib\\router\\index.js:410:3)\n    at next (E:\\Projects\\Proman\\Backend\\node_modules\\express\\lib\\router\\index.js:275:10)\n    at E:\\Projects\\Proman\\Backend\\src\\controllers\\authCtrl.js:128:2\n    at processTicksAndRejections (internal/process/task_queues.js:97:5)"
}

{
  "success": false,
  "statusCode": 401,
  "isOperational": true,
  "request": "GET /api/v1/projects/5f63a247e76a832da4daef9b",
  "domain": "Project Finding",
  "message": "🔥Error🔥: Not Authorized",
  "date": "Fri, 18 Sep 2020 21:59:52 GMT",
  "stack": "Error: Not Authorized\n    at new AppError (E:\\Projects\\Proman\\Backend\\src\\utils\\AppError.js:10:15)\n    at E:\\Projects\\Proman\\Backend\\src\\controllers\\projectCtrl.js:30:15\n    at E:\\Projects\\Proman\\Backend\\src\\utils\\catchAsync.js:3:5\n    at Layer.handle [as handle_request] (E:\\Projects\\Proman\\Backend\\node_modules\\express\\lib\\router\\layer.js:95:5)\n    at next (E:\\Projects\\Proman\\Backend\\node_modules\\express\\lib\\router\\route.js:137:13)\n    at Route.dispatch (E:\\Projects\\Proman\\Backend\\node_modules\\express\\lib\\router\\route.js:112:3)\n    at Layer.handle [as handle_request] (E:\\Projects\\Proman\\Backend\\node_modules\\express\\lib\\router\\layer.js:95:5)\n    at E:\\Projects\\Proman\\Backend\\node_modules\\express\\lib\\router\\index.js:281:22\n    at param (E:\\Projects\\Proman\\Backend\\node_modules\\express\\lib\\router\\index.js:354:14)\n    at param (E:\\Projects\\Proman\\Backend\\node_modules\\express\\lib\\router\\index.js:365:14)\n    at Function.process_params (E:\\Projects\\Proman\\Backend\\node_modules\\express\\lib\\router\\index.js:410:3)\n    at next (E:\\Projects\\Proman\\Backend\\node_modules\\express\\lib\\router\\index.js:275:10)\n    at E:\\Projects\\Proman\\Backend\\src\\controllers\\authCtrl.js:128:2\n    at processTicksAndRejections (internal/process/task_queues.js:97:5)"
}

{
  "success": false,
  "statusCode": 401,
  "isOperational": true,
  "request": "GET /api/v1/projects",
  "domain": "Protection",
  "message": "🔥Error🔥: You aren't looged in, Please log in",
  "date": "Fri, 18 Sep 2020 22:00:20 GMT",
  "stack": "Error: You aren't looged in, Please log in\n    at new AppError (E:\\Projects\\Proman\\Backend\\src\\utils\\AppError.js:10:15)\n    at E:\\Projects\\Proman\\Backend\\src\\controllers\\authCtrl.js:100:4\n    at E:\\Projects\\Proman\\Backend\\src\\utils\\catchAsync.js:3:5\n    at Layer.handle [as handle_request] (E:\\Projects\\Proman\\Backend\\node_modules\\express\\lib\\router\\layer.js:95:5)\n    at trim_prefix (E:\\Projects\\Proman\\Backend\\node_modules\\express\\lib\\router\\index.js:317:13)\n    at E:\\Projects\\Proman\\Backend\\node_modules\\express\\lib\\router\\index.js:284:7\n    at Function.process_params (E:\\Projects\\Proman\\Backend\\node_modules\\express\\lib\\router\\index.js:335:12)\n    at next (E:\\Projects\\Proman\\Backend\\node_modules\\express\\lib\\router\\index.js:275:10)\n    at Function.handle (E:\\Projects\\Proman\\Backend\\node_modules\\express\\lib\\router\\index.js:174:3)\n    at router (E:\\Projects\\Proman\\Backend\\node_modules\\express\\lib\\router\\index.js:47:12)\n    at Layer.handle [as handle_request] (E:\\Projects\\Proman\\Backend\\node_modules\\express\\lib\\router\\layer.js:95:5)\n    at trim_prefix (E:\\Projects\\Proman\\Backend\\node_modules\\express\\lib\\router\\index.js:317:13)\n    at E:\\Projects\\Proman\\Backend\\node_modules\\express\\lib\\router\\index.js:284:7\n    at Function.process_params (E:\\Projects\\Proman\\Backend\\node_modules\\express\\lib\\router\\index.js:335:12)\n    at next (E:\\Projects\\Proman\\Backend\\node_modules\\express\\lib\\router\\index.js:275:10)\n    at cookieParser (E:\\Projects\\Proman\\Backend\\node_modules\\cookie-parser\\index.js:57:14)"
}

{
  "success": false,
  "statusCode": 401,
  "isOperational": true,
  "request": "GET /api/v1/projects",
  "domain": "Protection",
  "message": "🔥Error🔥: You aren't looged in, Please log in",
  "date": "Fri, 18 Sep 2020 22:00:35 GMT",
  "stack": "Error: You aren't looged in, Please log in\n    at new AppError (E:\\Projects\\Proman\\Backend\\src\\utils\\AppError.js:10:15)\n    at E:\\Projects\\Proman\\Backend\\src\\controllers\\authCtrl.js:100:4\n    at E:\\Projects\\Proman\\Backend\\src\\utils\\catchAsync.js:3:5\n    at Layer.handle [as handle_request] (E:\\Projects\\Proman\\Backend\\node_modules\\express\\lib\\router\\layer.js:95:5)\n    at trim_prefix (E:\\Projects\\Proman\\Backend\\node_modules\\express\\lib\\router\\index.js:317:13)\n    at E:\\Projects\\Proman\\Backend\\node_modules\\express\\lib\\router\\index.js:284:7\n    at Function.process_params (E:\\Projects\\Proman\\Backend\\node_modules\\express\\lib\\router\\index.js:335:12)\n    at next (E:\\Projects\\Proman\\Backend\\node_modules\\express\\lib\\router\\index.js:275:10)\n    at Function.handle (E:\\Projects\\Proman\\Backend\\node_modules\\express\\lib\\router\\index.js:174:3)\n    at router (E:\\Projects\\Proman\\Backend\\node_modules\\express\\lib\\router\\index.js:47:12)\n    at Layer.handle [as handle_request] (E:\\Projects\\Proman\\Backend\\node_modules\\express\\lib\\router\\layer.js:95:5)\n    at trim_prefix (E:\\Projects\\Proman\\Backend\\node_modules\\express\\lib\\router\\index.js:317:13)\n    at E:\\Projects\\Proman\\Backend\\node_modules\\express\\lib\\router\\index.js:284:7\n    at Function.process_params (E:\\Projects\\Proman\\Backend\\node_modules\\express\\lib\\router\\index.js:335:12)\n    at next (E:\\Projects\\Proman\\Backend\\node_modules\\express\\lib\\router\\index.js:275:10)\n    at cookieParser (E:\\Projects\\Proman\\Backend\\node_modules\\cookie-parser\\index.js:57:14)"
}

{
  "success": false,
  "statusCode": 401,
  "isOperational": true,
  "request": "POST /api/v1/projects",
  "domain": "Protection",
  "message": "🔥Error🔥: You aren't looged in, Please log in",
  "date": "Fri, 18 Sep 2020 22:00:43 GMT",
  "stack": "Error: You aren't looged in, Please log in\n    at new AppError (E:\\Projects\\Proman\\Backend\\src\\utils\\AppError.js:10:15)\n    at E:\\Projects\\Proman\\Backend\\src\\controllers\\authCtrl.js:100:4\n    at E:\\Projects\\Proman\\Backend\\src\\utils\\catchAsync.js:3:5\n    at Layer.handle [as handle_request] (E:\\Projects\\Proman\\Backend\\node_modules\\express\\lib\\router\\layer.js:95:5)\n    at trim_prefix (E:\\Projects\\Proman\\Backend\\node_modules\\express\\lib\\router\\index.js:317:13)\n    at E:\\Projects\\Proman\\Backend\\node_modules\\express\\lib\\router\\index.js:284:7\n    at Function.process_params (E:\\Projects\\Proman\\Backend\\node_modules\\express\\lib\\router\\index.js:335:12)\n    at next (E:\\Projects\\Proman\\Backend\\node_modules\\express\\lib\\router\\index.js:275:10)\n    at Function.handle (E:\\Projects\\Proman\\Backend\\node_modules\\express\\lib\\router\\index.js:174:3)\n    at router (E:\\Projects\\Proman\\Backend\\node_modules\\express\\lib\\router\\index.js:47:12)\n    at Layer.handle [as handle_request] (E:\\Projects\\Proman\\Backend\\node_modules\\express\\lib\\router\\layer.js:95:5)\n    at trim_prefix (E:\\Projects\\Proman\\Backend\\node_modules\\express\\lib\\router\\index.js:317:13)\n    at E:\\Projects\\Proman\\Backend\\node_modules\\express\\lib\\router\\index.js:284:7\n    at Function.process_params (E:\\Projects\\Proman\\Backend\\node_modules\\express\\lib\\router\\index.js:335:12)\n    at next (E:\\Projects\\Proman\\Backend\\node_modules\\express\\lib\\router\\index.js:275:10)\n    at cookieParser (E:\\Projects\\Proman\\Backend\\node_modules\\cookie-parser\\index.js:57:14)"
}

{
  "success": false,
  "statusCode": 404,
  "isOperational": true,
  "request": "GET /api/v1/projects",
  "domain": "Getting Tasks",
  "message": "🔥Error🔥: No tasks were found",
  "date": "Fri, 18 Sep 2020 22:01:21 GMT",
  "stack": "Error: No tasks were found\n    at new AppError (E:\\Projects\\Proman\\Backend\\src\\utils\\AppError.js:10:15)\n    at E:\\Projects\\Proman\\Backend\\src\\controllers\\projectCtrl.js:18:15\n    at processTicksAndRejections (internal/process/task_queues.js:97:5)"
}

{
  "success": false,
  "statusCode": 404,
  "isOperational": true,
  "request": "GET /api/v1/projects",
  "domain": "Getting Tasks",
  "message": "🔥Error🔥: No tasks were found",
  "date": "Fri, 18 Sep 2020 22:01:27 GMT",
  "stack": "Error: No tasks were found\n    at new AppError (E:\\Projects\\Proman\\Backend\\src\\utils\\AppError.js:10:15)\n    at E:\\Projects\\Proman\\Backend\\src\\controllers\\projectCtrl.js:18:15\n    at processTicksAndRejections (internal/process/task_queues.js:97:5)"
}

{
  "success": false,
  "statusCode": 404,
  "isOperational": true,
  "request": "GET /api/v1/projects",
  "domain": "Getting Tasks",
  "message": "🔥Error🔥: No tasks were found",
  "date": "Fri, 18 Sep 2020 22:01:36 GMT",
  "stack": "Error: No tasks were found\n    at new AppError (E:\\Projects\\Proman\\Backend\\src\\utils\\AppError.js:10:15)\n    at E:\\Projects\\Proman\\Backend\\src\\controllers\\projectCtrl.js:18:15\n    at processTicksAndRejections (internal/process/task_queues.js:97:5)"
}

{
  "success": false,
  "statusCode": 401,
  "isOperational": true,
  "request": "GET /api/v1/projects/5f63a247e76a832da4daef9b",
  "domain": "Project Finding",
  "message": "🔥Error🔥: Not Authorized",
  "date": "Fri, 18 Sep 2020 22:02:06 GMT",
  "stack": "Error: Not Authorized\n    at new AppError (E:\\Projects\\Proman\\Backend\\src\\utils\\AppError.js:10:15)\n    at E:\\Projects\\Proman\\Backend\\src\\controllers\\projectCtrl.js:30:15\n    at E:\\Projects\\Proman\\Backend\\src\\utils\\catchAsync.js:3:5\n    at Layer.handle [as handle_request] (E:\\Projects\\Proman\\Backend\\node_modules\\express\\lib\\router\\layer.js:95:5)\n    at next (E:\\Projects\\Proman\\Backend\\node_modules\\express\\lib\\router\\route.js:137:13)\n    at Route.dispatch (E:\\Projects\\Proman\\Backend\\node_modules\\express\\lib\\router\\route.js:112:3)\n    at Layer.handle [as handle_request] (E:\\Projects\\Proman\\Backend\\node_modules\\express\\lib\\router\\layer.js:95:5)\n    at E:\\Projects\\Proman\\Backend\\node_modules\\express\\lib\\router\\index.js:281:22\n    at param (E:\\Projects\\Proman\\Backend\\node_modules\\express\\lib\\router\\index.js:354:14)\n    at param (E:\\Projects\\Proman\\Backend\\node_modules\\express\\lib\\router\\index.js:365:14)\n    at Function.process_params (E:\\Projects\\Proman\\Backend\\node_modules\\express\\lib\\router\\index.js:410:3)\n    at next (E:\\Projects\\Proman\\Backend\\node_modules\\express\\lib\\router\\index.js:275:10)\n    at E:\\Projects\\Proman\\Backend\\src\\controllers\\authCtrl.js:128:2\n    at processTicksAndRejections (internal/process/task_queues.js:97:5)"
}

{
  "success": false,
  "statusCode": 401,
  "isOperational": true,
  "request": "GET /api/v1/projects/5f63a247e76a832da4daef9b",
  "domain": "Project Finding",
  "message": "🔥Error🔥: Not Authorized",
  "date": "Fri, 18 Sep 2020 22:09:09 GMT",
  "stack": "Error: Not Authorized\n    at new AppError (E:\\Projects\\Proman\\Backend\\src\\utils\\AppError.js:10:15)\n    at E:\\Projects\\Proman\\Backend\\src\\controllers\\projectCtrl.js:30:15\n    at E:\\Projects\\Proman\\Backend\\src\\utils\\catchAsync.js:3:5\n    at Layer.handle [as handle_request] (E:\\Projects\\Proman\\Backend\\node_modules\\express\\lib\\router\\layer.js:95:5)\n    at next (E:\\Projects\\Proman\\Backend\\node_modules\\express\\lib\\router\\route.js:137:13)\n    at Route.dispatch (E:\\Projects\\Proman\\Backend\\node_modules\\express\\lib\\router\\route.js:112:3)\n    at Layer.handle [as handle_request] (E:\\Projects\\Proman\\Backend\\node_modules\\express\\lib\\router\\layer.js:95:5)\n    at E:\\Projects\\Proman\\Backend\\node_modules\\express\\lib\\router\\index.js:281:22\n    at param (E:\\Projects\\Proman\\Backend\\node_modules\\express\\lib\\router\\index.js:354:14)\n    at param (E:\\Projects\\Proman\\Backend\\node_modules\\express\\lib\\router\\index.js:365:14)\n    at Function.process_params (E:\\Projects\\Proman\\Backend\\node_modules\\express\\lib\\router\\index.js:410:3)\n    at next (E:\\Projects\\Proman\\Backend\\node_modules\\express\\lib\\router\\index.js:275:10)\n    at E:\\Projects\\Proman\\Backend\\src\\controllers\\authCtrl.js:128:2\n    at processTicksAndRejections (internal/process/task_queues.js:97:5)"
}

{
  "success": false,
  "statusCode": 401,
  "isOperational": true,
  "request": "GET /api/v1/projects/5f63a247e76a832da4daef9b",
  "domain": "Project Finding",
  "message": "🔥Error🔥: Not Authorized",
  "date": "Fri, 18 Sep 2020 22:10:46 GMT",
  "stack": "Error: Not Authorized\n    at new AppError (E:\\Projects\\Proman\\Backend\\src\\utils\\AppError.js:10:15)\n    at E:\\Projects\\Proman\\Backend\\src\\controllers\\projectCtrl.js:30:15\n    at E:\\Projects\\Proman\\Backend\\src\\utils\\catchAsync.js:3:5\n    at Layer.handle [as handle_request] (E:\\Projects\\Proman\\Backend\\node_modules\\express\\lib\\router\\layer.js:95:5)\n    at next (E:\\Projects\\Proman\\Backend\\node_modules\\express\\lib\\router\\route.js:137:13)\n    at Route.dispatch (E:\\Projects\\Proman\\Backend\\node_modules\\express\\lib\\router\\route.js:112:3)\n    at Layer.handle [as handle_request] (E:\\Projects\\Proman\\Backend\\node_modules\\express\\lib\\router\\layer.js:95:5)\n    at E:\\Projects\\Proman\\Backend\\node_modules\\express\\lib\\router\\index.js:281:22\n    at param (E:\\Projects\\Proman\\Backend\\node_modules\\express\\lib\\router\\index.js:354:14)\n    at param (E:\\Projects\\Proman\\Backend\\node_modules\\express\\lib\\router\\index.js:365:14)\n    at Function.process_params (E:\\Projects\\Proman\\Backend\\node_modules\\express\\lib\\router\\index.js:410:3)\n    at next (E:\\Projects\\Proman\\Backend\\node_modules\\express\\lib\\router\\index.js:275:10)\n    at E:\\Projects\\Proman\\Backend\\src\\controllers\\authCtrl.js:128:2\n    at processTicksAndRejections (internal/process/task_queues.js:97:5)"
}

{
  "success": false,
  "statusCode": 401,
  "isOperational": true,
  "request": "GET /api/v1/projects/5f63a247e76a832da4daef9b",
  "domain": "Project Finding",
  "message": "🔥Error🔥: Not Authorized",
  "date": "Fri, 18 Sep 2020 22:10:54 GMT",
  "stack": "Error: Not Authorized\n    at new AppError (E:\\Projects\\Proman\\Backend\\src\\utils\\AppError.js:10:15)\n    at E:\\Projects\\Proman\\Backend\\src\\controllers\\projectCtrl.js:30:15\n    at E:\\Projects\\Proman\\Backend\\src\\utils\\catchAsync.js:3:5\n    at Layer.handle [as handle_request] (E:\\Projects\\Proman\\Backend\\node_modules\\express\\lib\\router\\layer.js:95:5)\n    at next (E:\\Projects\\Proman\\Backend\\node_modules\\express\\lib\\router\\route.js:137:13)\n    at Route.dispatch (E:\\Projects\\Proman\\Backend\\node_modules\\express\\lib\\router\\route.js:112:3)\n    at Layer.handle [as handle_request] (E:\\Projects\\Proman\\Backend\\node_modules\\express\\lib\\router\\layer.js:95:5)\n    at E:\\Projects\\Proman\\Backend\\node_modules\\express\\lib\\router\\index.js:281:22\n    at param (E:\\Projects\\Proman\\Backend\\node_modules\\express\\lib\\router\\index.js:354:14)\n    at param (E:\\Projects\\Proman\\Backend\\node_modules\\express\\lib\\router\\index.js:365:14)\n    at Function.process_params (E:\\Projects\\Proman\\Backend\\node_modules\\express\\lib\\router\\index.js:410:3)\n    at next (E:\\Projects\\Proman\\Backend\\node_modules\\express\\lib\\router\\index.js:275:10)\n    at E:\\Projects\\Proman\\Backend\\src\\controllers\\authCtrl.js:128:2\n    at processTicksAndRejections (internal/process/task_queues.js:97:5)"
}

{
  "success": false,
  "statusCode": 401,
  "isOperational": true,
  "request": "GET /api/v1/projects/5f63a247e76a832da4daef9b",
  "domain": "Project Finding",
  "message": "🔥Error🔥: Not Authorized",
  "date": "Fri, 18 Sep 2020 22:11:11 GMT",
  "stack": "Error: Not Authorized\n    at new AppError (E:\\Projects\\Proman\\Backend\\src\\utils\\AppError.js:10:15)\n    at E:\\Projects\\Proman\\Backend\\src\\controllers\\projectCtrl.js:30:15\n    at E:\\Projects\\Proman\\Backend\\src\\utils\\catchAsync.js:3:5\n    at Layer.handle [as handle_request] (E:\\Projects\\Proman\\Backend\\node_modules\\express\\lib\\router\\layer.js:95:5)\n    at next (E:\\Projects\\Proman\\Backend\\node_modules\\express\\lib\\router\\route.js:137:13)\n    at Route.dispatch (E:\\Projects\\Proman\\Backend\\node_modules\\express\\lib\\router\\route.js:112:3)\n    at Layer.handle [as handle_request] (E:\\Projects\\Proman\\Backend\\node_modules\\express\\lib\\router\\layer.js:95:5)\n    at E:\\Projects\\Proman\\Backend\\node_modules\\express\\lib\\router\\index.js:281:22\n    at param (E:\\Projects\\Proman\\Backend\\node_modules\\express\\lib\\router\\index.js:354:14)\n    at param (E:\\Projects\\Proman\\Backend\\node_modules\\express\\lib\\router\\index.js:365:14)\n    at Function.process_params (E:\\Projects\\Proman\\Backend\\node_modules\\express\\lib\\router\\index.js:410:3)\n    at next (E:\\Projects\\Proman\\Backend\\node_modules\\express\\lib\\router\\index.js:275:10)\n    at E:\\Projects\\Proman\\Backend\\src\\controllers\\authCtrl.js:128:2\n    at processTicksAndRejections (internal/process/task_queues.js:97:5)"
}

{
  "success": false,
  "statusCode": 401,
  "isOperational": true,
  "request": "GET /api/v1/projects/5f63a247e76a832da4daef9b",
  "domain": "Project Finding",
  "message": "🔥Error🔥: Not Authorized",
  "date": "Fri, 18 Sep 2020 22:11:12 GMT",
  "stack": "Error: Not Authorized\n    at new AppError (E:\\Projects\\Proman\\Backend\\src\\utils\\AppError.js:10:15)\n    at E:\\Projects\\Proman\\Backend\\src\\controllers\\projectCtrl.js:30:15\n    at E:\\Projects\\Proman\\Backend\\src\\utils\\catchAsync.js:3:5\n    at Layer.handle [as handle_request] (E:\\Projects\\Proman\\Backend\\node_modules\\express\\lib\\router\\layer.js:95:5)\n    at next (E:\\Projects\\Proman\\Backend\\node_modules\\express\\lib\\router\\route.js:137:13)\n    at Route.dispatch (E:\\Projects\\Proman\\Backend\\node_modules\\express\\lib\\router\\route.js:112:3)\n    at Layer.handle [as handle_request] (E:\\Projects\\Proman\\Backend\\node_modules\\express\\lib\\router\\layer.js:95:5)\n    at E:\\Projects\\Proman\\Backend\\node_modules\\express\\lib\\router\\index.js:281:22\n    at param (E:\\Projects\\Proman\\Backend\\node_modules\\express\\lib\\router\\index.js:354:14)\n    at param (E:\\Projects\\Proman\\Backend\\node_modules\\express\\lib\\router\\index.js:365:14)\n    at Function.process_params (E:\\Projects\\Proman\\Backend\\node_modules\\express\\lib\\router\\index.js:410:3)\n    at next (E:\\Projects\\Proman\\Backend\\node_modules\\express\\lib\\router\\index.js:275:10)\n    at E:\\Projects\\Proman\\Backend\\src\\controllers\\authCtrl.js:128:2\n    at runMicrotasks (<anonymous>)\n    at processTicksAndRejections (internal/process/task_queues.js:97:5)"
}

{
  "success": false,
  "statusCode": 401,
  "isOperational": true,
  "request": "GET /api/v1/projects/5f63a247e76a832da4daef9b",
  "domain": "Project Finding",
  "message": "🔥Error🔥: Not Authorized",
  "date": "Fri, 18 Sep 2020 22:11:17 GMT",
  "stack": "Error: Not Authorized\n    at new AppError (E:\\Projects\\Proman\\Backend\\src\\utils\\AppError.js:10:15)\n    at E:\\Projects\\Proman\\Backend\\src\\controllers\\projectCtrl.js:30:15\n    at E:\\Projects\\Proman\\Backend\\src\\utils\\catchAsync.js:3:5\n    at Layer.handle [as handle_request] (E:\\Projects\\Proman\\Backend\\node_modules\\express\\lib\\router\\layer.js:95:5)\n    at next (E:\\Projects\\Proman\\Backend\\node_modules\\express\\lib\\router\\route.js:137:13)\n    at Route.dispatch (E:\\Projects\\Proman\\Backend\\node_modules\\express\\lib\\router\\route.js:112:3)\n    at Layer.handle [as handle_request] (E:\\Projects\\Proman\\Backend\\node_modules\\express\\lib\\router\\layer.js:95:5)\n    at E:\\Projects\\Proman\\Backend\\node_modules\\express\\lib\\router\\index.js:281:22\n    at param (E:\\Projects\\Proman\\Backend\\node_modules\\express\\lib\\router\\index.js:354:14)\n    at param (E:\\Projects\\Proman\\Backend\\node_modules\\express\\lib\\router\\index.js:365:14)\n    at Function.process_params (E:\\Projects\\Proman\\Backend\\node_modules\\express\\lib\\router\\index.js:410:3)\n    at next (E:\\Projects\\Proman\\Backend\\node_modules\\express\\lib\\router\\index.js:275:10)\n    at E:\\Projects\\Proman\\Backend\\src\\controllers\\authCtrl.js:128:2\n    at runMicrotasks (<anonymous>)\n    at processTicksAndRejections (internal/process/task_queues.js:97:5)"
}

{
  "success": false,
  "statusCode": 401,
  "isOperational": true,
  "request": "GET /api/v1/projects/5f63a247e76a832da4daef9b",
  "domain": "Project Finding",
  "message": "🔥Error🔥: Not Authorized",
  "date": "Fri, 18 Sep 2020 22:11:28 GMT",
  "stack": "Error: Not Authorized\n    at new AppError (E:\\Projects\\Proman\\Backend\\src\\utils\\AppError.js:10:15)\n    at E:\\Projects\\Proman\\Backend\\src\\controllers\\projectCtrl.js:30:15\n    at E:\\Projects\\Proman\\Backend\\src\\utils\\catchAsync.js:3:5\n    at Layer.handle [as handle_request] (E:\\Projects\\Proman\\Backend\\node_modules\\express\\lib\\router\\layer.js:95:5)\n    at next (E:\\Projects\\Proman\\Backend\\node_modules\\express\\lib\\router\\route.js:137:13)\n    at Route.dispatch (E:\\Projects\\Proman\\Backend\\node_modules\\express\\lib\\router\\route.js:112:3)\n    at Layer.handle [as handle_request] (E:\\Projects\\Proman\\Backend\\node_modules\\express\\lib\\router\\layer.js:95:5)\n    at E:\\Projects\\Proman\\Backend\\node_modules\\express\\lib\\router\\index.js:281:22\n    at param (E:\\Projects\\Proman\\Backend\\node_modules\\express\\lib\\router\\index.js:354:14)\n    at param (E:\\Projects\\Proman\\Backend\\node_modules\\express\\lib\\router\\index.js:365:14)\n    at Function.process_params (E:\\Projects\\Proman\\Backend\\node_modules\\express\\lib\\router\\index.js:410:3)\n    at next (E:\\Projects\\Proman\\Backend\\node_modules\\express\\lib\\router\\index.js:275:10)\n    at E:\\Projects\\Proman\\Backend\\src\\controllers\\authCtrl.js:128:2\n    at runMicrotasks (<anonymous>)\n    at processTicksAndRejections (internal/process/task_queues.js:97:5)"
}

{
  "success": false,
  "statusCode": 401,
  "isOperational": true,
  "request": "GET /api/v1/projects/5f63a247e76a832da4daef9b",
  "domain": "Project Finding",
  "message": "🔥Error🔥: Not Authorized",
  "date": "Fri, 18 Sep 2020 22:11:34 GMT",
  "stack": "Error: Not Authorized\n    at new AppError (E:\\Projects\\Proman\\Backend\\src\\utils\\AppError.js:10:15)\n    at E:\\Projects\\Proman\\Backend\\src\\controllers\\projectCtrl.js:30:15\n    at E:\\Projects\\Proman\\Backend\\src\\utils\\catchAsync.js:3:5\n    at Layer.handle [as handle_request] (E:\\Projects\\Proman\\Backend\\node_modules\\express\\lib\\router\\layer.js:95:5)\n    at next (E:\\Projects\\Proman\\Backend\\node_modules\\express\\lib\\router\\route.js:137:13)\n    at Route.dispatch (E:\\Projects\\Proman\\Backend\\node_modules\\express\\lib\\router\\route.js:112:3)\n    at Layer.handle [as handle_request] (E:\\Projects\\Proman\\Backend\\node_modules\\express\\lib\\router\\layer.js:95:5)\n    at E:\\Projects\\Proman\\Backend\\node_modules\\express\\lib\\router\\index.js:281:22\n    at param (E:\\Projects\\Proman\\Backend\\node_modules\\express\\lib\\router\\index.js:354:14)\n    at param (E:\\Projects\\Proman\\Backend\\node_modules\\express\\lib\\router\\index.js:365:14)\n    at Function.process_params (E:\\Projects\\Proman\\Backend\\node_modules\\express\\lib\\router\\index.js:410:3)\n    at next (E:\\Projects\\Proman\\Backend\\node_modules\\express\\lib\\router\\index.js:275:10)\n    at E:\\Projects\\Proman\\Backend\\src\\controllers\\authCtrl.js:128:2\n    at runMicrotasks (<anonymous>)\n    at processTicksAndRejections (internal/process/task_queues.js:97:5)"
}

{
  "success": false,
  "statusCode": 401,
  "isOperational": true,
  "request": "GET /api/v1/projects/5f63a247e76a832da4daef9b",
  "domain": "Project Finding",
  "message": "🔥Error🔥: Not Authorized",
  "date": "Fri, 18 Sep 2020 22:11:41 GMT",
  "stack": "Error: Not Authorized\n    at new AppError (E:\\Projects\\Proman\\Backend\\src\\utils\\AppError.js:10:15)\n    at E:\\Projects\\Proman\\Backend\\src\\controllers\\projectCtrl.js:30:15\n    at E:\\Projects\\Proman\\Backend\\src\\utils\\catchAsync.js:3:5\n    at Layer.handle [as handle_request] (E:\\Projects\\Proman\\Backend\\node_modules\\express\\lib\\router\\layer.js:95:5)\n    at next (E:\\Projects\\Proman\\Backend\\node_modules\\express\\lib\\router\\route.js:137:13)\n    at Route.dispatch (E:\\Projects\\Proman\\Backend\\node_modules\\express\\lib\\router\\route.js:112:3)\n    at Layer.handle [as handle_request] (E:\\Projects\\Proman\\Backend\\node_modules\\express\\lib\\router\\layer.js:95:5)\n    at E:\\Projects\\Proman\\Backend\\node_modules\\express\\lib\\router\\index.js:281:22\n    at param (E:\\Projects\\Proman\\Backend\\node_modules\\express\\lib\\router\\index.js:354:14)\n    at param (E:\\Projects\\Proman\\Backend\\node_modules\\express\\lib\\router\\index.js:365:14)\n    at Function.process_params (E:\\Projects\\Proman\\Backend\\node_modules\\express\\lib\\router\\index.js:410:3)\n    at next (E:\\Projects\\Proman\\Backend\\node_modules\\express\\lib\\router\\index.js:275:10)\n    at E:\\Projects\\Proman\\Backend\\src\\controllers\\authCtrl.js:128:2\n    at runMicrotasks (<anonymous>)\n    at processTicksAndRejections (internal/process/task_queues.js:97:5)"
}

{
  "success": false,
  "statusCode": 401,
  "isOperational": true,
  "request": "GET /api/v1/projects/5f63a247e76a832da4daef9b",
  "domain": "Project Finding",
  "message": "🔥Error🔥: Not Authorized",
  "date": "Fri, 18 Sep 2020 22:13:32 GMT",
  "stack": "Error: Not Authorized\n    at new AppError (E:\\Projects\\Proman\\Backend\\src\\utils\\AppError.js:10:15)\n    at E:\\Projects\\Proman\\Backend\\src\\controllers\\projectCtrl.js:30:15\n    at E:\\Projects\\Proman\\Backend\\src\\utils\\catchAsync.js:3:5\n    at Layer.handle [as handle_request] (E:\\Projects\\Proman\\Backend\\node_modules\\express\\lib\\router\\layer.js:95:5)\n    at next (E:\\Projects\\Proman\\Backend\\node_modules\\express\\lib\\router\\route.js:137:13)\n    at Route.dispatch (E:\\Projects\\Proman\\Backend\\node_modules\\express\\lib\\router\\route.js:112:3)\n    at Layer.handle [as handle_request] (E:\\Projects\\Proman\\Backend\\node_modules\\express\\lib\\router\\layer.js:95:5)\n    at E:\\Projects\\Proman\\Backend\\node_modules\\express\\lib\\router\\index.js:281:22\n    at param (E:\\Projects\\Proman\\Backend\\node_modules\\express\\lib\\router\\index.js:354:14)\n    at param (E:\\Projects\\Proman\\Backend\\node_modules\\express\\lib\\router\\index.js:365:14)\n    at Function.process_params (E:\\Projects\\Proman\\Backend\\node_modules\\express\\lib\\router\\index.js:410:3)\n    at next (E:\\Projects\\Proman\\Backend\\node_modules\\express\\lib\\router\\index.js:275:10)\n    at E:\\Projects\\Proman\\Backend\\src\\controllers\\authCtrl.js:128:2\n    at runMicrotasks (<anonymous>)\n    at processTicksAndRejections (internal/process/task_queues.js:97:5)"
}

{
  "success": false,
  "statusCode": 401,
  "isOperational": true,
  "request": "POST /api/v1/users/login",
  "domain": "Login",
  "message": "🔥Error🔥: Invalid data",
  "date": "Fri, 18 Sep 2020 22:25:26 GMT",
  "stack": "Error: Invalid data\n    at new AppError (E:\\Projects\\Proman\\Backend\\src\\utils\\AppError.js:10:15)\n    at E:\\Projects\\Proman\\Backend\\src\\controllers\\authCtrl.js:66:15\n    at runMicrotasks (<anonymous>)\n    at processTicksAndRejections (internal/process/task_queues.js:97:5)"
}

