Mongodb Connection Error
MongoNetworkError: failed to connect to server [127.0.0.1:27017] on first connect [Error: read ECONNRESET
    at TCP.onStreamRead (internal/stream_base_commons.js:205:27) {
  name: 'MongoNetworkError'
}]

{
  "success": false,
  "statusCode": 401,
  "isOperational": true,
  "request": "POST /api/v1/users/login",
  "domain": "Login",
  "message": "🔥Error🔥: Invalid data",
  "date": "Mon, 21 Sep 2020 13:23:03 GMT",
  "stack": "Error: Invalid data\n    at new AppError (E:\\Projects\\Proman\\Backend\\src\\utils\\AppError.js:10:15)\n    at E:\\Projects\\Proman\\Backend\\src\\controllers\\authCtrl.js:65:15\n    at processTicksAndRejections (internal/process/task_queues.js:97:5)"
}

{
  "success": false,
  "statusCode": 401,
  "isOperational": true,
  "request": "POST /api/v1/users/login",
  "domain": "Login",
  "message": "🔥Error🔥: Invalid data",
  "date": "Mon, 21 Sep 2020 13:25:30 GMT",
  "stack": "Error: Invalid data\n    at new AppError (E:\\Projects\\Proman\\Backend\\src\\utils\\AppError.js:10:15)\n    at E:\\Projects\\Proman\\Backend\\src\\controllers\\authCtrl.js:65:15\n    at processTicksAndRejections (internal/process/task_queues.js:97:5)"
}

Mongodb Connection Error
MongoNetworkError: failed to connect to server [127.0.0.1:27017] on first connect [Error: connect ECONNREFUSED 127.0.0.1:27017
    at TCPConnectWrap.afterConnect [as oncomplete] (net.js:1141:16) {
  name: 'MongoNetworkError'
}]

