{
  "statusCode": 500,
  "isOperational": false,
  "request": "GET /api/v1/projects",
  "message": "🔥Error🔥: invalid signature",
  "date": "Mon, 21 Sep 2020 16:29:00 GMT",
  "stack": "JsonWebTokenError: invalid signature\n    at E:\\Projects\\Proman\\Backend\\node_modules\\jsonwebtoken\\verify.js:133:19\n    at getSecret (E:\\Projects\\Proman\\Backend\\node_modules\\jsonwebtoken\\verify.js:90:14)\n    at Object.module.exports [as verify] (E:\\Projects\\Proman\\Backend\\node_modules\\jsonwebtoken\\verify.js:94:10)\n    at E:\\Projects\\Proman\\Backend\\src\\controllers\\authCtrl.js:104:22\n    at E:\\Projects\\Proman\\Backend\\src\\utils\\catchAsync.js:3:5\n    at Layer.handle [as handle_request] (E:\\Projects\\Proman\\Backend\\node_modules\\express\\lib\\router\\layer.js:95:5)\n    at trim_prefix (E:\\Projects\\Proman\\Backend\\node_modules\\express\\lib\\router\\index.js:317:13)\n    at E:\\Projects\\Proman\\Backend\\node_modules\\express\\lib\\router\\index.js:284:7\n    at Function.process_params (E:\\Projects\\Proman\\Backend\\node_modules\\express\\lib\\router\\index.js:335:12)\n    at next (E:\\Projects\\Proman\\Backend\\node_modules\\express\\lib\\router\\index.js:275:10)\n    at Function.handle (E:\\Projects\\Proman\\Backend\\node_modules\\express\\lib\\router\\index.js:174:3)\n    at router (E:\\Projects\\Proman\\Backend\\node_modules\\express\\lib\\router\\index.js:47:12)\n    at Layer.handle [as handle_request] (E:\\Projects\\Proman\\Backend\\node_modules\\express\\lib\\router\\layer.js:95:5)\n    at trim_prefix (E:\\Projects\\Proman\\Backend\\node_modules\\express\\lib\\router\\index.js:317:13)\n    at E:\\Projects\\Proman\\Backend\\node_modules\\express\\lib\\router\\index.js:284:7\n    at Function.process_params (E:\\Projects\\Proman\\Backend\\node_modules\\express\\lib\\router\\index.js:335:12)"
}

{
  "statusCode": 500,
  "isOperational": false,
  "request": "GET /api/v1/projects",
  "message": "🔥Error🔥: invalid signature",
  "date": "Mon, 21 Sep 2020 16:30:00 GMT",
  "stack": "JsonWebTokenError: invalid signature\n    at E:\\Projects\\Proman\\Backend\\node_modules\\jsonwebtoken\\verify.js:133:19\n    at getSecret (E:\\Projects\\Proman\\Backend\\node_modules\\jsonwebtoken\\verify.js:90:14)\n    at Object.module.exports [as verify] (E:\\Projects\\Proman\\Backend\\node_modules\\jsonwebtoken\\verify.js:94:10)\n    at E:\\Projects\\Proman\\Backend\\src\\controllers\\authCtrl.js:104:22\n    at E:\\Projects\\Proman\\Backend\\src\\utils\\catchAsync.js:3:5\n    at Layer.handle [as handle_request] (E:\\Projects\\Proman\\Backend\\node_modules\\express\\lib\\router\\layer.js:95:5)\n    at trim_prefix (E:\\Projects\\Proman\\Backend\\node_modules\\express\\lib\\router\\index.js:317:13)\n    at E:\\Projects\\Proman\\Backend\\node_modules\\express\\lib\\router\\index.js:284:7\n    at Function.process_params (E:\\Projects\\Proman\\Backend\\node_modules\\express\\lib\\router\\index.js:335:12)\n    at next (E:\\Projects\\Proman\\Backend\\node_modules\\express\\lib\\router\\index.js:275:10)\n    at Function.handle (E:\\Projects\\Proman\\Backend\\node_modules\\express\\lib\\router\\index.js:174:3)\n    at router (E:\\Projects\\Proman\\Backend\\node_modules\\express\\lib\\router\\index.js:47:12)\n    at Layer.handle [as handle_request] (E:\\Projects\\Proman\\Backend\\node_modules\\express\\lib\\router\\layer.js:95:5)\n    at trim_prefix (E:\\Projects\\Proman\\Backend\\node_modules\\express\\lib\\router\\index.js:317:13)\n    at E:\\Projects\\Proman\\Backend\\node_modules\\express\\lib\\router\\index.js:284:7\n    at Function.process_params (E:\\Projects\\Proman\\Backend\\node_modules\\express\\lib\\router\\index.js:335:12)"
}

{
  "statusCode": 500,
  "isOperational": false,
  "request": "GET /api/v1/projects",
  "message": "🔥Error🔥: invalid signature",
  "date": "Mon, 21 Sep 2020 16:31:26 GMT",
  "stack": "JsonWebTokenError: invalid signature\n    at E:\\Projects\\Proman\\Backend\\node_modules\\jsonwebtoken\\verify.js:133:19\n    at getSecret (E:\\Projects\\Proman\\Backend\\node_modules\\jsonwebtoken\\verify.js:90:14)\n    at Object.module.exports [as verify] (E:\\Projects\\Proman\\Backend\\node_modules\\jsonwebtoken\\verify.js:94:10)\n    at E:\\Projects\\Proman\\Backend\\src\\controllers\\authCtrl.js:104:22\n    at E:\\Projects\\Proman\\Backend\\src\\utils\\catchAsync.js:3:5\n    at Layer.handle [as handle_request] (E:\\Projects\\Proman\\Backend\\node_modules\\express\\lib\\router\\layer.js:95:5)\n    at trim_prefix (E:\\Projects\\Proman\\Backend\\node_modules\\express\\lib\\router\\index.js:317:13)\n    at E:\\Projects\\Proman\\Backend\\node_modules\\express\\lib\\router\\index.js:284:7\n    at Function.process_params (E:\\Projects\\Proman\\Backend\\node_modules\\express\\lib\\router\\index.js:335:12)\n    at next (E:\\Projects\\Proman\\Backend\\node_modules\\express\\lib\\router\\index.js:275:10)\n    at Function.handle (E:\\Projects\\Proman\\Backend\\node_modules\\express\\lib\\router\\index.js:174:3)\n    at router (E:\\Projects\\Proman\\Backend\\node_modules\\express\\lib\\router\\index.js:47:12)\n    at Layer.handle [as handle_request] (E:\\Projects\\Proman\\Backend\\node_modules\\express\\lib\\router\\layer.js:95:5)\n    at trim_prefix (E:\\Projects\\Proman\\Backend\\node_modules\\express\\lib\\router\\index.js:317:13)\n    at E:\\Projects\\Proman\\Backend\\node_modules\\express\\lib\\router\\index.js:284:7\n    at Function.process_params (E:\\Projects\\Proman\\Backend\\node_modules\\express\\lib\\router\\index.js:335:12)"
}

Mongodb Connection Error
MongoNetworkError: failed to connect to server [127.0.0.1:27017] on first connect [Error: connect ECONNREFUSED 127.0.0.1:27017
    at TCPConnectWrap.afterConnect [as oncomplete] (net.js:1141:16) {
  name: 'MongoNetworkError'
}]

