{
  "success": false,
  "statusCode": 400,
  "isOperational": true,
  "request": "GET /api/v1/tasks/undefined",
  "domain": "Task find",
  "message": "🔥Error🔥: Task id is not valid",
  "date": "Fri, 11 Sep 2020 13:52:39 GMT",
  "stack": "Error: Task id is not valid\n    at new AppError (E:\\Projects\\Proman\\Backend\\src\\utils\\AppError.js:10:15)\n    at E:\\Projects\\Proman\\Backend\\src\\controllers\\taskCtrl.js:80:15\n    at E:\\Projects\\Proman\\Backend\\src\\utils\\catchAsync.js:3:5\n    at Layer.handle [as handle_request] (E:\\Projects\\Proman\\Backend\\node_modules\\express\\lib\\router\\layer.js:95:5)\n    at next (E:\\Projects\\Proman\\Backend\\node_modules\\express\\lib\\router\\route.js:137:13)\n    at Route.dispatch (E:\\Projects\\Proman\\Backend\\node_modules\\express\\lib\\router\\route.js:112:3)\n    at Layer.handle [as handle_request] (E:\\Projects\\Proman\\Backend\\node_modules\\express\\lib\\router\\layer.js:95:5)\n    at E:\\Projects\\Proman\\Backend\\node_modules\\express\\lib\\router\\index.js:281:22\n    at param (E:\\Projects\\Proman\\Backend\\node_modules\\express\\lib\\router\\index.js:354:14)\n    at param (E:\\Projects\\Proman\\Backend\\node_modules\\express\\lib\\router\\index.js:365:14)\n    at Function.process_params (E:\\Projects\\Proman\\Backend\\node_modules\\express\\lib\\router\\index.js:410:3)\n    at next (E:\\Projects\\Proman\\Backend\\node_modules\\express\\lib\\router\\index.js:275:10)\n    at Function.handle (E:\\Projects\\Proman\\Backend\\node_modules\\express\\lib\\router\\index.js:174:3)\n    at router (E:\\Projects\\Proman\\Backend\\node_modules\\express\\lib\\router\\index.js:47:12)\n    at Layer.handle [as handle_request] (E:\\Projects\\Proman\\Backend\\node_modules\\express\\lib\\router\\layer.js:95:5)\n    at trim_prefix (E:\\Projects\\Proman\\Backend\\node_modules\\express\\lib\\router\\index.js:317:13)"
}

{
  "success": false,
  "statusCode": 400,
  "isOperational": true,
  "request": "GET /api/v1/tasks/undefined",
  "domain": "Task find",
  "message": "🔥Error🔥: Task id is not valid",
  "date": "Fri, 11 Sep 2020 13:52:50 GMT",
  "stack": "Error: Task id is not valid\n    at new AppError (E:\\Projects\\Proman\\Backend\\src\\utils\\AppError.js:10:15)\n    at E:\\Projects\\Proman\\Backend\\src\\controllers\\taskCtrl.js:80:15\n    at E:\\Projects\\Proman\\Backend\\src\\utils\\catchAsync.js:3:5\n    at Layer.handle [as handle_request] (E:\\Projects\\Proman\\Backend\\node_modules\\express\\lib\\router\\layer.js:95:5)\n    at next (E:\\Projects\\Proman\\Backend\\node_modules\\express\\lib\\router\\route.js:137:13)\n    at Route.dispatch (E:\\Projects\\Proman\\Backend\\node_modules\\express\\lib\\router\\route.js:112:3)\n    at Layer.handle [as handle_request] (E:\\Projects\\Proman\\Backend\\node_modules\\express\\lib\\router\\layer.js:95:5)\n    at E:\\Projects\\Proman\\Backend\\node_modules\\express\\lib\\router\\index.js:281:22\n    at param (E:\\Projects\\Proman\\Backend\\node_modules\\express\\lib\\router\\index.js:354:14)\n    at param (E:\\Projects\\Proman\\Backend\\node_modules\\express\\lib\\router\\index.js:365:14)\n    at Function.process_params (E:\\Projects\\Proman\\Backend\\node_modules\\express\\lib\\router\\index.js:410:3)\n    at next (E:\\Projects\\Proman\\Backend\\node_modules\\express\\lib\\router\\index.js:275:10)\n    at Function.handle (E:\\Projects\\Proman\\Backend\\node_modules\\express\\lib\\router\\index.js:174:3)\n    at router (E:\\Projects\\Proman\\Backend\\node_modules\\express\\lib\\router\\index.js:47:12)\n    at Layer.handle [as handle_request] (E:\\Projects\\Proman\\Backend\\node_modules\\express\\lib\\router\\layer.js:95:5)\n    at trim_prefix (E:\\Projects\\Proman\\Backend\\node_modules\\express\\lib\\router\\index.js:317:13)"
}

