{
  "success": false,
  "statusCode": 404,
  "isOperational": true,
  "request": "POST /create",
  "domain": "Getting /create",
  "message": "🔥Error🔥: Page Not found",
  "date": "Mon, 07 Sep 2020 14:12:33 GMT",
  "stack": "Error: Page Not found\n    at new AppError (E:\\Projects\\Proman\\Backend\\src\\utils\\AppError.js:10:15)\n    at E:\\Projects\\Proman\\Backend\\app.js:59:10\n    at Layer.handle [as handle_request] (E:\\Projects\\Proman\\Backend\\node_modules\\express\\lib\\router\\layer.js:95:5)\n    at trim_prefix (E:\\Projects\\Proman\\Backend\\node_modules\\express\\lib\\router\\index.js:317:13)\n    at E:\\Projects\\Proman\\Backend\\node_modules\\express\\lib\\router\\index.js:284:7\n    at Function.process_params (E:\\Projects\\Proman\\Backend\\node_modules\\express\\lib\\router\\index.js:335:12)\n    at next (E:\\Projects\\Proman\\Backend\\node_modules\\express\\lib\\router\\index.js:275:10)\n    at cookieParser (E:\\Projects\\Proman\\Backend\\node_modules\\cookie-parser\\index.js:57:14)\n    at Layer.handle [as handle_request] (E:\\Projects\\Proman\\Backend\\node_modules\\express\\lib\\router\\layer.js:95:5)\n    at trim_prefix (E:\\Projects\\Proman\\Backend\\node_modules\\express\\lib\\router\\index.js:317:13)\n    at E:\\Projects\\Proman\\Backend\\node_modules\\express\\lib\\router\\index.js:284:7\n    at Function.process_params (E:\\Projects\\Proman\\Backend\\node_modules\\express\\lib\\router\\index.js:335:12)\n    at next (E:\\Projects\\Proman\\Backend\\node_modules\\express\\lib\\router\\index.js:275:10)\n    at E:\\Projects\\Proman\\Backend\\node_modules\\body-parser\\lib\\read.js:130:5\n    at invokeCallback (E:\\Projects\\Proman\\Backend\\node_modules\\raw-body\\index.js:224:16)\n    at done (E:\\Projects\\Proman\\Backend\\node_modules\\raw-body\\index.js:213:7)"
}

{
  "success": false,
  "statusCode": 404,
  "isOperational": true,
  "request": "POST /create",
  "domain": "Getting /create",
  "message": "🔥Error🔥: Page Not found",
  "date": "Mon, 07 Sep 2020 14:13:00 GMT",
  "stack": "Error: Page Not found\n    at new AppError (E:\\Projects\\Proman\\Backend\\src\\utils\\AppError.js:10:15)\n    at E:\\Projects\\Proman\\Backend\\app.js:59:10\n    at Layer.handle [as handle_request] (E:\\Projects\\Proman\\Backend\\node_modules\\express\\lib\\router\\layer.js:95:5)\n    at trim_prefix (E:\\Projects\\Proman\\Backend\\node_modules\\express\\lib\\router\\index.js:317:13)\n    at E:\\Projects\\Proman\\Backend\\node_modules\\express\\lib\\router\\index.js:284:7\n    at Function.process_params (E:\\Projects\\Proman\\Backend\\node_modules\\express\\lib\\router\\index.js:335:12)\n    at next (E:\\Projects\\Proman\\Backend\\node_modules\\express\\lib\\router\\index.js:275:10)\n    at cookieParser (E:\\Projects\\Proman\\Backend\\node_modules\\cookie-parser\\index.js:57:14)\n    at Layer.handle [as handle_request] (E:\\Projects\\Proman\\Backend\\node_modules\\express\\lib\\router\\layer.js:95:5)\n    at trim_prefix (E:\\Projects\\Proman\\Backend\\node_modules\\express\\lib\\router\\index.js:317:13)\n    at E:\\Projects\\Proman\\Backend\\node_modules\\express\\lib\\router\\index.js:284:7\n    at Function.process_params (E:\\Projects\\Proman\\Backend\\node_modules\\express\\lib\\router\\index.js:335:12)\n    at next (E:\\Projects\\Proman\\Backend\\node_modules\\express\\lib\\router\\index.js:275:10)\n    at E:\\Projects\\Proman\\Backend\\node_modules\\body-parser\\lib\\read.js:130:5\n    at invokeCallback (E:\\Projects\\Proman\\Backend\\node_modules\\raw-body\\index.js:224:16)\n    at done (E:\\Projects\\Proman\\Backend\\node_modules\\raw-body\\index.js:213:7)"
}

{
  "success": false,
  "statusCode": 404,
  "isOperational": true,
  "request": "POST /projects/create",
  "domain": "Getting /projects/create",
  "message": "🔥Error🔥: Page Not found",
  "date": "Mon, 07 Sep 2020 14:13:11 GMT",
  "stack": "Error: Page Not found\n    at new AppError (E:\\Projects\\Proman\\Backend\\src\\utils\\AppError.js:10:15)\n    at E:\\Projects\\Proman\\Backend\\app.js:59:10\n    at Layer.handle [as handle_request] (E:\\Projects\\Proman\\Backend\\node_modules\\express\\lib\\router\\layer.js:95:5)\n    at trim_prefix (E:\\Projects\\Proman\\Backend\\node_modules\\express\\lib\\router\\index.js:317:13)\n    at E:\\Projects\\Proman\\Backend\\node_modules\\express\\lib\\router\\index.js:284:7\n    at Function.process_params (E:\\Projects\\Proman\\Backend\\node_modules\\express\\lib\\router\\index.js:335:12)\n    at next (E:\\Projects\\Proman\\Backend\\node_modules\\express\\lib\\router\\index.js:275:10)\n    at cookieParser (E:\\Projects\\Proman\\Backend\\node_modules\\cookie-parser\\index.js:57:14)\n    at Layer.handle [as handle_request] (E:\\Projects\\Proman\\Backend\\node_modules\\express\\lib\\router\\layer.js:95:5)\n    at trim_prefix (E:\\Projects\\Proman\\Backend\\node_modules\\express\\lib\\router\\index.js:317:13)\n    at E:\\Projects\\Proman\\Backend\\node_modules\\express\\lib\\router\\index.js:284:7\n    at Function.process_params (E:\\Projects\\Proman\\Backend\\node_modules\\express\\lib\\router\\index.js:335:12)\n    at next (E:\\Projects\\Proman\\Backend\\node_modules\\express\\lib\\router\\index.js:275:10)\n    at E:\\Projects\\Proman\\Backend\\node_modules\\body-parser\\lib\\read.js:130:5\n    at invokeCallback (E:\\Projects\\Proman\\Backend\\node_modules\\raw-body\\index.js:224:16)\n    at done (E:\\Projects\\Proman\\Backend\\node_modules\\raw-body\\index.js:213:7)"
}

{
  "success": false,
  "statusCode": 400,
  "isOperational": true,
  "request": "POST /api/v1/projects/create",
  "domain": "Creating Project",
  "message": "🔥Error🔥: Title is required",
  "date": "Mon, 07 Sep 2020 14:29:14 GMT",
  "stack": "Error: Title is required\n    at new AppError (E:\\Projects\\Proman\\Backend\\src\\utils\\AppError.js:10:15)\n    at E:\\Projects\\Proman\\Backend\\src\\controllers\\taskCtrl.js:7:26\n    at E:\\Projects\\Proman\\Backend\\src\\utils\\catchAsync.js:3:12\n    at Layer.handle [as handle_request] (E:\\Projects\\Proman\\Backend\\node_modules\\express\\lib\\router\\layer.js:95:5)\n    at next (E:\\Projects\\Proman\\Backend\\node_modules\\express\\lib\\router\\route.js:137:13)\n    at Route.dispatch (E:\\Projects\\Proman\\Backend\\node_modules\\express\\lib\\router\\route.js:112:3)\n    at Layer.handle [as handle_request] (E:\\Projects\\Proman\\Backend\\node_modules\\express\\lib\\router\\layer.js:95:5)\n    at E:\\Projects\\Proman\\Backend\\node_modules\\express\\lib\\router\\index.js:281:22\n    at Function.process_params (E:\\Projects\\Proman\\Backend\\node_modules\\express\\lib\\router\\index.js:335:12)\n    at next (E:\\Projects\\Proman\\Backend\\node_modules\\express\\lib\\router\\index.js:275:10)\n    at Function.handle (E:\\Projects\\Proman\\Backend\\node_modules\\express\\lib\\router\\index.js:174:3)\n    at router (E:\\Projects\\Proman\\Backend\\node_modules\\express\\lib\\router\\index.js:47:12)\n    at Layer.handle [as handle_request] (E:\\Projects\\Proman\\Backend\\node_modules\\express\\lib\\router\\layer.js:95:5)\n    at trim_prefix (E:\\Projects\\Proman\\Backend\\node_modules\\express\\lib\\router\\index.js:317:13)\n    at E:\\Projects\\Proman\\Backend\\node_modules\\express\\lib\\router\\index.js:284:7\n    at Function.process_params (E:\\Projects\\Proman\\Backend\\node_modules\\express\\lib\\router\\index.js:335:12)"
}

{
  "statusCode": 400,
  "isOperational": false,
  "request": "POST /api/v1/projects/create",
  "message": "🔥Error🔥: Unexpected token } in JSON at position 47",
  "date": "Mon, 07 Sep 2020 14:30:31 GMT",
  "stack": "SyntaxError: Unexpected token } in JSON at position 47\n    at JSON.parse (<anonymous>)\n    at parse (E:\\Projects\\Proman\\Backend\\node_modules\\body-parser\\lib\\types\\json.js:89:19)\n    at E:\\Projects\\Proman\\Backend\\node_modules\\body-parser\\lib\\read.js:121:18\n    at invokeCallback (E:\\Projects\\Proman\\Backend\\node_modules\\raw-body\\index.js:224:16)\n    at done (E:\\Projects\\Proman\\Backend\\node_modules\\raw-body\\index.js:213:7)\n    at IncomingMessage.onEnd (E:\\Projects\\Proman\\Backend\\node_modules\\raw-body\\index.js:273:7)\n    at IncomingMessage.emit (events.js:322:22)\n    at endReadableNT (_stream_readable.js:1187:12)\n    at processTicksAndRejections (internal/process/task_queues.js:84:21)"
}

{
  "statusCode": 500,
  "isOperational": false,
  "request": "POST /api/v1/projects/create",
  "message": "🔥Error🔥: Task validation failed: title: Path `title` is required.",
  "date": "Mon, 07 Sep 2020 14:33:46 GMT",
  "stack": "ValidationError: Task validation failed: title: Path `title` is required.\n    at model.Document.invalidate (E:\\Projects\\Proman\\Backend\\node_modules\\mongoose\\lib\\document.js:2598:32)\n    at E:\\Projects\\Proman\\Backend\\node_modules\\mongoose\\lib\\document.js:2418:17\n    at E:\\Projects\\Proman\\Backend\\node_modules\\mongoose\\lib\\schematype.js:1222:9\n    at processTicksAndRejections (internal/process/task_queues.js:79:11)"
}

{
  "statusCode": 500,
  "isOperational": false,
  "request": "GET /api/v1/projects",
  "message": "🔥Error🔥: Cannot read property 'length' of undefined",
  "date": "Mon, 07 Sep 2020 14:39:21 GMT",
  "stack": "TypeError: Cannot read property 'length' of undefined\n    at model.<anonymous> (E:\\Projects\\Proman\\Backend\\src\\models\\task.js:26:24)\n    at VirtualType.applyGetters (E:\\Projects\\Proman\\Backend\\node_modules\\mongoose\\lib\\virtualtype.js:142:25)\n    at model.Document.get (E:\\Projects\\Proman\\Backend\\node_modules\\mongoose\\lib\\document.js:1557:19)\n    at model.get [as hasSubTasks] (E:\\Projects\\Proman\\Backend\\node_modules\\mongoose\\lib\\helpers\\document\\compile.js:155:32)\n    at E:\\Projects\\Proman\\Backend\\src\\controllers\\taskCtrl.js:8:24\n    at processTicksAndRejections (internal/process/task_queues.js:97:5)"
}

{
  "statusCode": 500,
  "isOperational": false,
  "request": "GET /api/v1/projects",
  "message": "🔥Error🔥: tasks[0].hasSubTasks is not a function",
  "date": "Mon, 07 Sep 2020 14:41:53 GMT",
  "stack": "TypeError: tasks[0].hasSubTasks is not a function\n    at E:\\Projects\\Proman\\Backend\\src\\controllers\\taskCtrl.js:9:24\n    at processTicksAndRejections (internal/process/task_queues.js:97:5)"
}

{
  "success": false,
  "statusCode": 404,
  "isOperational": true,
  "request": "GET /api/v1/projects",
  "domain": "Getting Tasks",
  "message": "🔥Error🔥: No tasks were found",
  "date": "Mon, 07 Sep 2020 14:44:57 GMT",
  "stack": "Error: No tasks were found\n    at new AppError (E:\\Projects\\Proman\\Backend\\src\\utils\\AppError.js:10:15)\n    at E:\\Projects\\Proman\\Backend\\src\\controllers\\taskCtrl.js:9:37\n    at processTicksAndRejections (internal/process/task_queues.js:97:5)"
}

{
  "success": false,
  "statusCode": 404,
  "isOperational": true,
  "request": "GET /api/v1/projects",
  "domain": "Getting Tasks",
  "message": "🔥Error🔥: No tasks were found",
  "date": "Mon, 07 Sep 2020 14:50:21 GMT",
  "stack": "Error: No tasks were found\n    at new AppError (E:\\Projects\\Proman\\Backend\\src\\utils\\AppError.js:10:15)\n    at E:\\Projects\\Proman\\Backend\\src\\controllers\\projectCtrl.js:9:37\n    at processTicksAndRejections (internal/process/task_queues.js:97:5)"
}

