{
  "statusCode": 500,
  "isOperational": false,
  "request": "POST /api/v1/tasks/create",
  "message": "🔥Error🔥: Cannot read property 'forEach' of undefined",
  "date": "Mon, 07 Sep 2020 17:05:52 GMT",
  "stack": "TypeError: Cannot read property 'forEach' of undefined\n    at createNewTasks (E:\\Projects\\Proman\\Backend\\src\\controllers\\taskCtrl.js:9:13)\n    at tasksKeyLoop (E:\\Projects\\Proman\\Backend\\src\\controllers\\taskCtrl.js:35:8)\n    at E:\\Projects\\Proman\\Backend\\src\\controllers\\taskCtrl.js:43:8\n    at E:\\Projects\\Proman\\Backend\\src\\utils\\catchAsync.js:3:5\n    at Layer.handle [as handle_request] (E:\\Projects\\Proman\\Backend\\node_modules\\express\\lib\\router\\layer.js:95:5)\n    at next (E:\\Projects\\Proman\\Backend\\node_modules\\express\\lib\\router\\route.js:137:13)\n    at Route.dispatch (E:\\Projects\\Proman\\Backend\\node_modules\\express\\lib\\router\\route.js:112:3)\n    at Layer.handle [as handle_request] (E:\\Projects\\Proman\\Backend\\node_modules\\express\\lib\\router\\layer.js:95:5)\n    at E:\\Projects\\Proman\\Backend\\node_modules\\express\\lib\\router\\index.js:281:22\n    at Function.process_params (E:\\Projects\\Proman\\Backend\\node_modules\\express\\lib\\router\\index.js:335:12)\n    at next (E:\\Projects\\Proman\\Backend\\node_modules\\express\\lib\\router\\index.js:275:10)\n    at Function.handle (E:\\Projects\\Proman\\Backend\\node_modules\\express\\lib\\router\\index.js:174:3)\n    at router (E:\\Projects\\Proman\\Backend\\node_modules\\express\\lib\\router\\index.js:47:12)\n    at Layer.handle [as handle_request] (E:\\Projects\\Proman\\Backend\\node_modules\\express\\lib\\router\\layer.js:95:5)\n    at trim_prefix (E:\\Projects\\Proman\\Backend\\node_modules\\express\\lib\\router\\index.js:317:13)\n    at E:\\Projects\\Proman\\Backend\\node_modules\\express\\lib\\router\\index.js:284:7"
}

{
  "statusCode": 500,
  "isOperational": false,
  "request": "POST /api/v1/tasks/create",
  "message": "🔥Error🔥: Cannot read property 'forEach' of undefined",
  "date": "Mon, 07 Sep 2020 17:07:41 GMT",
  "stack": "TypeError: Cannot read property 'forEach' of undefined\n    at createNewTasks (E:\\Projects\\Proman\\Backend\\src\\controllers\\taskCtrl.js:9:13)\n    at tasksKeyLoop (E:\\Projects\\Proman\\Backend\\src\\controllers\\taskCtrl.js:35:8)\n    at E:\\Projects\\Proman\\Backend\\src\\controllers\\taskCtrl.js:43:8\n    at E:\\Projects\\Proman\\Backend\\src\\utils\\catchAsync.js:3:5\n    at Layer.handle [as handle_request] (E:\\Projects\\Proman\\Backend\\node_modules\\express\\lib\\router\\layer.js:95:5)\n    at next (E:\\Projects\\Proman\\Backend\\node_modules\\express\\lib\\router\\route.js:137:13)\n    at Route.dispatch (E:\\Projects\\Proman\\Backend\\node_modules\\express\\lib\\router\\route.js:112:3)\n    at Layer.handle [as handle_request] (E:\\Projects\\Proman\\Backend\\node_modules\\express\\lib\\router\\layer.js:95:5)\n    at E:\\Projects\\Proman\\Backend\\node_modules\\express\\lib\\router\\index.js:281:22\n    at Function.process_params (E:\\Projects\\Proman\\Backend\\node_modules\\express\\lib\\router\\index.js:335:12)\n    at next (E:\\Projects\\Proman\\Backend\\node_modules\\express\\lib\\router\\index.js:275:10)\n    at Function.handle (E:\\Projects\\Proman\\Backend\\node_modules\\express\\lib\\router\\index.js:174:3)\n    at router (E:\\Projects\\Proman\\Backend\\node_modules\\express\\lib\\router\\index.js:47:12)\n    at Layer.handle [as handle_request] (E:\\Projects\\Proman\\Backend\\node_modules\\express\\lib\\router\\layer.js:95:5)\n    at trim_prefix (E:\\Projects\\Proman\\Backend\\node_modules\\express\\lib\\router\\index.js:317:13)\n    at E:\\Projects\\Proman\\Backend\\node_modules\\express\\lib\\router\\index.js:284:7"
}

{
  "statusCode": 500,
  "isOperational": false,
  "request": "POST /api/v1/tasks/create",
  "message": "🔥Error🔥: Cannot read property 'forEach' of undefined",
  "date": "Mon, 07 Sep 2020 17:08:29 GMT",
  "stack": "TypeError: Cannot read property 'forEach' of undefined\n    at createNewTasks (E:\\Projects\\Proman\\Backend\\src\\controllers\\taskCtrl.js:11:13)\n    at tasksKeyLoop (E:\\Projects\\Proman\\Backend\\src\\controllers\\taskCtrl.js:37:8)\n    at E:\\Projects\\Proman\\Backend\\src\\controllers\\taskCtrl.js:45:8\n    at E:\\Projects\\Proman\\Backend\\src\\utils\\catchAsync.js:3:5\n    at Layer.handle [as handle_request] (E:\\Projects\\Proman\\Backend\\node_modules\\express\\lib\\router\\layer.js:95:5)\n    at next (E:\\Projects\\Proman\\Backend\\node_modules\\express\\lib\\router\\route.js:137:13)\n    at Route.dispatch (E:\\Projects\\Proman\\Backend\\node_modules\\express\\lib\\router\\route.js:112:3)\n    at Layer.handle [as handle_request] (E:\\Projects\\Proman\\Backend\\node_modules\\express\\lib\\router\\layer.js:95:5)\n    at E:\\Projects\\Proman\\Backend\\node_modules\\express\\lib\\router\\index.js:281:22\n    at Function.process_params (E:\\Projects\\Proman\\Backend\\node_modules\\express\\lib\\router\\index.js:335:12)\n    at next (E:\\Projects\\Proman\\Backend\\node_modules\\express\\lib\\router\\index.js:275:10)\n    at Function.handle (E:\\Projects\\Proman\\Backend\\node_modules\\express\\lib\\router\\index.js:174:3)\n    at router (E:\\Projects\\Proman\\Backend\\node_modules\\express\\lib\\router\\index.js:47:12)\n    at Layer.handle [as handle_request] (E:\\Projects\\Proman\\Backend\\node_modules\\express\\lib\\router\\layer.js:95:5)\n    at trim_prefix (E:\\Projects\\Proman\\Backend\\node_modules\\express\\lib\\router\\index.js:317:13)\n    at E:\\Projects\\Proman\\Backend\\node_modules\\express\\lib\\router\\index.js:284:7"
}

{
  "statusCode": 500,
  "isOperational": false,
  "request": "POST /api/v1/tasks/create",
  "message": "🔥Error🔥: Cannot read property 'forEach' of undefined",
  "date": "Mon, 07 Sep 2020 17:09:11 GMT",
  "stack": "TypeError: Cannot read property 'forEach' of undefined\n    at createNewTasks (E:\\Projects\\Proman\\Backend\\src\\controllers\\taskCtrl.js:11:13)\n    at tasksKeyLoop (E:\\Projects\\Proman\\Backend\\src\\controllers\\taskCtrl.js:39:8)\n    at E:\\Projects\\Proman\\Backend\\src\\controllers\\taskCtrl.js:47:8\n    at E:\\Projects\\Proman\\Backend\\src\\utils\\catchAsync.js:3:5\n    at Layer.handle [as handle_request] (E:\\Projects\\Proman\\Backend\\node_modules\\express\\lib\\router\\layer.js:95:5)\n    at next (E:\\Projects\\Proman\\Backend\\node_modules\\express\\lib\\router\\route.js:137:13)\n    at Route.dispatch (E:\\Projects\\Proman\\Backend\\node_modules\\express\\lib\\router\\route.js:112:3)\n    at Layer.handle [as handle_request] (E:\\Projects\\Proman\\Backend\\node_modules\\express\\lib\\router\\layer.js:95:5)\n    at E:\\Projects\\Proman\\Backend\\node_modules\\express\\lib\\router\\index.js:281:22\n    at Function.process_params (E:\\Projects\\Proman\\Backend\\node_modules\\express\\lib\\router\\index.js:335:12)\n    at next (E:\\Projects\\Proman\\Backend\\node_modules\\express\\lib\\router\\index.js:275:10)\n    at Function.handle (E:\\Projects\\Proman\\Backend\\node_modules\\express\\lib\\router\\index.js:174:3)\n    at router (E:\\Projects\\Proman\\Backend\\node_modules\\express\\lib\\router\\index.js:47:12)\n    at Layer.handle [as handle_request] (E:\\Projects\\Proman\\Backend\\node_modules\\express\\lib\\router\\layer.js:95:5)\n    at trim_prefix (E:\\Projects\\Proman\\Backend\\node_modules\\express\\lib\\router\\index.js:317:13)\n    at E:\\Projects\\Proman\\Backend\\node_modules\\express\\lib\\router\\index.js:284:7"
}

{
  "success": false,
  "statusCode": 500,
  "isOperational": true,
  "request": "POST /api/v1/tasks/create",
  "domain": "Creating SubTasks",
  "message": "🔥Error🔥: Creating SubTasks Error",
  "date": "Mon, 07 Sep 2020 17:09:35 GMT",
  "stack": "Error: Creating SubTasks Error\n    at new AppError (E:\\Projects\\Proman\\Backend\\src\\utils\\AppError.js:10:15)\n    at createNewTasks (E:\\Projects\\Proman\\Backend\\src\\controllers\\taskCtrl.js:29:9)\n    at processTicksAndRejections (internal/process/task_queues.js:97:5)"
}

{
  "success": false,
  "statusCode": 500,
  "isOperational": true,
  "request": "POST /api/v1/tasks/create",
  "domain": "Creating SubTasks",
  "message": "🔥Error🔥: Creating SubTasks Error",
  "date": "Mon, 07 Sep 2020 17:10:55 GMT",
  "stack": "Error: Creating SubTasks Error\n    at new AppError (E:\\Projects\\Proman\\Backend\\src\\utils\\AppError.js:10:15)\n    at createNewTasks (E:\\Projects\\Proman\\Backend\\src\\controllers\\taskCtrl.js:29:9)\n    at processTicksAndRejections (internal/process/task_queues.js:97:5)"
}

{
  "success": false,
  "statusCode": 500,
  "isOperational": true,
  "request": "POST /api/v1/tasks/create",
  "domain": "Creating SubTasks",
  "message": "🔥Error🔥: Creating SubTasks Error",
  "date": "Mon, 07 Sep 2020 17:15:06 GMT",
  "stack": "Error: Creating SubTasks Error\n    at new AppError (E:\\Projects\\Proman\\Backend\\src\\utils\\AppError.js:10:15)\n    at createNewTasks (E:\\Projects\\Proman\\Backend\\src\\controllers\\taskCtrl.js:27:9)\n    at processTicksAndRejections (internal/process/task_queues.js:97:5)"
}

{
  "success": false,
  "statusCode": 500,
  "isOperational": true,
  "request": "POST /api/v1/tasks/create",
  "domain": "Creating SubTasks",
  "message": "🔥Error🔥: Creating SubTasks Error",
  "date": "Mon, 07 Sep 2020 17:38:52 GMT",
  "stack": "Error: Creating SubTasks Error\n    at new AppError (E:\\Projects\\Proman\\Backend\\src\\utils\\AppError.js:10:15)\n    at createNewTasks (E:\\Projects\\Proman\\Backend\\src\\controllers\\taskCtrl.js:42:9)\n    at processTicksAndRejections (internal/process/task_queues.js:97:5)"
}

{
  "success": false,
  "statusCode": 500,
  "isOperational": true,
  "request": "POST /api/v1/tasks/create",
  "domain": "Creating SubTasks",
  "message": "🔥Error🔥: Creating SubTasks Error",
  "date": "Mon, 07 Sep 2020 17:39:08 GMT",
  "stack": "Error: Creating SubTasks Error\n    at new AppError (E:\\Projects\\Proman\\Backend\\src\\utils\\AppError.js:10:15)\n    at createNewTasks (E:\\Projects\\Proman\\Backend\\src\\controllers\\taskCtrl.js:42:9)\n    at processTicksAndRejections (internal/process/task_queues.js:97:5)"
}

{
  "success": false,
  "statusCode": 500,
  "isOperational": true,
  "request": "POST /api/v1/tasks/create",
  "domain": "Creating SubTasks",
  "message": "🔥Error🔥: Creating SubTasks Error",
  "date": "Mon, 07 Sep 2020 17:41:09 GMT",
  "stack": "Error: Creating SubTasks Error\n    at new AppError (E:\\Projects\\Proman\\Backend\\src\\utils\\AppError.js:10:15)\n    at createNewTasks (E:\\Projects\\Proman\\Backend\\src\\controllers\\taskCtrl.js:37:9)\n    at processTicksAndRejections (internal/process/task_queues.js:97:5)"
}

{
  "success": false,
  "statusCode": 500,
  "isOperational": true,
  "request": "POST /api/v1/tasks/create",
  "domain": "Creating SubTasks",
  "message": "🔥Error🔥: Creating SubTasks Error",
  "date": "Mon, 07 Sep 2020 17:41:38 GMT",
  "stack": "Error: Creating SubTasks Error\n    at new AppError (E:\\Projects\\Proman\\Backend\\src\\utils\\AppError.js:10:15)\n    at createNewTasks (E:\\Projects\\Proman\\Backend\\src\\controllers\\taskCtrl.js:37:9)\n    at processTicksAndRejections (internal/process/task_queues.js:97:5)"
}

