Mongodb Connection Error
MongooseError: The `uri` parameter to `openUri()` must be a string, got "undefined". Make sure the first parameter to `mongoose.connect()` or `mongoose.createConnection()` is a string.

Mongodb Connection Error
MongooseError: The `uri` parameter to `openUri()` must be a string, got "undefined". Make sure the first parameter to `mongoose.connect()` or `mongoose.createConnection()` is a string.

Mongodb Connection Error
MongooseError: The `uri` parameter to `openUri()` must be a string, got "undefined". Make sure the first parameter to `mongoose.connect()` or `mongoose.createConnection()` is a string.

Mongodb Connection Error
MongooseError: The `uri` parameter to `openUri()` must be a string, got "undefined". Make sure the first parameter to `mongoose.connect()` or `mongoose.createConnection()` is a string.

Mongodb Connection Error
MongooseError: The `uri` parameter to `openUri()` must be a string, got "undefined". Make sure the first parameter to `mongoose.connect()` or `mongoose.createConnection()` is a string.

Mongodb Connection Error
MongooseError: The `uri` parameter to `openUri()` must be a string, got "undefined". Make sure the first parameter to `mongoose.connect()` or `mongoose.createConnection()` is a string.

{
  "success": false,
  "statusCode": 404,
  "isOperational": true,
  "request": "GET /api/v1//projects",
  "domain": "Getting /api/v1//projects",
  "message": "🔥Error🔥: Page Not found",
  "date": "Sun, 06 Sep 2020 17:55:16 GMT",
  "stack": "Error: Page Not found\n    at new AppError (E:\\Projects\\Proman\\Backend\\src\\utils\\AppError.js:10:15)\n    at E:\\Projects\\Proman\\Backend\\app.js:59:10\n    at Layer.handle [as handle_request] (E:\\Projects\\Proman\\Backend\\node_modules\\express\\lib\\router\\layer.js:95:5)\n    at trim_prefix (E:\\Projects\\Proman\\Backend\\node_modules\\express\\lib\\router\\index.js:317:13)\n    at E:\\Projects\\Proman\\Backend\\node_modules\\express\\lib\\router\\index.js:284:7\n    at Function.process_params (E:\\Projects\\Proman\\Backend\\node_modules\\express\\lib\\router\\index.js:335:12)\n    at next (E:\\Projects\\Proman\\Backend\\node_modules\\express\\lib\\router\\index.js:275:10)\n    at cookieParser (E:\\Projects\\Proman\\Backend\\node_modules\\cookie-parser\\index.js:57:14)\n    at Layer.handle [as handle_request] (E:\\Projects\\Proman\\Backend\\node_modules\\express\\lib\\router\\layer.js:95:5)\n    at trim_prefix (E:\\Projects\\Proman\\Backend\\node_modules\\express\\lib\\router\\index.js:317:13)\n    at E:\\Projects\\Proman\\Backend\\node_modules\\express\\lib\\router\\index.js:284:7\n    at Function.process_params (E:\\Projects\\Proman\\Backend\\node_modules\\express\\lib\\router\\index.js:335:12)\n    at next (E:\\Projects\\Proman\\Backend\\node_modules\\express\\lib\\router\\index.js:275:10)\n    at jsonParser (E:\\Projects\\Proman\\Backend\\node_modules\\body-parser\\lib\\types\\json.js:110:7)\n    at Layer.handle [as handle_request] (E:\\Projects\\Proman\\Backend\\node_modules\\express\\lib\\router\\layer.js:95:5)\n    at trim_prefix (E:\\Projects\\Proman\\Backend\\node_modules\\express\\lib\\router\\index.js:317:13)"
}

{
  "success": false,
  "statusCode": 404,
  "isOperational": true,
  "request": "GET /favicon.ico",
  "domain": "Getting /favicon.ico",
  "message": "🔥Error🔥: Page Not found",
  "date": "Sun, 06 Sep 2020 17:55:16 GMT",
  "stack": "Error: Page Not found\n    at new AppError (E:\\Projects\\Proman\\Backend\\src\\utils\\AppError.js:10:15)\n    at E:\\Projects\\Proman\\Backend\\app.js:59:10\n    at Layer.handle [as handle_request] (E:\\Projects\\Proman\\Backend\\node_modules\\express\\lib\\router\\layer.js:95:5)\n    at trim_prefix (E:\\Projects\\Proman\\Backend\\node_modules\\express\\lib\\router\\index.js:317:13)\n    at E:\\Projects\\Proman\\Backend\\node_modules\\express\\lib\\router\\index.js:284:7\n    at Function.process_params (E:\\Projects\\Proman\\Backend\\node_modules\\express\\lib\\router\\index.js:335:12)\n    at next (E:\\Projects\\Proman\\Backend\\node_modules\\express\\lib\\router\\index.js:275:10)\n    at cookieParser (E:\\Projects\\Proman\\Backend\\node_modules\\cookie-parser\\index.js:57:14)\n    at Layer.handle [as handle_request] (E:\\Projects\\Proman\\Backend\\node_modules\\express\\lib\\router\\layer.js:95:5)\n    at trim_prefix (E:\\Projects\\Proman\\Backend\\node_modules\\express\\lib\\router\\index.js:317:13)\n    at E:\\Projects\\Proman\\Backend\\node_modules\\express\\lib\\router\\index.js:284:7\n    at Function.process_params (E:\\Projects\\Proman\\Backend\\node_modules\\express\\lib\\router\\index.js:335:12)\n    at next (E:\\Projects\\Proman\\Backend\\node_modules\\express\\lib\\router\\index.js:275:10)\n    at jsonParser (E:\\Projects\\Proman\\Backend\\node_modules\\body-parser\\lib\\types\\json.js:110:7)\n    at Layer.handle [as handle_request] (E:\\Projects\\Proman\\Backend\\node_modules\\express\\lib\\router\\layer.js:95:5)\n    at trim_prefix (E:\\Projects\\Proman\\Backend\\node_modules\\express\\lib\\router\\index.js:317:13)"
}

{
  "success": false,
  "statusCode": 404,
  "isOperational": true,
  "request": "GET /api/v1/projects",
  "domain": "Getting /api/v1/projects",
  "message": "🔥Error🔥: Page Not found",
  "date": "Sun, 06 Sep 2020 17:55:19 GMT",
  "stack": "Error: Page Not found\n    at new AppError (E:\\Projects\\Proman\\Backend\\src\\utils\\AppError.js:10:15)\n    at E:\\Projects\\Proman\\Backend\\app.js:59:10\n    at Layer.handle [as handle_request] (E:\\Projects\\Proman\\Backend\\node_modules\\express\\lib\\router\\layer.js:95:5)\n    at trim_prefix (E:\\Projects\\Proman\\Backend\\node_modules\\express\\lib\\router\\index.js:317:13)\n    at E:\\Projects\\Proman\\Backend\\node_modules\\express\\lib\\router\\index.js:284:7\n    at Function.process_params (E:\\Projects\\Proman\\Backend\\node_modules\\express\\lib\\router\\index.js:335:12)\n    at next (E:\\Projects\\Proman\\Backend\\node_modules\\express\\lib\\router\\index.js:275:10)\n    at cookieParser (E:\\Projects\\Proman\\Backend\\node_modules\\cookie-parser\\index.js:57:14)\n    at Layer.handle [as handle_request] (E:\\Projects\\Proman\\Backend\\node_modules\\express\\lib\\router\\layer.js:95:5)\n    at trim_prefix (E:\\Projects\\Proman\\Backend\\node_modules\\express\\lib\\router\\index.js:317:13)\n    at E:\\Projects\\Proman\\Backend\\node_modules\\express\\lib\\router\\index.js:284:7\n    at Function.process_params (E:\\Projects\\Proman\\Backend\\node_modules\\express\\lib\\router\\index.js:335:12)\n    at next (E:\\Projects\\Proman\\Backend\\node_modules\\express\\lib\\router\\index.js:275:10)\n    at jsonParser (E:\\Projects\\Proman\\Backend\\node_modules\\body-parser\\lib\\types\\json.js:110:7)\n    at Layer.handle [as handle_request] (E:\\Projects\\Proman\\Backend\\node_modules\\express\\lib\\router\\layer.js:95:5)\n    at trim_prefix (E:\\Projects\\Proman\\Backend\\node_modules\\express\\lib\\router\\index.js:317:13)"
}

{
  "success": false,
  "statusCode": 404,
  "isOperational": true,
  "request": "GET /api/v1//projects",
  "domain": "Getting /api/v1//projects",
  "message": "🔥Error🔥: Page Not found",
  "date": "Sun, 06 Sep 2020 17:55:29 GMT",
  "stack": "Error: Page Not found\n    at new AppError (E:\\Projects\\Proman\\Backend\\src\\utils\\AppError.js:10:15)\n    at E:\\Projects\\Proman\\Backend\\app.js:59:10\n    at Layer.handle [as handle_request] (E:\\Projects\\Proman\\Backend\\node_modules\\express\\lib\\router\\layer.js:95:5)\n    at trim_prefix (E:\\Projects\\Proman\\Backend\\node_modules\\express\\lib\\router\\index.js:317:13)\n    at E:\\Projects\\Proman\\Backend\\node_modules\\express\\lib\\router\\index.js:284:7\n    at Function.process_params (E:\\Projects\\Proman\\Backend\\node_modules\\express\\lib\\router\\index.js:335:12)\n    at next (E:\\Projects\\Proman\\Backend\\node_modules\\express\\lib\\router\\index.js:275:10)\n    at cookieParser (E:\\Projects\\Proman\\Backend\\node_modules\\cookie-parser\\index.js:57:14)\n    at Layer.handle [as handle_request] (E:\\Projects\\Proman\\Backend\\node_modules\\express\\lib\\router\\layer.js:95:5)\n    at trim_prefix (E:\\Projects\\Proman\\Backend\\node_modules\\express\\lib\\router\\index.js:317:13)\n    at E:\\Projects\\Proman\\Backend\\node_modules\\express\\lib\\router\\index.js:284:7\n    at Function.process_params (E:\\Projects\\Proman\\Backend\\node_modules\\express\\lib\\router\\index.js:335:12)\n    at next (E:\\Projects\\Proman\\Backend\\node_modules\\express\\lib\\router\\index.js:275:10)\n    at jsonParser (E:\\Projects\\Proman\\Backend\\node_modules\\body-parser\\lib\\types\\json.js:110:7)\n    at Layer.handle [as handle_request] (E:\\Projects\\Proman\\Backend\\node_modules\\express\\lib\\router\\layer.js:95:5)\n    at trim_prefix (E:\\Projects\\Proman\\Backend\\node_modules\\express\\lib\\router\\index.js:317:13)"
}

{
  "success": false,
  "statusCode": 404,
  "isOperational": true,
  "request": "GET /api/v1//projects",
  "domain": "Getting /api/v1//projects",
  "message": "🔥Error🔥: Page Not found",
  "date": "Sun, 06 Sep 2020 17:55:43 GMT",
  "stack": "Error: Page Not found\n    at new AppError (E:\\Projects\\Proman\\Backend\\src\\utils\\AppError.js:10:15)\n    at E:\\Projects\\Proman\\Backend\\app.js:59:10\n    at Layer.handle [as handle_request] (E:\\Projects\\Proman\\Backend\\node_modules\\express\\lib\\router\\layer.js:95:5)\n    at trim_prefix (E:\\Projects\\Proman\\Backend\\node_modules\\express\\lib\\router\\index.js:317:13)\n    at E:\\Projects\\Proman\\Backend\\node_modules\\express\\lib\\router\\index.js:284:7\n    at Function.process_params (E:\\Projects\\Proman\\Backend\\node_modules\\express\\lib\\router\\index.js:335:12)\n    at next (E:\\Projects\\Proman\\Backend\\node_modules\\express\\lib\\router\\index.js:275:10)\n    at cookieParser (E:\\Projects\\Proman\\Backend\\node_modules\\cookie-parser\\index.js:57:14)\n    at Layer.handle [as handle_request] (E:\\Projects\\Proman\\Backend\\node_modules\\express\\lib\\router\\layer.js:95:5)\n    at trim_prefix (E:\\Projects\\Proman\\Backend\\node_modules\\express\\lib\\router\\index.js:317:13)\n    at E:\\Projects\\Proman\\Backend\\node_modules\\express\\lib\\router\\index.js:284:7\n    at Function.process_params (E:\\Projects\\Proman\\Backend\\node_modules\\express\\lib\\router\\index.js:335:12)\n    at next (E:\\Projects\\Proman\\Backend\\node_modules\\express\\lib\\router\\index.js:275:10)\n    at jsonParser (E:\\Projects\\Proman\\Backend\\node_modules\\body-parser\\lib\\types\\json.js:110:7)\n    at Layer.handle [as handle_request] (E:\\Projects\\Proman\\Backend\\node_modules\\express\\lib\\router\\layer.js:95:5)\n    at trim_prefix (E:\\Projects\\Proman\\Backend\\node_modules\\express\\lib\\router\\index.js:317:13)"
}

{
  "success": false,
  "statusCode": 404,
  "isOperational": true,
  "request": "GET /api/v1/projects",
  "domain": "Getting /api/v1/projects",
  "message": "🔥Error🔥: Page Not found",
  "date": "Sun, 06 Sep 2020 17:55:47 GMT",
  "stack": "Error: Page Not found\n    at new AppError (E:\\Projects\\Proman\\Backend\\src\\utils\\AppError.js:10:15)\n    at E:\\Projects\\Proman\\Backend\\app.js:59:10\n    at Layer.handle [as handle_request] (E:\\Projects\\Proman\\Backend\\node_modules\\express\\lib\\router\\layer.js:95:5)\n    at trim_prefix (E:\\Projects\\Proman\\Backend\\node_modules\\express\\lib\\router\\index.js:317:13)\n    at E:\\Projects\\Proman\\Backend\\node_modules\\express\\lib\\router\\index.js:284:7\n    at Function.process_params (E:\\Projects\\Proman\\Backend\\node_modules\\express\\lib\\router\\index.js:335:12)\n    at next (E:\\Projects\\Proman\\Backend\\node_modules\\express\\lib\\router\\index.js:275:10)\n    at cookieParser (E:\\Projects\\Proman\\Backend\\node_modules\\cookie-parser\\index.js:57:14)\n    at Layer.handle [as handle_request] (E:\\Projects\\Proman\\Backend\\node_modules\\express\\lib\\router\\layer.js:95:5)\n    at trim_prefix (E:\\Projects\\Proman\\Backend\\node_modules\\express\\lib\\router\\index.js:317:13)\n    at E:\\Projects\\Proman\\Backend\\node_modules\\express\\lib\\router\\index.js:284:7\n    at Function.process_params (E:\\Projects\\Proman\\Backend\\node_modules\\express\\lib\\router\\index.js:335:12)\n    at next (E:\\Projects\\Proman\\Backend\\node_modules\\express\\lib\\router\\index.js:275:10)\n    at jsonParser (E:\\Projects\\Proman\\Backend\\node_modules\\body-parser\\lib\\types\\json.js:110:7)\n    at Layer.handle [as handle_request] (E:\\Projects\\Proman\\Backend\\node_modules\\express\\lib\\router\\layer.js:95:5)\n    at trim_prefix (E:\\Projects\\Proman\\Backend\\node_modules\\express\\lib\\router\\index.js:317:13)"
}

{
  "success": false,
  "statusCode": 404,
  "isOperational": true,
  "request": "GET /api/v1/projects",
  "domain": "Getting /api/v1/projects",
  "message": "🔥Error🔥: Page Not found",
  "date": "Sun, 06 Sep 2020 17:55:59 GMT",
  "stack": "Error: Page Not found\n    at new AppError (E:\\Projects\\Proman\\Backend\\src\\utils\\AppError.js:10:15)\n    at E:\\Projects\\Proman\\Backend\\app.js:59:10\n    at Layer.handle [as handle_request] (E:\\Projects\\Proman\\Backend\\node_modules\\express\\lib\\router\\layer.js:95:5)\n    at trim_prefix (E:\\Projects\\Proman\\Backend\\node_modules\\express\\lib\\router\\index.js:317:13)\n    at E:\\Projects\\Proman\\Backend\\node_modules\\express\\lib\\router\\index.js:284:7\n    at Function.process_params (E:\\Projects\\Proman\\Backend\\node_modules\\express\\lib\\router\\index.js:335:12)\n    at next (E:\\Projects\\Proman\\Backend\\node_modules\\express\\lib\\router\\index.js:275:10)\n    at cookieParser (E:\\Projects\\Proman\\Backend\\node_modules\\cookie-parser\\index.js:57:14)\n    at Layer.handle [as handle_request] (E:\\Projects\\Proman\\Backend\\node_modules\\express\\lib\\router\\layer.js:95:5)\n    at trim_prefix (E:\\Projects\\Proman\\Backend\\node_modules\\express\\lib\\router\\index.js:317:13)\n    at E:\\Projects\\Proman\\Backend\\node_modules\\express\\lib\\router\\index.js:284:7\n    at Function.process_params (E:\\Projects\\Proman\\Backend\\node_modules\\express\\lib\\router\\index.js:335:12)\n    at next (E:\\Projects\\Proman\\Backend\\node_modules\\express\\lib\\router\\index.js:275:10)\n    at jsonParser (E:\\Projects\\Proman\\Backend\\node_modules\\body-parser\\lib\\types\\json.js:110:7)\n    at Layer.handle [as handle_request] (E:\\Projects\\Proman\\Backend\\node_modules\\express\\lib\\router\\layer.js:95:5)\n    at trim_prefix (E:\\Projects\\Proman\\Backend\\node_modules\\express\\lib\\router\\index.js:317:13)"
}

{
  "success": false,
  "statusCode": 404,
  "isOperational": true,
  "request": "GET /api/v1/projects",
  "domain": "Getting /api/v1/projects",
  "message": "🔥Error🔥: Page Not found",
  "date": "Sun, 06 Sep 2020 17:56:00 GMT",
  "stack": "Error: Page Not found\n    at new AppError (E:\\Projects\\Proman\\Backend\\src\\utils\\AppError.js:10:15)\n    at E:\\Projects\\Proman\\Backend\\app.js:59:10\n    at Layer.handle [as handle_request] (E:\\Projects\\Proman\\Backend\\node_modules\\express\\lib\\router\\layer.js:95:5)\n    at trim_prefix (E:\\Projects\\Proman\\Backend\\node_modules\\express\\lib\\router\\index.js:317:13)\n    at E:\\Projects\\Proman\\Backend\\node_modules\\express\\lib\\router\\index.js:284:7\n    at Function.process_params (E:\\Projects\\Proman\\Backend\\node_modules\\express\\lib\\router\\index.js:335:12)\n    at next (E:\\Projects\\Proman\\Backend\\node_modules\\express\\lib\\router\\index.js:275:10)\n    at cookieParser (E:\\Projects\\Proman\\Backend\\node_modules\\cookie-parser\\index.js:57:14)\n    at Layer.handle [as handle_request] (E:\\Projects\\Proman\\Backend\\node_modules\\express\\lib\\router\\layer.js:95:5)\n    at trim_prefix (E:\\Projects\\Proman\\Backend\\node_modules\\express\\lib\\router\\index.js:317:13)\n    at E:\\Projects\\Proman\\Backend\\node_modules\\express\\lib\\router\\index.js:284:7\n    at Function.process_params (E:\\Projects\\Proman\\Backend\\node_modules\\express\\lib\\router\\index.js:335:12)\n    at next (E:\\Projects\\Proman\\Backend\\node_modules\\express\\lib\\router\\index.js:275:10)\n    at jsonParser (E:\\Projects\\Proman\\Backend\\node_modules\\body-parser\\lib\\types\\json.js:110:7)\n    at Layer.handle [as handle_request] (E:\\Projects\\Proman\\Backend\\node_modules\\express\\lib\\router\\layer.js:95:5)\n    at trim_prefix (E:\\Projects\\Proman\\Backend\\node_modules\\express\\lib\\router\\index.js:317:13)"
}

{
  "success": false,
  "statusCode": 404,
  "isOperational": true,
  "request": "GET /api/v1/projects",
  "domain": "Getting /api/v1/projects",
  "message": "🔥Error🔥: Page Not found",
  "date": "Sun, 06 Sep 2020 17:56:02 GMT",
  "stack": "Error: Page Not found\n    at new AppError (E:\\Projects\\Proman\\Backend\\src\\utils\\AppError.js:10:15)\n    at E:\\Projects\\Proman\\Backend\\app.js:59:10\n    at Layer.handle [as handle_request] (E:\\Projects\\Proman\\Backend\\node_modules\\express\\lib\\router\\layer.js:95:5)\n    at trim_prefix (E:\\Projects\\Proman\\Backend\\node_modules\\express\\lib\\router\\index.js:317:13)\n    at E:\\Projects\\Proman\\Backend\\node_modules\\express\\lib\\router\\index.js:284:7\n    at Function.process_params (E:\\Projects\\Proman\\Backend\\node_modules\\express\\lib\\router\\index.js:335:12)\n    at next (E:\\Projects\\Proman\\Backend\\node_modules\\express\\lib\\router\\index.js:275:10)\n    at cookieParser (E:\\Projects\\Proman\\Backend\\node_modules\\cookie-parser\\index.js:57:14)\n    at Layer.handle [as handle_request] (E:\\Projects\\Proman\\Backend\\node_modules\\express\\lib\\router\\layer.js:95:5)\n    at trim_prefix (E:\\Projects\\Proman\\Backend\\node_modules\\express\\lib\\router\\index.js:317:13)\n    at E:\\Projects\\Proman\\Backend\\node_modules\\express\\lib\\router\\index.js:284:7\n    at Function.process_params (E:\\Projects\\Proman\\Backend\\node_modules\\express\\lib\\router\\index.js:335:12)\n    at next (E:\\Projects\\Proman\\Backend\\node_modules\\express\\lib\\router\\index.js:275:10)\n    at jsonParser (E:\\Projects\\Proman\\Backend\\node_modules\\body-parser\\lib\\types\\json.js:110:7)\n    at Layer.handle [as handle_request] (E:\\Projects\\Proman\\Backend\\node_modules\\express\\lib\\router\\layer.js:95:5)\n    at trim_prefix (E:\\Projects\\Proman\\Backend\\node_modules\\express\\lib\\router\\index.js:317:13)"
}

{
  "success": false,
  "statusCode": 404,
  "isOperational": true,
  "request": "GET /api/v1//projects",
  "domain": "Getting /api/v1//projects",
  "message": "🔥Error🔥: Page Not found",
  "date": "Sun, 06 Sep 2020 17:56:07 GMT",
  "stack": "Error: Page Not found\n    at new AppError (E:\\Projects\\Proman\\Backend\\src\\utils\\AppError.js:10:15)\n    at E:\\Projects\\Proman\\Backend\\app.js:59:10\n    at Layer.handle [as handle_request] (E:\\Projects\\Proman\\Backend\\node_modules\\express\\lib\\router\\layer.js:95:5)\n    at trim_prefix (E:\\Projects\\Proman\\Backend\\node_modules\\express\\lib\\router\\index.js:317:13)\n    at E:\\Projects\\Proman\\Backend\\node_modules\\express\\lib\\router\\index.js:284:7\n    at Function.process_params (E:\\Projects\\Proman\\Backend\\node_modules\\express\\lib\\router\\index.js:335:12)\n    at next (E:\\Projects\\Proman\\Backend\\node_modules\\express\\lib\\router\\index.js:275:10)\n    at cookieParser (E:\\Projects\\Proman\\Backend\\node_modules\\cookie-parser\\index.js:57:14)\n    at Layer.handle [as handle_request] (E:\\Projects\\Proman\\Backend\\node_modules\\express\\lib\\router\\layer.js:95:5)\n    at trim_prefix (E:\\Projects\\Proman\\Backend\\node_modules\\express\\lib\\router\\index.js:317:13)\n    at E:\\Projects\\Proman\\Backend\\node_modules\\express\\lib\\router\\index.js:284:7\n    at Function.process_params (E:\\Projects\\Proman\\Backend\\node_modules\\express\\lib\\router\\index.js:335:12)\n    at next (E:\\Projects\\Proman\\Backend\\node_modules\\express\\lib\\router\\index.js:275:10)\n    at jsonParser (E:\\Projects\\Proman\\Backend\\node_modules\\body-parser\\lib\\types\\json.js:110:7)\n    at Layer.handle [as handle_request] (E:\\Projects\\Proman\\Backend\\node_modules\\express\\lib\\router\\layer.js:95:5)\n    at trim_prefix (E:\\Projects\\Proman\\Backend\\node_modules\\express\\lib\\router\\index.js:317:13)"
}

{
  "success": false,
  "statusCode": 404,
  "isOperational": true,
  "request": "GET /api/v1//projects",
  "domain": "Getting /api/v1//projects",
  "message": "🔥Error🔥: Page Not found",
  "date": "Sun, 06 Sep 2020 17:56:12 GMT",
  "stack": "Error: Page Not found\n    at new AppError (E:\\Projects\\Proman\\Backend\\src\\utils\\AppError.js:10:15)\n    at E:\\Projects\\Proman\\Backend\\app.js:59:10\n    at Layer.handle [as handle_request] (E:\\Projects\\Proman\\Backend\\node_modules\\express\\lib\\router\\layer.js:95:5)\n    at trim_prefix (E:\\Projects\\Proman\\Backend\\node_modules\\express\\lib\\router\\index.js:317:13)\n    at E:\\Projects\\Proman\\Backend\\node_modules\\express\\lib\\router\\index.js:284:7\n    at Function.process_params (E:\\Projects\\Proman\\Backend\\node_modules\\express\\lib\\router\\index.js:335:12)\n    at next (E:\\Projects\\Proman\\Backend\\node_modules\\express\\lib\\router\\index.js:275:10)\n    at cookieParser (E:\\Projects\\Proman\\Backend\\node_modules\\cookie-parser\\index.js:57:14)\n    at Layer.handle [as handle_request] (E:\\Projects\\Proman\\Backend\\node_modules\\express\\lib\\router\\layer.js:95:5)\n    at trim_prefix (E:\\Projects\\Proman\\Backend\\node_modules\\express\\lib\\router\\index.js:317:13)\n    at E:\\Projects\\Proman\\Backend\\node_modules\\express\\lib\\router\\index.js:284:7\n    at Function.process_params (E:\\Projects\\Proman\\Backend\\node_modules\\express\\lib\\router\\index.js:335:12)\n    at next (E:\\Projects\\Proman\\Backend\\node_modules\\express\\lib\\router\\index.js:275:10)\n    at jsonParser (E:\\Projects\\Proman\\Backend\\node_modules\\body-parser\\lib\\types\\json.js:110:7)\n    at Layer.handle [as handle_request] (E:\\Projects\\Proman\\Backend\\node_modules\\express\\lib\\router\\layer.js:95:5)\n    at trim_prefix (E:\\Projects\\Proman\\Backend\\node_modules\\express\\lib\\router\\index.js:317:13)"
}

{
  "success": false,
  "statusCode": 404,
  "isOperational": true,
  "request": "GET /api/v1//projects",
  "domain": "Getting /api/v1//projects",
  "message": "🔥Error🔥: Page Not found",
  "date": "Sun, 06 Sep 2020 17:56:13 GMT",
  "stack": "Error: Page Not found\n    at new AppError (E:\\Projects\\Proman\\Backend\\src\\utils\\AppError.js:10:15)\n    at E:\\Projects\\Proman\\Backend\\app.js:59:10\n    at Layer.handle [as handle_request] (E:\\Projects\\Proman\\Backend\\node_modules\\express\\lib\\router\\layer.js:95:5)\n    at trim_prefix (E:\\Projects\\Proman\\Backend\\node_modules\\express\\lib\\router\\index.js:317:13)\n    at E:\\Projects\\Proman\\Backend\\node_modules\\express\\lib\\router\\index.js:284:7\n    at Function.process_params (E:\\Projects\\Proman\\Backend\\node_modules\\express\\lib\\router\\index.js:335:12)\n    at next (E:\\Projects\\Proman\\Backend\\node_modules\\express\\lib\\router\\index.js:275:10)\n    at cookieParser (E:\\Projects\\Proman\\Backend\\node_modules\\cookie-parser\\index.js:57:14)\n    at Layer.handle [as handle_request] (E:\\Projects\\Proman\\Backend\\node_modules\\express\\lib\\router\\layer.js:95:5)\n    at trim_prefix (E:\\Projects\\Proman\\Backend\\node_modules\\express\\lib\\router\\index.js:317:13)\n    at E:\\Projects\\Proman\\Backend\\node_modules\\express\\lib\\router\\index.js:284:7\n    at Function.process_params (E:\\Projects\\Proman\\Backend\\node_modules\\express\\lib\\router\\index.js:335:12)\n    at next (E:\\Projects\\Proman\\Backend\\node_modules\\express\\lib\\router\\index.js:275:10)\n    at jsonParser (E:\\Projects\\Proman\\Backend\\node_modules\\body-parser\\lib\\types\\json.js:110:7)\n    at Layer.handle [as handle_request] (E:\\Projects\\Proman\\Backend\\node_modules\\express\\lib\\router\\layer.js:95:5)\n    at trim_prefix (E:\\Projects\\Proman\\Backend\\node_modules\\express\\lib\\router\\index.js:317:13)"
}

{
  "success": false,
  "statusCode": 404,
  "isOperational": true,
  "request": "GET /api/v1//projects",
  "domain": "Getting /api/v1//projects",
  "message": "🔥Error🔥: Page Not found",
  "date": "Sun, 06 Sep 2020 17:56:13 GMT",
  "stack": "Error: Page Not found\n    at new AppError (E:\\Projects\\Proman\\Backend\\src\\utils\\AppError.js:10:15)\n    at E:\\Projects\\Proman\\Backend\\app.js:59:10\n    at Layer.handle [as handle_request] (E:\\Projects\\Proman\\Backend\\node_modules\\express\\lib\\router\\layer.js:95:5)\n    at trim_prefix (E:\\Projects\\Proman\\Backend\\node_modules\\express\\lib\\router\\index.js:317:13)\n    at E:\\Projects\\Proman\\Backend\\node_modules\\express\\lib\\router\\index.js:284:7\n    at Function.process_params (E:\\Projects\\Proman\\Backend\\node_modules\\express\\lib\\router\\index.js:335:12)\n    at next (E:\\Projects\\Proman\\Backend\\node_modules\\express\\lib\\router\\index.js:275:10)\n    at cookieParser (E:\\Projects\\Proman\\Backend\\node_modules\\cookie-parser\\index.js:57:14)\n    at Layer.handle [as handle_request] (E:\\Projects\\Proman\\Backend\\node_modules\\express\\lib\\router\\layer.js:95:5)\n    at trim_prefix (E:\\Projects\\Proman\\Backend\\node_modules\\express\\lib\\router\\index.js:317:13)\n    at E:\\Projects\\Proman\\Backend\\node_modules\\express\\lib\\router\\index.js:284:7\n    at Function.process_params (E:\\Projects\\Proman\\Backend\\node_modules\\express\\lib\\router\\index.js:335:12)\n    at next (E:\\Projects\\Proman\\Backend\\node_modules\\express\\lib\\router\\index.js:275:10)\n    at jsonParser (E:\\Projects\\Proman\\Backend\\node_modules\\body-parser\\lib\\types\\json.js:110:7)\n    at Layer.handle [as handle_request] (E:\\Projects\\Proman\\Backend\\node_modules\\express\\lib\\router\\layer.js:95:5)\n    at trim_prefix (E:\\Projects\\Proman\\Backend\\node_modules\\express\\lib\\router\\index.js:317:13)"
}

{
  "success": false,
  "statusCode": 404,
  "isOperational": true,
  "request": "GET /api/v1//projects",
  "domain": "Getting /api/v1//projects",
  "message": "🔥Error🔥: Page Not found",
  "date": "Sun, 06 Sep 2020 17:56:14 GMT",
  "stack": "Error: Page Not found\n    at new AppError (E:\\Projects\\Proman\\Backend\\src\\utils\\AppError.js:10:15)\n    at E:\\Projects\\Proman\\Backend\\app.js:59:10\n    at Layer.handle [as handle_request] (E:\\Projects\\Proman\\Backend\\node_modules\\express\\lib\\router\\layer.js:95:5)\n    at trim_prefix (E:\\Projects\\Proman\\Backend\\node_modules\\express\\lib\\router\\index.js:317:13)\n    at E:\\Projects\\Proman\\Backend\\node_modules\\express\\lib\\router\\index.js:284:7\n    at Function.process_params (E:\\Projects\\Proman\\Backend\\node_modules\\express\\lib\\router\\index.js:335:12)\n    at next (E:\\Projects\\Proman\\Backend\\node_modules\\express\\lib\\router\\index.js:275:10)\n    at cookieParser (E:\\Projects\\Proman\\Backend\\node_modules\\cookie-parser\\index.js:57:14)\n    at Layer.handle [as handle_request] (E:\\Projects\\Proman\\Backend\\node_modules\\express\\lib\\router\\layer.js:95:5)\n    at trim_prefix (E:\\Projects\\Proman\\Backend\\node_modules\\express\\lib\\router\\index.js:317:13)\n    at E:\\Projects\\Proman\\Backend\\node_modules\\express\\lib\\router\\index.js:284:7\n    at Function.process_params (E:\\Projects\\Proman\\Backend\\node_modules\\express\\lib\\router\\index.js:335:12)\n    at next (E:\\Projects\\Proman\\Backend\\node_modules\\express\\lib\\router\\index.js:275:10)\n    at jsonParser (E:\\Projects\\Proman\\Backend\\node_modules\\body-parser\\lib\\types\\json.js:110:7)\n    at Layer.handle [as handle_request] (E:\\Projects\\Proman\\Backend\\node_modules\\express\\lib\\router\\layer.js:95:5)\n    at trim_prefix (E:\\Projects\\Proman\\Backend\\node_modules\\express\\lib\\router\\index.js:317:13)"
}

{
  "success": false,
  "statusCode": 404,
  "isOperational": true,
  "request": "GET /api/v1/projects",
  "domain": "Getting /api/v1/projects",
  "message": "🔥Error🔥: Page Not found",
  "date": "Sun, 06 Sep 2020 17:56:16 GMT",
  "stack": "Error: Page Not found\n    at new AppError (E:\\Projects\\Proman\\Backend\\src\\utils\\AppError.js:10:15)\n    at E:\\Projects\\Proman\\Backend\\app.js:59:10\n    at Layer.handle [as handle_request] (E:\\Projects\\Proman\\Backend\\node_modules\\express\\lib\\router\\layer.js:95:5)\n    at trim_prefix (E:\\Projects\\Proman\\Backend\\node_modules\\express\\lib\\router\\index.js:317:13)\n    at E:\\Projects\\Proman\\Backend\\node_modules\\express\\lib\\router\\index.js:284:7\n    at Function.process_params (E:\\Projects\\Proman\\Backend\\node_modules\\express\\lib\\router\\index.js:335:12)\n    at next (E:\\Projects\\Proman\\Backend\\node_modules\\express\\lib\\router\\index.js:275:10)\n    at cookieParser (E:\\Projects\\Proman\\Backend\\node_modules\\cookie-parser\\index.js:57:14)\n    at Layer.handle [as handle_request] (E:\\Projects\\Proman\\Backend\\node_modules\\express\\lib\\router\\layer.js:95:5)\n    at trim_prefix (E:\\Projects\\Proman\\Backend\\node_modules\\express\\lib\\router\\index.js:317:13)\n    at E:\\Projects\\Proman\\Backend\\node_modules\\express\\lib\\router\\index.js:284:7\n    at Function.process_params (E:\\Projects\\Proman\\Backend\\node_modules\\express\\lib\\router\\index.js:335:12)\n    at next (E:\\Projects\\Proman\\Backend\\node_modules\\express\\lib\\router\\index.js:275:10)\n    at jsonParser (E:\\Projects\\Proman\\Backend\\node_modules\\body-parser\\lib\\types\\json.js:110:7)\n    at Layer.handle [as handle_request] (E:\\Projects\\Proman\\Backend\\node_modules\\express\\lib\\router\\layer.js:95:5)\n    at trim_prefix (E:\\Projects\\Proman\\Backend\\node_modules\\express\\lib\\router\\index.js:317:13)"
}

{
  "success": false,
  "statusCode": 404,
  "isOperational": true,
  "request": "GET /api/v1/projects",
  "domain": "Getting /api/v1/projects",
  "message": "🔥Error🔥: Page Not found",
  "date": "Sun, 06 Sep 2020 17:57:34 GMT",
  "stack": "Error: Page Not found\n    at new AppError (E:\\Projects\\Proman\\Backend\\src\\utils\\AppError.js:10:15)\n    at E:\\Projects\\Proman\\Backend\\app.js:60:10\n    at Layer.handle [as handle_request] (E:\\Projects\\Proman\\Backend\\node_modules\\express\\lib\\router\\layer.js:95:5)\n    at trim_prefix (E:\\Projects\\Proman\\Backend\\node_modules\\express\\lib\\router\\index.js:317:13)\n    at E:\\Projects\\Proman\\Backend\\node_modules\\express\\lib\\router\\index.js:284:7\n    at Function.process_params (E:\\Projects\\Proman\\Backend\\node_modules\\express\\lib\\router\\index.js:335:12)\n    at next (E:\\Projects\\Proman\\Backend\\node_modules\\express\\lib\\router\\index.js:275:10)\n    at cookieParser (E:\\Projects\\Proman\\Backend\\node_modules\\cookie-parser\\index.js:57:14)\n    at Layer.handle [as handle_request] (E:\\Projects\\Proman\\Backend\\node_modules\\express\\lib\\router\\layer.js:95:5)\n    at trim_prefix (E:\\Projects\\Proman\\Backend\\node_modules\\express\\lib\\router\\index.js:317:13)\n    at E:\\Projects\\Proman\\Backend\\node_modules\\express\\lib\\router\\index.js:284:7\n    at Function.process_params (E:\\Projects\\Proman\\Backend\\node_modules\\express\\lib\\router\\index.js:335:12)\n    at next (E:\\Projects\\Proman\\Backend\\node_modules\\express\\lib\\router\\index.js:275:10)\n    at jsonParser (E:\\Projects\\Proman\\Backend\\node_modules\\body-parser\\lib\\types\\json.js:110:7)\n    at Layer.handle [as handle_request] (E:\\Projects\\Proman\\Backend\\node_modules\\express\\lib\\router\\layer.js:95:5)\n    at trim_prefix (E:\\Projects\\Proman\\Backend\\node_modules\\express\\lib\\router\\index.js:317:13)"
}

{
  "success": false,
  "statusCode": 404,
  "isOperational": true,
  "request": "GET /api/v1/projects",
  "domain": "Getting /api/v1/projects",
  "message": "🔥Error🔥: Page Not found",
  "date": "Sun, 06 Sep 2020 17:57:35 GMT",
  "stack": "Error: Page Not found\n    at new AppError (E:\\Projects\\Proman\\Backend\\src\\utils\\AppError.js:10:15)\n    at E:\\Projects\\Proman\\Backend\\app.js:60:10\n    at Layer.handle [as handle_request] (E:\\Projects\\Proman\\Backend\\node_modules\\express\\lib\\router\\layer.js:95:5)\n    at trim_prefix (E:\\Projects\\Proman\\Backend\\node_modules\\express\\lib\\router\\index.js:317:13)\n    at E:\\Projects\\Proman\\Backend\\node_modules\\express\\lib\\router\\index.js:284:7\n    at Function.process_params (E:\\Projects\\Proman\\Backend\\node_modules\\express\\lib\\router\\index.js:335:12)\n    at next (E:\\Projects\\Proman\\Backend\\node_modules\\express\\lib\\router\\index.js:275:10)\n    at cookieParser (E:\\Projects\\Proman\\Backend\\node_modules\\cookie-parser\\index.js:57:14)\n    at Layer.handle [as handle_request] (E:\\Projects\\Proman\\Backend\\node_modules\\express\\lib\\router\\layer.js:95:5)\n    at trim_prefix (E:\\Projects\\Proman\\Backend\\node_modules\\express\\lib\\router\\index.js:317:13)\n    at E:\\Projects\\Proman\\Backend\\node_modules\\express\\lib\\router\\index.js:284:7\n    at Function.process_params (E:\\Projects\\Proman\\Backend\\node_modules\\express\\lib\\router\\index.js:335:12)\n    at next (E:\\Projects\\Proman\\Backend\\node_modules\\express\\lib\\router\\index.js:275:10)\n    at jsonParser (E:\\Projects\\Proman\\Backend\\node_modules\\body-parser\\lib\\types\\json.js:110:7)\n    at Layer.handle [as handle_request] (E:\\Projects\\Proman\\Backend\\node_modules\\express\\lib\\router\\layer.js:95:5)\n    at trim_prefix (E:\\Projects\\Proman\\Backend\\node_modules\\express\\lib\\router\\index.js:317:13)"
}

{
  "success": false,
  "statusCode": 404,
  "isOperational": true,
  "request": "GET /api/v1/projects",
  "domain": "Getting /api/v1/projects",
  "message": "🔥Error🔥: Page Not found",
  "date": "Sun, 06 Sep 2020 17:57:58 GMT",
  "stack": "Error: Page Not found\n    at new AppError (E:\\Projects\\Proman\\Backend\\src\\utils\\AppError.js:10:15)\n    at E:\\Projects\\Proman\\Backend\\app.js:59:10\n    at Layer.handle [as handle_request] (E:\\Projects\\Proman\\Backend\\node_modules\\express\\lib\\router\\layer.js:95:5)\n    at trim_prefix (E:\\Projects\\Proman\\Backend\\node_modules\\express\\lib\\router\\index.js:317:13)\n    at E:\\Projects\\Proman\\Backend\\node_modules\\express\\lib\\router\\index.js:284:7\n    at Function.process_params (E:\\Projects\\Proman\\Backend\\node_modules\\express\\lib\\router\\index.js:335:12)\n    at next (E:\\Projects\\Proman\\Backend\\node_modules\\express\\lib\\router\\index.js:275:10)\n    at cookieParser (E:\\Projects\\Proman\\Backend\\node_modules\\cookie-parser\\index.js:57:14)\n    at Layer.handle [as handle_request] (E:\\Projects\\Proman\\Backend\\node_modules\\express\\lib\\router\\layer.js:95:5)\n    at trim_prefix (E:\\Projects\\Proman\\Backend\\node_modules\\express\\lib\\router\\index.js:317:13)\n    at E:\\Projects\\Proman\\Backend\\node_modules\\express\\lib\\router\\index.js:284:7\n    at Function.process_params (E:\\Projects\\Proman\\Backend\\node_modules\\express\\lib\\router\\index.js:335:12)\n    at next (E:\\Projects\\Proman\\Backend\\node_modules\\express\\lib\\router\\index.js:275:10)\n    at jsonParser (E:\\Projects\\Proman\\Backend\\node_modules\\body-parser\\lib\\types\\json.js:110:7)\n    at Layer.handle [as handle_request] (E:\\Projects\\Proman\\Backend\\node_modules\\express\\lib\\router\\layer.js:95:5)\n    at trim_prefix (E:\\Projects\\Proman\\Backend\\node_modules\\express\\lib\\router\\index.js:317:13)"
}

