{
  "success": false,
  "statusCode": 401,
  "isOperational": true,
  "request": "POST /api/v1/users/login",
  "domain": "Login",
  "message": "🔥Error🔥: Invalid data",
  "date": "Sun, 20 Sep 2020 14:34:16 GMT",
  "stack": "Error: Invalid data\n    at new AppError (E:\\Projects\\Proman\\Backend\\src\\utils\\AppError.js:10:15)\n    at E:\\Projects\\Proman\\Backend\\src\\controllers\\authCtrl.js:66:15\n    at processTicksAndRejections (internal/process/task_queues.js:97:5)"
}

{
  "success": false,
  "statusCode": 404,
  "isOperational": true,
  "request": "GET /api/v1/projects",
  "domain": "Getting Tasks",
  "message": "🔥Error🔥: No tasks were found",
  "date": "Sun, 20 Sep 2020 14:39:09 GMT",
  "stack": "Error: No tasks were found\n    at new AppError (E:\\Projects\\Proman\\Backend\\src\\utils\\AppError.js:10:15)\n    at E:\\Projects\\Proman\\Backend\\src\\controllers\\projectCtrl.js:18:15\n    at processTicksAndRejections (internal/process/task_queues.js:97:5)"
}

{
  "success": false,
  "statusCode": 404,
  "isOperational": true,
  "request": "GET /api/v1/projects/5f6769f370da9e19f043fc78",
  "domain": "Project Finding",
  "message": "🔥Error🔥: Project not found",
  "date": "Sun, 20 Sep 2020 14:43:24 GMT",
  "stack": "Error: Project not found\n    at new AppError (E:\\Projects\\Proman\\Backend\\src\\utils\\AppError.js:10:15)\n    at E:\\Projects\\Proman\\Backend\\src\\controllers\\projectCtrl.js:37:15\n    at processTicksAndRejections (internal/process/task_queues.js:97:5)"
}

