{
  "success": false,
  "statusCode": 404,
  "isOperational": true,
  "request": "DELETE /api/v1/tasks/create",
  "domain": "Getting /api/v1/tasks/create",
  "message": "🔥Error🔥: Page Not found",
  "date": "Tue, 08 Sep 2020 12:10:02 GMT",
  "stack": "Error: Page Not found\n    at new AppError (E:\\Projects\\Proman\\Backend\\src\\utils\\AppError.js:10:15)\n    at E:\\Projects\\Proman\\Backend\\app.js:58:7\n    at Layer.handle [as handle_request] (E:\\Projects\\Proman\\Backend\\node_modules\\express\\lib\\router\\layer.js:95:5)\n    at trim_prefix (E:\\Projects\\Proman\\Backend\\node_modules\\express\\lib\\router\\index.js:317:13)\n    at E:\\Projects\\Proman\\Backend\\node_modules\\express\\lib\\router\\index.js:284:7\n    at Function.process_params (E:\\Projects\\Proman\\Backend\\node_modules\\express\\lib\\router\\index.js:335:12)\n    at next (E:\\Projects\\Proman\\Backend\\node_modules\\express\\lib\\router\\index.js:275:10)\n    at E:\\Projects\\Proman\\Backend\\node_modules\\express\\lib\\router\\index.js:635:15\n    at next (E:\\Projects\\Proman\\Backend\\node_modules\\express\\lib\\router\\index.js:260:14)\n    at Function.handle (E:\\Projects\\Proman\\Backend\\node_modules\\express\\lib\\router\\index.js:174:3)\n    at router (E:\\Projects\\Proman\\Backend\\node_modules\\express\\lib\\router\\index.js:47:12)\n    at Layer.handle [as handle_request] (E:\\Projects\\Proman\\Backend\\node_modules\\express\\lib\\router\\layer.js:95:5)\n    at trim_prefix (E:\\Projects\\Proman\\Backend\\node_modules\\express\\lib\\router\\index.js:317:13)\n    at E:\\Projects\\Proman\\Backend\\node_modules\\express\\lib\\router\\index.js:284:7\n    at Function.process_params (E:\\Projects\\Proman\\Backend\\node_modules\\express\\lib\\router\\index.js:335:12)\n    at next (E:\\Projects\\Proman\\Backend\\node_modules\\express\\lib\\router\\index.js:275:10)"
}

{
  "statusCode": 500,
  "isOperational": false,
  "request": "DELETE /api/v1/tasks/delete",
  "message": "🔥Error🔥: Cannot convert undefined or null to object",
  "date": "Tue, 08 Sep 2020 12:10:13 GMT",
  "stack": "TypeError: Cannot convert undefined or null to object\n    at Function.keys (<anonymous>)\n    at newTasksKeyLoop (E:\\Projects\\Proman\\Backend\\src\\controllers\\taskCtrl.js:50:22)\n    at E:\\Projects\\Proman\\Backend\\src\\controllers\\taskCtrl.js:68:8\n    at E:\\Projects\\Proman\\Backend\\src\\utils\\catchAsync.js:3:5\n    at Layer.handle [as handle_request] (E:\\Projects\\Proman\\Backend\\node_modules\\express\\lib\\router\\layer.js:95:5)\n    at next (E:\\Projects\\Proman\\Backend\\node_modules\\express\\lib\\router\\route.js:137:13)\n    at Route.dispatch (E:\\Projects\\Proman\\Backend\\node_modules\\express\\lib\\router\\route.js:112:3)\n    at Layer.handle [as handle_request] (E:\\Projects\\Proman\\Backend\\node_modules\\express\\lib\\router\\layer.js:95:5)\n    at E:\\Projects\\Proman\\Backend\\node_modules\\express\\lib\\router\\index.js:281:22\n    at Function.process_params (E:\\Projects\\Proman\\Backend\\node_modules\\express\\lib\\router\\index.js:335:12)\n    at next (E:\\Projects\\Proman\\Backend\\node_modules\\express\\lib\\router\\index.js:275:10)\n    at Function.handle (E:\\Projects\\Proman\\Backend\\node_modules\\express\\lib\\router\\index.js:174:3)\n    at router (E:\\Projects\\Proman\\Backend\\node_modules\\express\\lib\\router\\index.js:47:12)\n    at Layer.handle [as handle_request] (E:\\Projects\\Proman\\Backend\\node_modules\\express\\lib\\router\\layer.js:95:5)\n    at trim_prefix (E:\\Projects\\Proman\\Backend\\node_modules\\express\\lib\\router\\index.js:317:13)\n    at E:\\Projects\\Proman\\Backend\\node_modules\\express\\lib\\router\\index.js:284:7"
}

{
  "statusCode": 500,
  "isOperational": false,
  "request": "DELETE /api/v1/tasks/delete",
  "message": "🔥Error🔥: findOneAndDelete is not defined",
  "date": "Tue, 08 Sep 2020 12:16:22 GMT",
  "stack": "ReferenceError: findOneAndDelete is not defined\n    at E:\\Projects\\Proman\\Backend\\src\\controllers\\taskCtrl.js:93:3\n    at E:\\Projects\\Proman\\Backend\\src\\utils\\catchAsync.js:3:5\n    at Layer.handle [as handle_request] (E:\\Projects\\Proman\\Backend\\node_modules\\express\\lib\\router\\layer.js:95:5)\n    at next (E:\\Projects\\Proman\\Backend\\node_modules\\express\\lib\\router\\route.js:137:13)\n    at Route.dispatch (E:\\Projects\\Proman\\Backend\\node_modules\\express\\lib\\router\\route.js:112:3)\n    at Layer.handle [as handle_request] (E:\\Projects\\Proman\\Backend\\node_modules\\express\\lib\\router\\layer.js:95:5)\n    at E:\\Projects\\Proman\\Backend\\node_modules\\express\\lib\\router\\index.js:281:22\n    at Function.process_params (E:\\Projects\\Proman\\Backend\\node_modules\\express\\lib\\router\\index.js:335:12)\n    at next (E:\\Projects\\Proman\\Backend\\node_modules\\express\\lib\\router\\index.js:275:10)\n    at Function.handle (E:\\Projects\\Proman\\Backend\\node_modules\\express\\lib\\router\\index.js:174:3)\n    at router (E:\\Projects\\Proman\\Backend\\node_modules\\express\\lib\\router\\index.js:47:12)\n    at Layer.handle [as handle_request] (E:\\Projects\\Proman\\Backend\\node_modules\\express\\lib\\router\\layer.js:95:5)\n    at trim_prefix (E:\\Projects\\Proman\\Backend\\node_modules\\express\\lib\\router\\index.js:317:13)\n    at E:\\Projects\\Proman\\Backend\\node_modules\\express\\lib\\router\\index.js:284:7\n    at Function.process_params (E:\\Projects\\Proman\\Backend\\node_modules\\express\\lib\\router\\index.js:335:12)\n    at next (E:\\Projects\\Proman\\Backend\\node_modules\\express\\lib\\router\\index.js:275:10)"
}

{
  "statusCode": 500,
  "isOperational": false,
  "request": "DELETE /api/v1/tasks/delete",
  "message": "🔥Error🔥: Cannot read property 'subTasks' of null",
  "date": "Tue, 08 Sep 2020 12:24:03 GMT",
  "stack": "TypeError: Cannot read property 'subTasks' of null\n    at model.Query.<anonymous> (E:\\Projects\\Proman\\Backend\\src\\models\\task.js:39:23)\n    at callMiddlewareFunction (E:\\Projects\\Proman\\Backend\\node_modules\\kareem\\index.js:482:23)\n    at next (E:\\Projects\\Proman\\Backend\\node_modules\\kareem\\index.js:193:9)\n    at Kareem.execPost (E:\\Projects\\Proman\\Backend\\node_modules\\kareem\\index.js:217:3)\n    at _cb (E:\\Projects\\Proman\\Backend\\node_modules\\kareem\\index.js:307:15)\n    at model.Query.Query._completeOne (E:\\Projects\\Proman\\Backend\\node_modules\\mongoose\\lib\\query.js:2083:12)\n    at E:\\Projects\\Proman\\Backend\\node_modules\\mongoose\\lib\\query.js:3249:17\n    at E:\\Projects\\Proman\\Backend\\node_modules\\mongoose\\lib\\query.js:4444:12\n    at executeCallback (E:\\Projects\\Proman\\Backend\\node_modules\\mongodb\\lib\\operations\\execute_operation.js:70:5)\n    at handleCallback (E:\\Projects\\Proman\\Backend\\node_modules\\mongodb\\lib\\utils.js:102:55)\n    at E:\\Projects\\Proman\\Backend\\node_modules\\mongodb\\lib\\operations\\find_and_modify.js:110:14\n    at handleCallback (E:\\Projects\\Proman\\Backend\\node_modules\\mongodb\\lib\\utils.js:102:55)\n    at E:\\Projects\\Proman\\Backend\\node_modules\\mongodb\\lib\\operations\\db_ops.js:243:5\n    at E:\\Projects\\Proman\\Backend\\node_modules\\mongodb\\lib\\core\\connection\\pool.js:405:18\n    at processTicksAndRejections (internal/process/task_queues.js:79:11)"
}

{
  "success": false,
  "statusCode": 400,
  "isOperational": true,
  "request": "GET /api/v1/tasks/5f56985f003b3405d80ecca1",
  "domain": "Task find",
  "message": "🔥Error🔥: Task id is not valid",
  "date": "Tue, 08 Sep 2020 12:40:17 GMT",
  "stack": "Error: Task id is not valid\n    at new AppError (E:\\Projects\\Proman\\Backend\\src\\utils\\AppError.js:10:15)\n    at E:\\Projects\\Proman\\Backend\\src\\controllers\\taskCtrl.js:80:15\n    at E:\\Projects\\Proman\\Backend\\src\\utils\\catchAsync.js:3:5\n    at Layer.handle [as handle_request] (E:\\Projects\\Proman\\Backend\\node_modules\\express\\lib\\router\\layer.js:95:5)\n    at next (E:\\Projects\\Proman\\Backend\\node_modules\\express\\lib\\router\\route.js:137:13)\n    at Route.dispatch (E:\\Projects\\Proman\\Backend\\node_modules\\express\\lib\\router\\route.js:112:3)\n    at Layer.handle [as handle_request] (E:\\Projects\\Proman\\Backend\\node_modules\\express\\lib\\router\\layer.js:95:5)\n    at E:\\Projects\\Proman\\Backend\\node_modules\\express\\lib\\router\\index.js:281:22\n    at param (E:\\Projects\\Proman\\Backend\\node_modules\\express\\lib\\router\\index.js:354:14)\n    at param (E:\\Projects\\Proman\\Backend\\node_modules\\express\\lib\\router\\index.js:365:14)\n    at Function.process_params (E:\\Projects\\Proman\\Backend\\node_modules\\express\\lib\\router\\index.js:410:3)\n    at next (E:\\Projects\\Proman\\Backend\\node_modules\\express\\lib\\router\\index.js:275:10)\n    at Function.handle (E:\\Projects\\Proman\\Backend\\node_modules\\express\\lib\\router\\index.js:174:3)\n    at router (E:\\Projects\\Proman\\Backend\\node_modules\\express\\lib\\router\\index.js:47:12)\n    at Layer.handle [as handle_request] (E:\\Projects\\Proman\\Backend\\node_modules\\express\\lib\\router\\layer.js:95:5)\n    at trim_prefix (E:\\Projects\\Proman\\Backend\\node_modules\\express\\lib\\router\\index.js:317:13)"
}

{
  "statusCode": 500,
  "isOperational": false,
  "request": "PATCH /api/v1/tasks/update",
  "message": "🔥Error🔥: Cannot set property 'done' of undefined",
  "date": "Tue, 08 Sep 2020 12:53:32 GMT",
  "stack": "TypeError: Cannot set property 'done' of undefined\n    at E:\\Projects\\Proman\\Backend\\src\\controllers\\taskCtrl.js:122:43\n    at Array.forEach (<anonymous>)\n    at trimObjectsFromUnknownKeys (E:\\Projects\\Proman\\Backend\\src\\controllers\\taskCtrl.js:115:22)\n    at E:\\Projects\\Proman\\Backend\\src\\controllers\\taskCtrl.js:130:23\n    at E:\\Projects\\Proman\\Backend\\src\\utils\\catchAsync.js:3:5\n    at Layer.handle [as handle_request] (E:\\Projects\\Proman\\Backend\\node_modules\\express\\lib\\router\\layer.js:95:5)\n    at next (E:\\Projects\\Proman\\Backend\\node_modules\\express\\lib\\router\\route.js:137:13)\n    at Route.dispatch (E:\\Projects\\Proman\\Backend\\node_modules\\express\\lib\\router\\route.js:112:3)\n    at Layer.handle [as handle_request] (E:\\Projects\\Proman\\Backend\\node_modules\\express\\lib\\router\\layer.js:95:5)\n    at E:\\Projects\\Proman\\Backend\\node_modules\\express\\lib\\router\\index.js:281:22\n    at Function.process_params (E:\\Projects\\Proman\\Backend\\node_modules\\express\\lib\\router\\index.js:335:12)\n    at next (E:\\Projects\\Proman\\Backend\\node_modules\\express\\lib\\router\\index.js:275:10)\n    at Function.handle (E:\\Projects\\Proman\\Backend\\node_modules\\express\\lib\\router\\index.js:174:3)\n    at router (E:\\Projects\\Proman\\Backend\\node_modules\\express\\lib\\router\\index.js:47:12)\n    at Layer.handle [as handle_request] (E:\\Projects\\Proman\\Backend\\node_modules\\express\\lib\\router\\layer.js:95:5)\n    at trim_prefix (E:\\Projects\\Proman\\Backend\\node_modules\\express\\lib\\router\\index.js:317:13)"
}

{
  "statusCode": 500,
  "isOperational": false,
  "request": "PATCH /api/v1/tasks/update",
  "message": "🔥Error🔥: Cannot set property 'done' of undefined",
  "date": "Tue, 08 Sep 2020 12:57:33 GMT",
  "stack": "TypeError: Cannot set property 'done' of undefined\n    at E:\\Projects\\Proman\\Backend\\src\\controllers\\taskCtrl.js:126:27\n    at Array.forEach (<anonymous>)\n    at trimObjectsFromUnknownKeys (E:\\Projects\\Proman\\Backend\\src\\controllers\\taskCtrl.js:115:22)\n    at E:\\Projects\\Proman\\Backend\\src\\controllers\\taskCtrl.js:135:23\n    at E:\\Projects\\Proman\\Backend\\src\\utils\\catchAsync.js:3:5\n    at Layer.handle [as handle_request] (E:\\Projects\\Proman\\Backend\\node_modules\\express\\lib\\router\\layer.js:95:5)\n    at next (E:\\Projects\\Proman\\Backend\\node_modules\\express\\lib\\router\\route.js:137:13)\n    at Route.dispatch (E:\\Projects\\Proman\\Backend\\node_modules\\express\\lib\\router\\route.js:112:3)\n    at Layer.handle [as handle_request] (E:\\Projects\\Proman\\Backend\\node_modules\\express\\lib\\router\\layer.js:95:5)\n    at E:\\Projects\\Proman\\Backend\\node_modules\\express\\lib\\router\\index.js:281:22\n    at Function.process_params (E:\\Projects\\Proman\\Backend\\node_modules\\express\\lib\\router\\index.js:335:12)\n    at next (E:\\Projects\\Proman\\Backend\\node_modules\\express\\lib\\router\\index.js:275:10)\n    at Function.handle (E:\\Projects\\Proman\\Backend\\node_modules\\express\\lib\\router\\index.js:174:3)\n    at router (E:\\Projects\\Proman\\Backend\\node_modules\\express\\lib\\router\\index.js:47:12)\n    at Layer.handle [as handle_request] (E:\\Projects\\Proman\\Backend\\node_modules\\express\\lib\\router\\layer.js:95:5)\n    at trim_prefix (E:\\Projects\\Proman\\Backend\\node_modules\\express\\lib\\router\\index.js:317:13)"
}

