{
  "statusCode": 400,
  "isOperational": false,
  "request": "POST /api/v1/users/login",
  "message": "🔥Error🔥: Unexpected token p in JSON at position 46",
  "date": "Thu, 17 Sep 2020 16:13:10 GMT",
  "stack": "SyntaxError: Unexpected token p in JSON at position 46\n    at JSON.parse (<anonymous>)\n    at parse (E:\\Projects\\Proman\\Backend\\node_modules\\body-parser\\lib\\types\\json.js:89:19)\n    at E:\\Projects\\Proman\\Backend\\node_modules\\body-parser\\lib\\read.js:121:18\n    at invokeCallback (E:\\Projects\\Proman\\Backend\\node_modules\\raw-body\\index.js:224:16)\n    at done (E:\\Projects\\Proman\\Backend\\node_modules\\raw-body\\index.js:213:7)\n    at IncomingMessage.onEnd (E:\\Projects\\Proman\\Backend\\node_modules\\raw-body\\index.js:273:7)\n    at IncomingMessage.emit (events.js:322:22)\n    at endReadableNT (_stream_readable.js:1187:12)\n    at processTicksAndRejections (internal/process/task_queues.js:84:21)"
}

{
  "statusCode": 400,
  "isOperational": false,
  "request": "POST /api/v1/users/login",
  "message": "🔥Error🔥: Unexpected token p in JSON at position 46",
  "date": "Thu, 17 Sep 2020 16:14:41 GMT",
  "stack": "SyntaxError: Unexpected token p in JSON at position 46\n    at JSON.parse (<anonymous>)\n    at parse (E:\\Projects\\Proman\\Backend\\node_modules\\body-parser\\lib\\types\\json.js:89:19)\n    at E:\\Projects\\Proman\\Backend\\node_modules\\body-parser\\lib\\read.js:121:18\n    at invokeCallback (E:\\Projects\\Proman\\Backend\\node_modules\\raw-body\\index.js:224:16)\n    at done (E:\\Projects\\Proman\\Backend\\node_modules\\raw-body\\index.js:213:7)\n    at IncomingMessage.onEnd (E:\\Projects\\Proman\\Backend\\node_modules\\raw-body\\index.js:273:7)\n    at IncomingMessage.emit (events.js:322:22)\n    at endReadableNT (_stream_readable.js:1187:12)\n    at processTicksAndRejections (internal/process/task_queues.js:84:21)"
}

{
  "statusCode": 400,
  "isOperational": false,
  "request": "POST /api/v1/users/login",
  "message": "🔥Error🔥: Unexpected token p in JSON at position 46",
  "date": "Thu, 17 Sep 2020 16:15:25 GMT",
  "stack": "SyntaxError: Unexpected token p in JSON at position 46\n    at JSON.parse (<anonymous>)\n    at parse (E:\\Projects\\Proman\\Backend\\node_modules\\body-parser\\lib\\types\\json.js:89:19)\n    at E:\\Projects\\Proman\\Backend\\node_modules\\body-parser\\lib\\read.js:121:18\n    at invokeCallback (E:\\Projects\\Proman\\Backend\\node_modules\\raw-body\\index.js:224:16)\n    at done (E:\\Projects\\Proman\\Backend\\node_modules\\raw-body\\index.js:213:7)\n    at IncomingMessage.onEnd (E:\\Projects\\Proman\\Backend\\node_modules\\raw-body\\index.js:273:7)\n    at IncomingMessage.emit (events.js:322:22)\n    at endReadableNT (_stream_readable.js:1187:12)\n    at processTicksAndRejections (internal/process/task_queues.js:84:21)"
}

{
  "statusCode": 400,
  "isOperational": false,
  "request": "POST /api/v1/users/login",
  "message": "🔥Error🔥: Unexpected token p in JSON at position 46",
  "date": "Thu, 17 Sep 2020 16:15:36 GMT",
  "stack": "SyntaxError: Unexpected token p in JSON at position 46\n    at JSON.parse (<anonymous>)\n    at parse (E:\\Projects\\Proman\\Backend\\node_modules\\body-parser\\lib\\types\\json.js:89:19)\n    at E:\\Projects\\Proman\\Backend\\node_modules\\body-parser\\lib\\read.js:121:18\n    at invokeCallback (E:\\Projects\\Proman\\Backend\\node_modules\\raw-body\\index.js:224:16)\n    at done (E:\\Projects\\Proman\\Backend\\node_modules\\raw-body\\index.js:213:7)\n    at IncomingMessage.onEnd (E:\\Projects\\Proman\\Backend\\node_modules\\raw-body\\index.js:273:7)\n    at IncomingMessage.emit (events.js:322:22)\n    at endReadableNT (_stream_readable.js:1187:12)\n    at processTicksAndRejections (internal/process/task_queues.js:84:21)"
}

{
  "statusCode": 400,
  "isOperational": false,
  "request": "POST /api/v1/users/loginsc",
  "message": "🔥Error🔥: Unexpected token p in JSON at position 46",
  "date": "Thu, 17 Sep 2020 16:17:42 GMT",
  "stack": "SyntaxError: Unexpected token p in JSON at position 46\n    at JSON.parse (<anonymous>)\n    at parse (E:\\Projects\\Proman\\Backend\\node_modules\\body-parser\\lib\\types\\json.js:89:19)\n    at E:\\Projects\\Proman\\Backend\\node_modules\\body-parser\\lib\\read.js:121:18\n    at invokeCallback (E:\\Projects\\Proman\\Backend\\node_modules\\raw-body\\index.js:224:16)\n    at done (E:\\Projects\\Proman\\Backend\\node_modules\\raw-body\\index.js:213:7)\n    at IncomingMessage.onEnd (E:\\Projects\\Proman\\Backend\\node_modules\\raw-body\\index.js:273:7)\n    at IncomingMessage.emit (events.js:322:22)\n    at endReadableNT (_stream_readable.js:1187:12)\n    at processTicksAndRejections (internal/process/task_queues.js:84:21)"
}

{
  "statusCode": 400,
  "isOperational": false,
  "request": "POST /api/v1/users/login",
  "message": "🔥Error🔥: Unexpected token p in JSON at position 46",
  "date": "Thu, 17 Sep 2020 16:17:52 GMT",
  "stack": "SyntaxError: Unexpected token p in JSON at position 46\n    at JSON.parse (<anonymous>)\n    at parse (E:\\Projects\\Proman\\Backend\\node_modules\\body-parser\\lib\\types\\json.js:89:19)\n    at E:\\Projects\\Proman\\Backend\\node_modules\\body-parser\\lib\\read.js:121:18\n    at invokeCallback (E:\\Projects\\Proman\\Backend\\node_modules\\raw-body\\index.js:224:16)\n    at done (E:\\Projects\\Proman\\Backend\\node_modules\\raw-body\\index.js:213:7)\n    at IncomingMessage.onEnd (E:\\Projects\\Proman\\Backend\\node_modules\\raw-body\\index.js:273:7)\n    at IncomingMessage.emit (events.js:322:22)\n    at endReadableNT (_stream_readable.js:1187:12)\n    at processTicksAndRejections (internal/process/task_queues.js:84:21)"
}

{
  "success": false,
  "statusCode": 401,
  "isOperational": true,
  "request": "POST /api/v1/users/login",
  "domain": "Login",
  "message": "🔥Error🔥: Invalid data",
  "date": "Thu, 17 Sep 2020 16:18:07 GMT",
  "stack": "Error: Invalid data\n    at new AppError (E:\\Projects\\Proman\\Backend\\src\\utils\\AppError.js:10:15)\n    at E:\\Projects\\Proman\\Backend\\src\\controllers\\authCtrl.js:64:15"
}

{
  "statusCode": 500,
  "isOperational": false,
  "request": "GET /api/v1/projects/5f56985f003b3405d80ecca1",
  "message": "🔥Error🔥: invalid token",
  "date": "Thu, 17 Sep 2020 16:31:31 GMT",
  "stack": "JsonWebTokenError: invalid token\n    at Object.module.exports [as verify] (E:\\Projects\\Proman\\Backend\\node_modules\\jsonwebtoken\\verify.js:75:17)\n    at E:\\Projects\\Proman\\Backend\\src\\controllers\\authCtrl.js:99:28\n    at E:\\Projects\\Proman\\Backend\\src\\utils\\catchAsync.js:3:5\n    at Layer.handle [as handle_request] (E:\\Projects\\Proman\\Backend\\node_modules\\express\\lib\\router\\layer.js:95:5)\n    at next (E:\\Projects\\Proman\\Backend\\node_modules\\express\\lib\\router\\route.js:137:13)\n    at Route.dispatch (E:\\Projects\\Proman\\Backend\\node_modules\\express\\lib\\router\\route.js:112:3)\n    at Layer.handle [as handle_request] (E:\\Projects\\Proman\\Backend\\node_modules\\express\\lib\\router\\layer.js:95:5)\n    at E:\\Projects\\Proman\\Backend\\node_modules\\express\\lib\\router\\index.js:281:22\n    at param (E:\\Projects\\Proman\\Backend\\node_modules\\express\\lib\\router\\index.js:354:14)\n    at param (E:\\Projects\\Proman\\Backend\\node_modules\\express\\lib\\router\\index.js:365:14)\n    at Function.process_params (E:\\Projects\\Proman\\Backend\\node_modules\\express\\lib\\router\\index.js:410:3)\n    at next (E:\\Projects\\Proman\\Backend\\node_modules\\express\\lib\\router\\index.js:275:10)\n    at Function.handle (E:\\Projects\\Proman\\Backend\\node_modules\\express\\lib\\router\\index.js:174:3)\n    at router (E:\\Projects\\Proman\\Backend\\node_modules\\express\\lib\\router\\index.js:47:12)\n    at Layer.handle [as handle_request] (E:\\Projects\\Proman\\Backend\\node_modules\\express\\lib\\router\\layer.js:95:5)\n    at trim_prefix (E:\\Projects\\Proman\\Backend\\node_modules\\express\\lib\\router\\index.js:317:13)"
}

{
  "statusCode": 500,
  "isOperational": false,
  "request": "GET /api/v1/projects/5f56985f003b3405d80ecca1",
  "message": "🔥Error🔥: invalid token",
  "date": "Thu, 17 Sep 2020 16:32:45 GMT",
  "stack": "JsonWebTokenError: invalid token\n    at Object.module.exports [as verify] (E:\\Projects\\Proman\\Backend\\node_modules\\jsonwebtoken\\verify.js:75:17)\n    at E:\\Projects\\Proman\\Backend\\src\\controllers\\authCtrl.js:102:28\n    at E:\\Projects\\Proman\\Backend\\src\\utils\\catchAsync.js:3:5\n    at Layer.handle [as handle_request] (E:\\Projects\\Proman\\Backend\\node_modules\\express\\lib\\router\\layer.js:95:5)\n    at next (E:\\Projects\\Proman\\Backend\\node_modules\\express\\lib\\router\\route.js:137:13)\n    at Route.dispatch (E:\\Projects\\Proman\\Backend\\node_modules\\express\\lib\\router\\route.js:112:3)\n    at Layer.handle [as handle_request] (E:\\Projects\\Proman\\Backend\\node_modules\\express\\lib\\router\\layer.js:95:5)\n    at E:\\Projects\\Proman\\Backend\\node_modules\\express\\lib\\router\\index.js:281:22\n    at param (E:\\Projects\\Proman\\Backend\\node_modules\\express\\lib\\router\\index.js:354:14)\n    at param (E:\\Projects\\Proman\\Backend\\node_modules\\express\\lib\\router\\index.js:365:14)\n    at Function.process_params (E:\\Projects\\Proman\\Backend\\node_modules\\express\\lib\\router\\index.js:410:3)\n    at next (E:\\Projects\\Proman\\Backend\\node_modules\\express\\lib\\router\\index.js:275:10)\n    at Function.handle (E:\\Projects\\Proman\\Backend\\node_modules\\express\\lib\\router\\index.js:174:3)\n    at router (E:\\Projects\\Proman\\Backend\\node_modules\\express\\lib\\router\\index.js:47:12)\n    at Layer.handle [as handle_request] (E:\\Projects\\Proman\\Backend\\node_modules\\express\\lib\\router\\layer.js:95:5)\n    at trim_prefix (E:\\Projects\\Proman\\Backend\\node_modules\\express\\lib\\router\\index.js:317:13)"
}

{
  "statusCode": 500,
  "isOperational": false,
  "request": "GET /api/v1/projects/5f56985f003b3405d80ecca1",
  "message": "🔥Error🔥: invalid token",
  "date": "Thu, 17 Sep 2020 16:33:08 GMT",
  "stack": "JsonWebTokenError: invalid token\n    at Object.module.exports [as verify] (E:\\Projects\\Proman\\Backend\\node_modules\\jsonwebtoken\\verify.js:75:17)\n    at E:\\Projects\\Proman\\Backend\\src\\controllers\\authCtrl.js:99:28\n    at E:\\Projects\\Proman\\Backend\\src\\utils\\catchAsync.js:3:5\n    at Layer.handle [as handle_request] (E:\\Projects\\Proman\\Backend\\node_modules\\express\\lib\\router\\layer.js:95:5)\n    at next (E:\\Projects\\Proman\\Backend\\node_modules\\express\\lib\\router\\route.js:137:13)\n    at Route.dispatch (E:\\Projects\\Proman\\Backend\\node_modules\\express\\lib\\router\\route.js:112:3)\n    at Layer.handle [as handle_request] (E:\\Projects\\Proman\\Backend\\node_modules\\express\\lib\\router\\layer.js:95:5)\n    at E:\\Projects\\Proman\\Backend\\node_modules\\express\\lib\\router\\index.js:281:22\n    at param (E:\\Projects\\Proman\\Backend\\node_modules\\express\\lib\\router\\index.js:354:14)\n    at param (E:\\Projects\\Proman\\Backend\\node_modules\\express\\lib\\router\\index.js:365:14)\n    at Function.process_params (E:\\Projects\\Proman\\Backend\\node_modules\\express\\lib\\router\\index.js:410:3)\n    at next (E:\\Projects\\Proman\\Backend\\node_modules\\express\\lib\\router\\index.js:275:10)\n    at Function.handle (E:\\Projects\\Proman\\Backend\\node_modules\\express\\lib\\router\\index.js:174:3)\n    at router (E:\\Projects\\Proman\\Backend\\node_modules\\express\\lib\\router\\index.js:47:12)\n    at Layer.handle [as handle_request] (E:\\Projects\\Proman\\Backend\\node_modules\\express\\lib\\router\\layer.js:95:5)\n    at trim_prefix (E:\\Projects\\Proman\\Backend\\node_modules\\express\\lib\\router\\index.js:317:13)"
}

{
  "statusCode": 500,
  "isOperational": false,
  "request": "GET /api/v1/projects/5f56985f003b3405d80ecca1",
  "message": "🔥Error🔥: invalid token",
  "date": "Thu, 17 Sep 2020 16:33:45 GMT",
  "stack": "JsonWebTokenError: invalid token\n    at Object.module.exports [as verify] (E:\\Projects\\Proman\\Backend\\node_modules\\jsonwebtoken\\verify.js:75:17)\n    at E:\\Projects\\Proman\\Backend\\src\\controllers\\authCtrl.js:100:28\n    at E:\\Projects\\Proman\\Backend\\src\\utils\\catchAsync.js:3:5\n    at Layer.handle [as handle_request] (E:\\Projects\\Proman\\Backend\\node_modules\\express\\lib\\router\\layer.js:95:5)\n    at next (E:\\Projects\\Proman\\Backend\\node_modules\\express\\lib\\router\\route.js:137:13)\n    at Route.dispatch (E:\\Projects\\Proman\\Backend\\node_modules\\express\\lib\\router\\route.js:112:3)\n    at Layer.handle [as handle_request] (E:\\Projects\\Proman\\Backend\\node_modules\\express\\lib\\router\\layer.js:95:5)\n    at E:\\Projects\\Proman\\Backend\\node_modules\\express\\lib\\router\\index.js:281:22\n    at param (E:\\Projects\\Proman\\Backend\\node_modules\\express\\lib\\router\\index.js:354:14)\n    at param (E:\\Projects\\Proman\\Backend\\node_modules\\express\\lib\\router\\index.js:365:14)\n    at Function.process_params (E:\\Projects\\Proman\\Backend\\node_modules\\express\\lib\\router\\index.js:410:3)\n    at next (E:\\Projects\\Proman\\Backend\\node_modules\\express\\lib\\router\\index.js:275:10)\n    at Function.handle (E:\\Projects\\Proman\\Backend\\node_modules\\express\\lib\\router\\index.js:174:3)\n    at router (E:\\Projects\\Proman\\Backend\\node_modules\\express\\lib\\router\\index.js:47:12)\n    at Layer.handle [as handle_request] (E:\\Projects\\Proman\\Backend\\node_modules\\express\\lib\\router\\layer.js:95:5)\n    at trim_prefix (E:\\Projects\\Proman\\Backend\\node_modules\\express\\lib\\router\\index.js:317:13)"
}

{
  "success": false,
  "statusCode": 404,
  "isOperational": true,
  "request": "GET /api/v1/projects/5f56985f003b3405d80ecca1",
  "domain": "Project Finding",
  "message": "🔥Error🔥: Project not found",
  "date": "Thu, 17 Sep 2020 16:36:28 GMT",
  "stack": "Error: Project not found\n    at new AppError (E:\\Projects\\Proman\\Backend\\src\\utils\\AppError.js:10:15)\n    at E:\\Projects\\Proman\\Backend\\src\\controllers\\projectCtrl.js:37:15\n    at processTicksAndRejections (internal/process/task_queues.js:97:5)"
}

{
  "success": false,
  "statusCode": 404,
  "isOperational": true,
  "request": "POST /api/v1/tasks/5f62459b59304e29bc2acb5b",
  "domain": "Find Project To Create Tasks",
  "message": "🔥Error🔥: Project doesn't exist",
  "date": "Thu, 17 Sep 2020 16:40:15 GMT",
  "stack": "Error: Project doesn't exist\n    at new AppError (E:\\Projects\\Proman\\Backend\\src\\utils\\AppError.js:10:15)\n    at E:\\Projects\\Proman\\Backend\\src\\controllers\\taskCtrl.js:93:4\n    at processTicksAndRejections (internal/process/task_queues.js:97:5)"
}

{
  "success": false,
  "statusCode": 401,
  "isOperational": true,
  "request": "POST /api/v1/users/login",
  "domain": "Login",
  "message": "🔥Error🔥: Invalid data",
  "date": "Thu, 17 Sep 2020 16:47:22 GMT",
  "stack": "Error: Invalid data\n    at new AppError (E:\\Projects\\Proman\\Backend\\src\\utils\\AppError.js:10:15)\n    at E:\\Projects\\Proman\\Backend\\src\\controllers\\authCtrl.js:64:15\n    at processTicksAndRejections (internal/process/task_queues.js:97:5)"
}

{
  "success": false,
  "statusCode": 404,
  "isOperational": true,
  "request": "GET /api/v1/projects",
  "domain": "Getting Tasks",
  "message": "🔥Error🔥: No tasks were found",
  "date": "Thu, 17 Sep 2020 16:48:12 GMT",
  "stack": "Error: No tasks were found\n    at new AppError (E:\\Projects\\Proman\\Backend\\src\\utils\\AppError.js:10:15)\n    at E:\\Projects\\Proman\\Backend\\src\\controllers\\projectCtrl.js:17:15\n    at processTicksAndRejections (internal/process/task_queues.js:97:5)"
}

{
  "statusCode": 500,
  "isOperational": false,
  "request": "GET /api/v1/projects/5f63922fdd48921cd4de5c31",
  "message": "🔥Error🔥: req.user.projects.include is not a function",
  "date": "Thu, 17 Sep 2020 16:50:08 GMT",
  "stack": "TypeError: req.user.projects.include is not a function\n    at E:\\Projects\\Proman\\Backend\\src\\controllers\\projectCtrl.js:28:24\n    at E:\\Projects\\Proman\\Backend\\src\\utils\\catchAsync.js:3:5\n    at Layer.handle [as handle_request] (E:\\Projects\\Proman\\Backend\\node_modules\\express\\lib\\router\\layer.js:95:5)\n    at next (E:\\Projects\\Proman\\Backend\\node_modules\\express\\lib\\router\\route.js:137:13)\n    at Route.dispatch (E:\\Projects\\Proman\\Backend\\node_modules\\express\\lib\\router\\route.js:112:3)\n    at Layer.handle [as handle_request] (E:\\Projects\\Proman\\Backend\\node_modules\\express\\lib\\router\\layer.js:95:5)\n    at E:\\Projects\\Proman\\Backend\\node_modules\\express\\lib\\router\\index.js:281:22\n    at param (E:\\Projects\\Proman\\Backend\\node_modules\\express\\lib\\router\\index.js:354:14)\n    at param (E:\\Projects\\Proman\\Backend\\node_modules\\express\\lib\\router\\index.js:365:14)\n    at Function.process_params (E:\\Projects\\Proman\\Backend\\node_modules\\express\\lib\\router\\index.js:410:3)\n    at next (E:\\Projects\\Proman\\Backend\\node_modules\\express\\lib\\router\\index.js:275:10)\n    at E:\\Projects\\Proman\\Backend\\src\\controllers\\authCtrl.js:122:2\n    at processTicksAndRejections (internal/process/task_queues.js:97:5)"
}

{
  "success": false,
  "statusCode": 401,
  "isOperational": true,
  "request": "GET /api/v1/projects/5f639374dd043423e88a5abb",
  "domain": "Project Finding",
  "message": "🔥Error🔥: Not Authorized",
  "date": "Thu, 17 Sep 2020 16:52:19 GMT",
  "stack": "Error: Not Authorized\n    at new AppError (E:\\Projects\\Proman\\Backend\\src\\utils\\AppError.js:10:15)\n    at E:\\Projects\\Proman\\Backend\\src\\controllers\\projectCtrl.js:29:15\n    at E:\\Projects\\Proman\\Backend\\src\\utils\\catchAsync.js:3:5\n    at Layer.handle [as handle_request] (E:\\Projects\\Proman\\Backend\\node_modules\\express\\lib\\router\\layer.js:95:5)\n    at next (E:\\Projects\\Proman\\Backend\\node_modules\\express\\lib\\router\\route.js:137:13)\n    at Route.dispatch (E:\\Projects\\Proman\\Backend\\node_modules\\express\\lib\\router\\route.js:112:3)\n    at Layer.handle [as handle_request] (E:\\Projects\\Proman\\Backend\\node_modules\\express\\lib\\router\\layer.js:95:5)\n    at E:\\Projects\\Proman\\Backend\\node_modules\\express\\lib\\router\\index.js:281:22\n    at param (E:\\Projects\\Proman\\Backend\\node_modules\\express\\lib\\router\\index.js:354:14)\n    at param (E:\\Projects\\Proman\\Backend\\node_modules\\express\\lib\\router\\index.js:365:14)\n    at Function.process_params (E:\\Projects\\Proman\\Backend\\node_modules\\express\\lib\\router\\index.js:410:3)\n    at next (E:\\Projects\\Proman\\Backend\\node_modules\\express\\lib\\router\\index.js:275:10)\n    at E:\\Projects\\Proman\\Backend\\src\\controllers\\authCtrl.js:122:2\n    at processTicksAndRejections (internal/process/task_queues.js:97:5)"
}

{
  "success": false,
  "statusCode": 401,
  "isOperational": true,
  "request": "GET /api/v1/projects",
  "domain": "Protection",
  "message": "🔥Error🔥: You aren't looged in, Please log in",
  "date": "Thu, 17 Sep 2020 16:55:31 GMT",
  "stack": "Error: You aren't looged in, Please log in\n    at new AppError (E:\\Projects\\Proman\\Backend\\src\\utils\\AppError.js:10:15)\n    at E:\\Projects\\Proman\\Backend\\src\\controllers\\authCtrl.js:94:4\n    at E:\\Projects\\Proman\\Backend\\src\\utils\\catchAsync.js:3:5\n    at Layer.handle [as handle_request] (E:\\Projects\\Proman\\Backend\\node_modules\\express\\lib\\router\\layer.js:95:5)\n    at trim_prefix (E:\\Projects\\Proman\\Backend\\node_modules\\express\\lib\\router\\index.js:317:13)\n    at E:\\Projects\\Proman\\Backend\\node_modules\\express\\lib\\router\\index.js:284:7\n    at Function.process_params (E:\\Projects\\Proman\\Backend\\node_modules\\express\\lib\\router\\index.js:335:12)\n    at next (E:\\Projects\\Proman\\Backend\\node_modules\\express\\lib\\router\\index.js:275:10)\n    at Function.handle (E:\\Projects\\Proman\\Backend\\node_modules\\express\\lib\\router\\index.js:174:3)\n    at router (E:\\Projects\\Proman\\Backend\\node_modules\\express\\lib\\router\\index.js:47:12)\n    at Layer.handle [as handle_request] (E:\\Projects\\Proman\\Backend\\node_modules\\express\\lib\\router\\layer.js:95:5)\n    at trim_prefix (E:\\Projects\\Proman\\Backend\\node_modules\\express\\lib\\router\\index.js:317:13)\n    at E:\\Projects\\Proman\\Backend\\node_modules\\express\\lib\\router\\index.js:284:7\n    at Function.process_params (E:\\Projects\\Proman\\Backend\\node_modules\\express\\lib\\router\\index.js:335:12)\n    at next (E:\\Projects\\Proman\\Backend\\node_modules\\express\\lib\\router\\index.js:275:10)\n    at cookieParser (E:\\Projects\\Proman\\Backend\\node_modules\\cookie-parser\\index.js:57:14)"
}

{
  "success": false,
  "statusCode": 401,
  "isOperational": true,
  "request": "GET /api/v1/projects/5f624bcfa43f703650cbc8ab",
  "domain": "Protection",
  "message": "🔥Error🔥: You aren't looged in, Please log in",
  "date": "Thu, 17 Sep 2020 16:55:31 GMT",
  "stack": "Error: You aren't looged in, Please log in\n    at new AppError (E:\\Projects\\Proman\\Backend\\src\\utils\\AppError.js:10:15)\n    at E:\\Projects\\Proman\\Backend\\src\\controllers\\authCtrl.js:94:4\n    at E:\\Projects\\Proman\\Backend\\src\\utils\\catchAsync.js:3:5\n    at Layer.handle [as handle_request] (E:\\Projects\\Proman\\Backend\\node_modules\\express\\lib\\router\\layer.js:95:5)\n    at trim_prefix (E:\\Projects\\Proman\\Backend\\node_modules\\express\\lib\\router\\index.js:317:13)\n    at E:\\Projects\\Proman\\Backend\\node_modules\\express\\lib\\router\\index.js:284:7\n    at Function.process_params (E:\\Projects\\Proman\\Backend\\node_modules\\express\\lib\\router\\index.js:335:12)\n    at next (E:\\Projects\\Proman\\Backend\\node_modules\\express\\lib\\router\\index.js:275:10)\n    at Function.handle (E:\\Projects\\Proman\\Backend\\node_modules\\express\\lib\\router\\index.js:174:3)\n    at router (E:\\Projects\\Proman\\Backend\\node_modules\\express\\lib\\router\\index.js:47:12)\n    at Layer.handle [as handle_request] (E:\\Projects\\Proman\\Backend\\node_modules\\express\\lib\\router\\layer.js:95:5)\n    at trim_prefix (E:\\Projects\\Proman\\Backend\\node_modules\\express\\lib\\router\\index.js:317:13)\n    at E:\\Projects\\Proman\\Backend\\node_modules\\express\\lib\\router\\index.js:284:7\n    at Function.process_params (E:\\Projects\\Proman\\Backend\\node_modules\\express\\lib\\router\\index.js:335:12)\n    at next (E:\\Projects\\Proman\\Backend\\node_modules\\express\\lib\\router\\index.js:275:10)\n    at cookieParser (E:\\Projects\\Proman\\Backend\\node_modules\\cookie-parser\\index.js:57:14)"
}

{
  "success": false,
  "statusCode": 401,
  "isOperational": true,
  "request": "GET /api/v1/projects",
  "domain": "Protection",
  "message": "🔥Error🔥: You aren't looged in, Please log in",
  "date": "Thu, 17 Sep 2020 16:57:29 GMT",
  "stack": "Error: You aren't looged in, Please log in\n    at new AppError (E:\\Projects\\Proman\\Backend\\src\\utils\\AppError.js:10:15)\n    at E:\\Projects\\Proman\\Backend\\src\\controllers\\authCtrl.js:94:4\n    at E:\\Projects\\Proman\\Backend\\src\\utils\\catchAsync.js:3:5\n    at Layer.handle [as handle_request] (E:\\Projects\\Proman\\Backend\\node_modules\\express\\lib\\router\\layer.js:95:5)\n    at trim_prefix (E:\\Projects\\Proman\\Backend\\node_modules\\express\\lib\\router\\index.js:317:13)\n    at E:\\Projects\\Proman\\Backend\\node_modules\\express\\lib\\router\\index.js:284:7\n    at Function.process_params (E:\\Projects\\Proman\\Backend\\node_modules\\express\\lib\\router\\index.js:335:12)\n    at next (E:\\Projects\\Proman\\Backend\\node_modules\\express\\lib\\router\\index.js:275:10)\n    at Function.handle (E:\\Projects\\Proman\\Backend\\node_modules\\express\\lib\\router\\index.js:174:3)\n    at router (E:\\Projects\\Proman\\Backend\\node_modules\\express\\lib\\router\\index.js:47:12)\n    at Layer.handle [as handle_request] (E:\\Projects\\Proman\\Backend\\node_modules\\express\\lib\\router\\layer.js:95:5)\n    at trim_prefix (E:\\Projects\\Proman\\Backend\\node_modules\\express\\lib\\router\\index.js:317:13)\n    at E:\\Projects\\Proman\\Backend\\node_modules\\express\\lib\\router\\index.js:284:7\n    at Function.process_params (E:\\Projects\\Proman\\Backend\\node_modules\\express\\lib\\router\\index.js:335:12)\n    at next (E:\\Projects\\Proman\\Backend\\node_modules\\express\\lib\\router\\index.js:275:10)\n    at cookieParser (E:\\Projects\\Proman\\Backend\\node_modules\\cookie-parser\\index.js:57:14)"
}

{
  "success": false,
  "statusCode": 401,
  "isOperational": true,
  "request": "GET /api/v1/projects",
  "domain": "Protection",
  "message": "🔥Error🔥: You aren't looged in, Please log in",
  "date": "Thu, 17 Sep 2020 16:58:01 GMT",
  "stack": "Error: You aren't looged in, Please log in\n    at new AppError (E:\\Projects\\Proman\\Backend\\src\\utils\\AppError.js:10:15)\n    at E:\\Projects\\Proman\\Backend\\src\\controllers\\authCtrl.js:94:4\n    at E:\\Projects\\Proman\\Backend\\src\\utils\\catchAsync.js:3:5\n    at Layer.handle [as handle_request] (E:\\Projects\\Proman\\Backend\\node_modules\\express\\lib\\router\\layer.js:95:5)\n    at trim_prefix (E:\\Projects\\Proman\\Backend\\node_modules\\express\\lib\\router\\index.js:317:13)\n    at E:\\Projects\\Proman\\Backend\\node_modules\\express\\lib\\router\\index.js:284:7\n    at Function.process_params (E:\\Projects\\Proman\\Backend\\node_modules\\express\\lib\\router\\index.js:335:12)\n    at next (E:\\Projects\\Proman\\Backend\\node_modules\\express\\lib\\router\\index.js:275:10)\n    at Function.handle (E:\\Projects\\Proman\\Backend\\node_modules\\express\\lib\\router\\index.js:174:3)\n    at router (E:\\Projects\\Proman\\Backend\\node_modules\\express\\lib\\router\\index.js:47:12)\n    at Layer.handle [as handle_request] (E:\\Projects\\Proman\\Backend\\node_modules\\express\\lib\\router\\layer.js:95:5)\n    at trim_prefix (E:\\Projects\\Proman\\Backend\\node_modules\\express\\lib\\router\\index.js:317:13)\n    at E:\\Projects\\Proman\\Backend\\node_modules\\express\\lib\\router\\index.js:284:7\n    at Function.process_params (E:\\Projects\\Proman\\Backend\\node_modules\\express\\lib\\router\\index.js:335:12)\n    at next (E:\\Projects\\Proman\\Backend\\node_modules\\express\\lib\\router\\index.js:275:10)\n    at cookieParser (E:\\Projects\\Proman\\Backend\\node_modules\\cookie-parser\\index.js:57:14)"
}

{
  "success": false,
  "statusCode": 401,
  "isOperational": true,
  "request": "GET /api/v1/projects",
  "domain": "Protection",
  "message": "🔥Error🔥: You aren't looged in, Please log in",
  "date": "Thu, 17 Sep 2020 16:58:28 GMT",
  "stack": "Error: You aren't looged in, Please log in\n    at new AppError (E:\\Projects\\Proman\\Backend\\src\\utils\\AppError.js:10:15)\n    at E:\\Projects\\Proman\\Backend\\src\\controllers\\authCtrl.js:94:4\n    at E:\\Projects\\Proman\\Backend\\src\\utils\\catchAsync.js:3:5\n    at Layer.handle [as handle_request] (E:\\Projects\\Proman\\Backend\\node_modules\\express\\lib\\router\\layer.js:95:5)\n    at trim_prefix (E:\\Projects\\Proman\\Backend\\node_modules\\express\\lib\\router\\index.js:317:13)\n    at E:\\Projects\\Proman\\Backend\\node_modules\\express\\lib\\router\\index.js:284:7\n    at Function.process_params (E:\\Projects\\Proman\\Backend\\node_modules\\express\\lib\\router\\index.js:335:12)\n    at next (E:\\Projects\\Proman\\Backend\\node_modules\\express\\lib\\router\\index.js:275:10)\n    at Function.handle (E:\\Projects\\Proman\\Backend\\node_modules\\express\\lib\\router\\index.js:174:3)\n    at router (E:\\Projects\\Proman\\Backend\\node_modules\\express\\lib\\router\\index.js:47:12)\n    at Layer.handle [as handle_request] (E:\\Projects\\Proman\\Backend\\node_modules\\express\\lib\\router\\layer.js:95:5)\n    at trim_prefix (E:\\Projects\\Proman\\Backend\\node_modules\\express\\lib\\router\\index.js:317:13)\n    at E:\\Projects\\Proman\\Backend\\node_modules\\express\\lib\\router\\index.js:284:7\n    at Function.process_params (E:\\Projects\\Proman\\Backend\\node_modules\\express\\lib\\router\\index.js:335:12)\n    at next (E:\\Projects\\Proman\\Backend\\node_modules\\express\\lib\\router\\index.js:275:10)\n    at cookieParser (E:\\Projects\\Proman\\Backend\\node_modules\\cookie-parser\\index.js:57:14)"
}

{
  "success": false,
  "statusCode": 401,
  "isOperational": true,
  "request": "OPTIONS /api/v1/projects",
  "domain": "Protection",
  "message": "🔥Error🔥: You aren't looged in, Please log in",
  "date": "Thu, 17 Sep 2020 16:58:40 GMT",
  "stack": "Error: You aren't looged in, Please log in\n    at new AppError (E:\\Projects\\Proman\\Backend\\src\\utils\\AppError.js:10:15)\n    at E:\\Projects\\Proman\\Backend\\src\\controllers\\authCtrl.js:94:4\n    at E:\\Projects\\Proman\\Backend\\src\\utils\\catchAsync.js:3:5\n    at Layer.handle [as handle_request] (E:\\Projects\\Proman\\Backend\\node_modules\\express\\lib\\router\\layer.js:95:5)\n    at trim_prefix (E:\\Projects\\Proman\\Backend\\node_modules\\express\\lib\\router\\index.js:317:13)\n    at E:\\Projects\\Proman\\Backend\\node_modules\\express\\lib\\router\\index.js:284:7\n    at Function.process_params (E:\\Projects\\Proman\\Backend\\node_modules\\express\\lib\\router\\index.js:335:12)\n    at next (E:\\Projects\\Proman\\Backend\\node_modules\\express\\lib\\router\\index.js:275:10)\n    at Function.handle (E:\\Projects\\Proman\\Backend\\node_modules\\express\\lib\\router\\index.js:174:3)\n    at router (E:\\Projects\\Proman\\Backend\\node_modules\\express\\lib\\router\\index.js:47:12)\n    at Layer.handle [as handle_request] (E:\\Projects\\Proman\\Backend\\node_modules\\express\\lib\\router\\layer.js:95:5)\n    at trim_prefix (E:\\Projects\\Proman\\Backend\\node_modules\\express\\lib\\router\\index.js:317:13)\n    at E:\\Projects\\Proman\\Backend\\node_modules\\express\\lib\\router\\index.js:284:7\n    at Function.process_params (E:\\Projects\\Proman\\Backend\\node_modules\\express\\lib\\router\\index.js:335:12)\n    at next (E:\\Projects\\Proman\\Backend\\node_modules\\express\\lib\\router\\index.js:275:10)\n    at cookieParser (E:\\Projects\\Proman\\Backend\\node_modules\\cookie-parser\\index.js:57:14)"
}

{
  "success": false,
  "statusCode": 401,
  "isOperational": true,
  "request": "OPTIONS /api/v1/projects",
  "domain": "Protection",
  "message": "🔥Error🔥: You aren't looged in, Please log in",
  "date": "Thu, 17 Sep 2020 16:58:52 GMT",
  "stack": "Error: You aren't looged in, Please log in\n    at new AppError (E:\\Projects\\Proman\\Backend\\src\\utils\\AppError.js:10:15)\n    at E:\\Projects\\Proman\\Backend\\src\\controllers\\authCtrl.js:94:4\n    at E:\\Projects\\Proman\\Backend\\src\\utils\\catchAsync.js:3:5\n    at Layer.handle [as handle_request] (E:\\Projects\\Proman\\Backend\\node_modules\\express\\lib\\router\\layer.js:95:5)\n    at trim_prefix (E:\\Projects\\Proman\\Backend\\node_modules\\express\\lib\\router\\index.js:317:13)\n    at E:\\Projects\\Proman\\Backend\\node_modules\\express\\lib\\router\\index.js:284:7\n    at Function.process_params (E:\\Projects\\Proman\\Backend\\node_modules\\express\\lib\\router\\index.js:335:12)\n    at next (E:\\Projects\\Proman\\Backend\\node_modules\\express\\lib\\router\\index.js:275:10)\n    at Function.handle (E:\\Projects\\Proman\\Backend\\node_modules\\express\\lib\\router\\index.js:174:3)\n    at router (E:\\Projects\\Proman\\Backend\\node_modules\\express\\lib\\router\\index.js:47:12)\n    at Layer.handle [as handle_request] (E:\\Projects\\Proman\\Backend\\node_modules\\express\\lib\\router\\layer.js:95:5)\n    at trim_prefix (E:\\Projects\\Proman\\Backend\\node_modules\\express\\lib\\router\\index.js:317:13)\n    at E:\\Projects\\Proman\\Backend\\node_modules\\express\\lib\\router\\index.js:284:7\n    at Function.process_params (E:\\Projects\\Proman\\Backend\\node_modules\\express\\lib\\router\\index.js:335:12)\n    at next (E:\\Projects\\Proman\\Backend\\node_modules\\express\\lib\\router\\index.js:275:10)\n    at cookieParser (E:\\Projects\\Proman\\Backend\\node_modules\\cookie-parser\\index.js:57:14)"
}

{
  "success": false,
  "statusCode": 401,
  "isOperational": true,
  "request": "OPTIONS /api/v1/projects",
  "domain": "Protection",
  "message": "🔥Error🔥: You aren't looged in, Please log in",
  "date": "Thu, 17 Sep 2020 16:58:55 GMT",
  "stack": "Error: You aren't looged in, Please log in\n    at new AppError (E:\\Projects\\Proman\\Backend\\src\\utils\\AppError.js:10:15)\n    at E:\\Projects\\Proman\\Backend\\src\\controllers\\authCtrl.js:94:4\n    at E:\\Projects\\Proman\\Backend\\src\\utils\\catchAsync.js:3:5\n    at Layer.handle [as handle_request] (E:\\Projects\\Proman\\Backend\\node_modules\\express\\lib\\router\\layer.js:95:5)\n    at trim_prefix (E:\\Projects\\Proman\\Backend\\node_modules\\express\\lib\\router\\index.js:317:13)\n    at E:\\Projects\\Proman\\Backend\\node_modules\\express\\lib\\router\\index.js:284:7\n    at Function.process_params (E:\\Projects\\Proman\\Backend\\node_modules\\express\\lib\\router\\index.js:335:12)\n    at next (E:\\Projects\\Proman\\Backend\\node_modules\\express\\lib\\router\\index.js:275:10)\n    at Function.handle (E:\\Projects\\Proman\\Backend\\node_modules\\express\\lib\\router\\index.js:174:3)\n    at router (E:\\Projects\\Proman\\Backend\\node_modules\\express\\lib\\router\\index.js:47:12)\n    at Layer.handle [as handle_request] (E:\\Projects\\Proman\\Backend\\node_modules\\express\\lib\\router\\layer.js:95:5)\n    at trim_prefix (E:\\Projects\\Proman\\Backend\\node_modules\\express\\lib\\router\\index.js:317:13)\n    at E:\\Projects\\Proman\\Backend\\node_modules\\express\\lib\\router\\index.js:284:7\n    at Function.process_params (E:\\Projects\\Proman\\Backend\\node_modules\\express\\lib\\router\\index.js:335:12)\n    at next (E:\\Projects\\Proman\\Backend\\node_modules\\express\\lib\\router\\index.js:275:10)\n    at cookieParser (E:\\Projects\\Proman\\Backend\\node_modules\\cookie-parser\\index.js:57:14)"
}

{
  "success": false,
  "statusCode": 401,
  "isOperational": true,
  "request": "OPTIONS /api/v1/projects",
  "domain": "Protection",
  "message": "🔥Error🔥: You aren't looged in, Please log in",
  "date": "Thu, 17 Sep 2020 16:58:58 GMT",
  "stack": "Error: You aren't looged in, Please log in\n    at new AppError (E:\\Projects\\Proman\\Backend\\src\\utils\\AppError.js:10:15)\n    at E:\\Projects\\Proman\\Backend\\src\\controllers\\authCtrl.js:94:4\n    at E:\\Projects\\Proman\\Backend\\src\\utils\\catchAsync.js:3:5\n    at Layer.handle [as handle_request] (E:\\Projects\\Proman\\Backend\\node_modules\\express\\lib\\router\\layer.js:95:5)\n    at trim_prefix (E:\\Projects\\Proman\\Backend\\node_modules\\express\\lib\\router\\index.js:317:13)\n    at E:\\Projects\\Proman\\Backend\\node_modules\\express\\lib\\router\\index.js:284:7\n    at Function.process_params (E:\\Projects\\Proman\\Backend\\node_modules\\express\\lib\\router\\index.js:335:12)\n    at next (E:\\Projects\\Proman\\Backend\\node_modules\\express\\lib\\router\\index.js:275:10)\n    at Function.handle (E:\\Projects\\Proman\\Backend\\node_modules\\express\\lib\\router\\index.js:174:3)\n    at router (E:\\Projects\\Proman\\Backend\\node_modules\\express\\lib\\router\\index.js:47:12)\n    at Layer.handle [as handle_request] (E:\\Projects\\Proman\\Backend\\node_modules\\express\\lib\\router\\layer.js:95:5)\n    at trim_prefix (E:\\Projects\\Proman\\Backend\\node_modules\\express\\lib\\router\\index.js:317:13)\n    at E:\\Projects\\Proman\\Backend\\node_modules\\express\\lib\\router\\index.js:284:7\n    at Function.process_params (E:\\Projects\\Proman\\Backend\\node_modules\\express\\lib\\router\\index.js:335:12)\n    at next (E:\\Projects\\Proman\\Backend\\node_modules\\express\\lib\\router\\index.js:275:10)\n    at cookieParser (E:\\Projects\\Proman\\Backend\\node_modules\\cookie-parser\\index.js:57:14)"
}

{
  "success": false,
  "statusCode": 401,
  "isOperational": true,
  "request": "OPTIONS /api/v1/projects",
  "domain": "Protection",
  "message": "🔥Error🔥: You aren't looged in, Please log in",
  "date": "Thu, 17 Sep 2020 16:58:59 GMT",
  "stack": "Error: You aren't looged in, Please log in\n    at new AppError (E:\\Projects\\Proman\\Backend\\src\\utils\\AppError.js:10:15)\n    at E:\\Projects\\Proman\\Backend\\src\\controllers\\authCtrl.js:94:4\n    at E:\\Projects\\Proman\\Backend\\src\\utils\\catchAsync.js:3:5\n    at Layer.handle [as handle_request] (E:\\Projects\\Proman\\Backend\\node_modules\\express\\lib\\router\\layer.js:95:5)\n    at trim_prefix (E:\\Projects\\Proman\\Backend\\node_modules\\express\\lib\\router\\index.js:317:13)\n    at E:\\Projects\\Proman\\Backend\\node_modules\\express\\lib\\router\\index.js:284:7\n    at Function.process_params (E:\\Projects\\Proman\\Backend\\node_modules\\express\\lib\\router\\index.js:335:12)\n    at next (E:\\Projects\\Proman\\Backend\\node_modules\\express\\lib\\router\\index.js:275:10)\n    at Function.handle (E:\\Projects\\Proman\\Backend\\node_modules\\express\\lib\\router\\index.js:174:3)\n    at router (E:\\Projects\\Proman\\Backend\\node_modules\\express\\lib\\router\\index.js:47:12)\n    at Layer.handle [as handle_request] (E:\\Projects\\Proman\\Backend\\node_modules\\express\\lib\\router\\layer.js:95:5)\n    at trim_prefix (E:\\Projects\\Proman\\Backend\\node_modules\\express\\lib\\router\\index.js:317:13)\n    at E:\\Projects\\Proman\\Backend\\node_modules\\express\\lib\\router\\index.js:284:7\n    at Function.process_params (E:\\Projects\\Proman\\Backend\\node_modules\\express\\lib\\router\\index.js:335:12)\n    at next (E:\\Projects\\Proman\\Backend\\node_modules\\express\\lib\\router\\index.js:275:10)\n    at cookieParser (E:\\Projects\\Proman\\Backend\\node_modules\\cookie-parser\\index.js:57:14)"
}

{
  "success": false,
  "statusCode": 401,
  "isOperational": true,
  "request": "OPTIONS /api/v1/projects",
  "domain": "Protection",
  "message": "🔥Error🔥: You aren't looged in, Please log in",
  "date": "Thu, 17 Sep 2020 16:59:01 GMT",
  "stack": "Error: You aren't looged in, Please log in\n    at new AppError (E:\\Projects\\Proman\\Backend\\src\\utils\\AppError.js:10:15)\n    at E:\\Projects\\Proman\\Backend\\src\\controllers\\authCtrl.js:94:4\n    at E:\\Projects\\Proman\\Backend\\src\\utils\\catchAsync.js:3:5\n    at Layer.handle [as handle_request] (E:\\Projects\\Proman\\Backend\\node_modules\\express\\lib\\router\\layer.js:95:5)\n    at trim_prefix (E:\\Projects\\Proman\\Backend\\node_modules\\express\\lib\\router\\index.js:317:13)\n    at E:\\Projects\\Proman\\Backend\\node_modules\\express\\lib\\router\\index.js:284:7\n    at Function.process_params (E:\\Projects\\Proman\\Backend\\node_modules\\express\\lib\\router\\index.js:335:12)\n    at next (E:\\Projects\\Proman\\Backend\\node_modules\\express\\lib\\router\\index.js:275:10)\n    at Function.handle (E:\\Projects\\Proman\\Backend\\node_modules\\express\\lib\\router\\index.js:174:3)\n    at router (E:\\Projects\\Proman\\Backend\\node_modules\\express\\lib\\router\\index.js:47:12)\n    at Layer.handle [as handle_request] (E:\\Projects\\Proman\\Backend\\node_modules\\express\\lib\\router\\layer.js:95:5)\n    at trim_prefix (E:\\Projects\\Proman\\Backend\\node_modules\\express\\lib\\router\\index.js:317:13)\n    at E:\\Projects\\Proman\\Backend\\node_modules\\express\\lib\\router\\index.js:284:7\n    at Function.process_params (E:\\Projects\\Proman\\Backend\\node_modules\\express\\lib\\router\\index.js:335:12)\n    at next (E:\\Projects\\Proman\\Backend\\node_modules\\express\\lib\\router\\index.js:275:10)\n    at cookieParser (E:\\Projects\\Proman\\Backend\\node_modules\\cookie-parser\\index.js:57:14)"
}

{
  "success": false,
  "statusCode": 401,
  "isOperational": true,
  "request": "OPTIONS /api/v1/projects",
  "domain": "Protection",
  "message": "🔥Error🔥: You aren't looged in, Please log in",
  "date": "Thu, 17 Sep 2020 16:59:02 GMT",
  "stack": "Error: You aren't looged in, Please log in\n    at new AppError (E:\\Projects\\Proman\\Backend\\src\\utils\\AppError.js:10:15)\n    at E:\\Projects\\Proman\\Backend\\src\\controllers\\authCtrl.js:94:4\n    at E:\\Projects\\Proman\\Backend\\src\\utils\\catchAsync.js:3:5\n    at Layer.handle [as handle_request] (E:\\Projects\\Proman\\Backend\\node_modules\\express\\lib\\router\\layer.js:95:5)\n    at trim_prefix (E:\\Projects\\Proman\\Backend\\node_modules\\express\\lib\\router\\index.js:317:13)\n    at E:\\Projects\\Proman\\Backend\\node_modules\\express\\lib\\router\\index.js:284:7\n    at Function.process_params (E:\\Projects\\Proman\\Backend\\node_modules\\express\\lib\\router\\index.js:335:12)\n    at next (E:\\Projects\\Proman\\Backend\\node_modules\\express\\lib\\router\\index.js:275:10)\n    at Function.handle (E:\\Projects\\Proman\\Backend\\node_modules\\express\\lib\\router\\index.js:174:3)\n    at router (E:\\Projects\\Proman\\Backend\\node_modules\\express\\lib\\router\\index.js:47:12)\n    at Layer.handle [as handle_request] (E:\\Projects\\Proman\\Backend\\node_modules\\express\\lib\\router\\layer.js:95:5)\n    at trim_prefix (E:\\Projects\\Proman\\Backend\\node_modules\\express\\lib\\router\\index.js:317:13)\n    at E:\\Projects\\Proman\\Backend\\node_modules\\express\\lib\\router\\index.js:284:7\n    at Function.process_params (E:\\Projects\\Proman\\Backend\\node_modules\\express\\lib\\router\\index.js:335:12)\n    at next (E:\\Projects\\Proman\\Backend\\node_modules\\express\\lib\\router\\index.js:275:10)\n    at cookieParser (E:\\Projects\\Proman\\Backend\\node_modules\\cookie-parser\\index.js:57:14)"
}

{
  "success": false,
  "statusCode": 401,
  "isOperational": true,
  "request": "OPTIONS /api/v1/projects",
  "domain": "Protection",
  "message": "🔥Error🔥: You aren't looged in, Please log in",
  "date": "Thu, 17 Sep 2020 16:59:02 GMT",
  "stack": "Error: You aren't looged in, Please log in\n    at new AppError (E:\\Projects\\Proman\\Backend\\src\\utils\\AppError.js:10:15)\n    at E:\\Projects\\Proman\\Backend\\src\\controllers\\authCtrl.js:94:4\n    at E:\\Projects\\Proman\\Backend\\src\\utils\\catchAsync.js:3:5\n    at Layer.handle [as handle_request] (E:\\Projects\\Proman\\Backend\\node_modules\\express\\lib\\router\\layer.js:95:5)\n    at trim_prefix (E:\\Projects\\Proman\\Backend\\node_modules\\express\\lib\\router\\index.js:317:13)\n    at E:\\Projects\\Proman\\Backend\\node_modules\\express\\lib\\router\\index.js:284:7\n    at Function.process_params (E:\\Projects\\Proman\\Backend\\node_modules\\express\\lib\\router\\index.js:335:12)\n    at next (E:\\Projects\\Proman\\Backend\\node_modules\\express\\lib\\router\\index.js:275:10)\n    at Function.handle (E:\\Projects\\Proman\\Backend\\node_modules\\express\\lib\\router\\index.js:174:3)\n    at router (E:\\Projects\\Proman\\Backend\\node_modules\\express\\lib\\router\\index.js:47:12)\n    at Layer.handle [as handle_request] (E:\\Projects\\Proman\\Backend\\node_modules\\express\\lib\\router\\layer.js:95:5)\n    at trim_prefix (E:\\Projects\\Proman\\Backend\\node_modules\\express\\lib\\router\\index.js:317:13)\n    at E:\\Projects\\Proman\\Backend\\node_modules\\express\\lib\\router\\index.js:284:7\n    at Function.process_params (E:\\Projects\\Proman\\Backend\\node_modules\\express\\lib\\router\\index.js:335:12)\n    at next (E:\\Projects\\Proman\\Backend\\node_modules\\express\\lib\\router\\index.js:275:10)\n    at cookieParser (E:\\Projects\\Proman\\Backend\\node_modules\\cookie-parser\\index.js:57:14)"
}

{
  "success": false,
  "statusCode": 401,
  "isOperational": true,
  "request": "OPTIONS /api/v1/projects",
  "domain": "Protection",
  "message": "🔥Error🔥: You aren't looged in, Please log in",
  "date": "Thu, 17 Sep 2020 16:59:02 GMT",
  "stack": "Error: You aren't looged in, Please log in\n    at new AppError (E:\\Projects\\Proman\\Backend\\src\\utils\\AppError.js:10:15)\n    at E:\\Projects\\Proman\\Backend\\src\\controllers\\authCtrl.js:94:4\n    at E:\\Projects\\Proman\\Backend\\src\\utils\\catchAsync.js:3:5\n    at Layer.handle [as handle_request] (E:\\Projects\\Proman\\Backend\\node_modules\\express\\lib\\router\\layer.js:95:5)\n    at trim_prefix (E:\\Projects\\Proman\\Backend\\node_modules\\express\\lib\\router\\index.js:317:13)\n    at E:\\Projects\\Proman\\Backend\\node_modules\\express\\lib\\router\\index.js:284:7\n    at Function.process_params (E:\\Projects\\Proman\\Backend\\node_modules\\express\\lib\\router\\index.js:335:12)\n    at next (E:\\Projects\\Proman\\Backend\\node_modules\\express\\lib\\router\\index.js:275:10)\n    at Function.handle (E:\\Projects\\Proman\\Backend\\node_modules\\express\\lib\\router\\index.js:174:3)\n    at router (E:\\Projects\\Proman\\Backend\\node_modules\\express\\lib\\router\\index.js:47:12)\n    at Layer.handle [as handle_request] (E:\\Projects\\Proman\\Backend\\node_modules\\express\\lib\\router\\layer.js:95:5)\n    at trim_prefix (E:\\Projects\\Proman\\Backend\\node_modules\\express\\lib\\router\\index.js:317:13)\n    at E:\\Projects\\Proman\\Backend\\node_modules\\express\\lib\\router\\index.js:284:7\n    at Function.process_params (E:\\Projects\\Proman\\Backend\\node_modules\\express\\lib\\router\\index.js:335:12)\n    at next (E:\\Projects\\Proman\\Backend\\node_modules\\express\\lib\\router\\index.js:275:10)\n    at cookieParser (E:\\Projects\\Proman\\Backend\\node_modules\\cookie-parser\\index.js:57:14)"
}

