{
  "success": false,
  "statusCode": 404,
  "isOperational": true,
  "request": "GET /projects",
  "domain": "Getting /projects",
  "message": "🔥Error🔥: Page Not found",
  "date": "Sun, 13 Sep 2020 10:21:53 GMT",
  "stack": "Error: Page Not found\n    at new AppError (E:\\Projects\\Proman\\Backend\\src\\utils\\AppError.js:10:15)\n    at E:\\Projects\\Proman\\Backend\\app.js:66:7\n    at Layer.handle [as handle_request] (E:\\Projects\\Proman\\Backend\\node_modules\\express\\lib\\router\\layer.js:95:5)\n    at trim_prefix (E:\\Projects\\Proman\\Backend\\node_modules\\express\\lib\\router\\index.js:317:13)\n    at E:\\Projects\\Proman\\Backend\\node_modules\\express\\lib\\router\\index.js:284:7\n    at Function.process_params (E:\\Projects\\Proman\\Backend\\node_modules\\express\\lib\\router\\index.js:335:12)\n    at next (E:\\Projects\\Proman\\Backend\\node_modules\\express\\lib\\router\\index.js:275:10)\n    at cookieParser (E:\\Projects\\Proman\\Backend\\node_modules\\cookie-parser\\index.js:57:14)\n    at Layer.handle [as handle_request] (E:\\Projects\\Proman\\Backend\\node_modules\\express\\lib\\router\\layer.js:95:5)\n    at trim_prefix (E:\\Projects\\Proman\\Backend\\node_modules\\express\\lib\\router\\index.js:317:13)\n    at E:\\Projects\\Proman\\Backend\\node_modules\\express\\lib\\router\\index.js:284:7\n    at Function.process_params (E:\\Projects\\Proman\\Backend\\node_modules\\express\\lib\\router\\index.js:335:12)\n    at next (E:\\Projects\\Proman\\Backend\\node_modules\\express\\lib\\router\\index.js:275:10)\n    at jsonParser (E:\\Projects\\Proman\\Backend\\node_modules\\body-parser\\lib\\types\\json.js:110:7)\n    at Layer.handle [as handle_request] (E:\\Projects\\Proman\\Backend\\node_modules\\express\\lib\\router\\layer.js:95:5)\n    at trim_prefix (E:\\Projects\\Proman\\Backend\\node_modules\\express\\lib\\router\\index.js:317:13)"
}

{
  "success": false,
  "statusCode": 404,
  "isOperational": true,
  "request": "GET /projects",
  "domain": "Getting /projects",
  "message": "🔥Error🔥: Page Not found",
  "date": "Sun, 13 Sep 2020 10:21:59 GMT",
  "stack": "Error: Page Not found\n    at new AppError (E:\\Projects\\Proman\\Backend\\src\\utils\\AppError.js:10:15)\n    at E:\\Projects\\Proman\\Backend\\app.js:66:7\n    at Layer.handle [as handle_request] (E:\\Projects\\Proman\\Backend\\node_modules\\express\\lib\\router\\layer.js:95:5)\n    at trim_prefix (E:\\Projects\\Proman\\Backend\\node_modules\\express\\lib\\router\\index.js:317:13)\n    at E:\\Projects\\Proman\\Backend\\node_modules\\express\\lib\\router\\index.js:284:7\n    at Function.process_params (E:\\Projects\\Proman\\Backend\\node_modules\\express\\lib\\router\\index.js:335:12)\n    at next (E:\\Projects\\Proman\\Backend\\node_modules\\express\\lib\\router\\index.js:275:10)\n    at cookieParser (E:\\Projects\\Proman\\Backend\\node_modules\\cookie-parser\\index.js:57:14)\n    at Layer.handle [as handle_request] (E:\\Projects\\Proman\\Backend\\node_modules\\express\\lib\\router\\layer.js:95:5)\n    at trim_prefix (E:\\Projects\\Proman\\Backend\\node_modules\\express\\lib\\router\\index.js:317:13)\n    at E:\\Projects\\Proman\\Backend\\node_modules\\express\\lib\\router\\index.js:284:7\n    at Function.process_params (E:\\Projects\\Proman\\Backend\\node_modules\\express\\lib\\router\\index.js:335:12)\n    at next (E:\\Projects\\Proman\\Backend\\node_modules\\express\\lib\\router\\index.js:275:10)\n    at jsonParser (E:\\Projects\\Proman\\Backend\\node_modules\\body-parser\\lib\\types\\json.js:110:7)\n    at Layer.handle [as handle_request] (E:\\Projects\\Proman\\Backend\\node_modules\\express\\lib\\router\\layer.js:95:5)\n    at trim_prefix (E:\\Projects\\Proman\\Backend\\node_modules\\express\\lib\\router\\index.js:317:13)"
}

{
  "success": false,
  "statusCode": 404,
  "isOperational": true,
  "request": "GET /tasks/5f56985f003b3405d80ecca1",
  "domain": "Getting /tasks/5f56985f003b3405d80ecca1",
  "message": "🔥Error🔥: Page Not found",
  "date": "Sun, 13 Sep 2020 10:21:59 GMT",
  "stack": "Error: Page Not found\n    at new AppError (E:\\Projects\\Proman\\Backend\\src\\utils\\AppError.js:10:15)\n    at E:\\Projects\\Proman\\Backend\\app.js:66:7\n    at Layer.handle [as handle_request] (E:\\Projects\\Proman\\Backend\\node_modules\\express\\lib\\router\\layer.js:95:5)\n    at trim_prefix (E:\\Projects\\Proman\\Backend\\node_modules\\express\\lib\\router\\index.js:317:13)\n    at E:\\Projects\\Proman\\Backend\\node_modules\\express\\lib\\router\\index.js:284:7\n    at Function.process_params (E:\\Projects\\Proman\\Backend\\node_modules\\express\\lib\\router\\index.js:335:12)\n    at next (E:\\Projects\\Proman\\Backend\\node_modules\\express\\lib\\router\\index.js:275:10)\n    at cookieParser (E:\\Projects\\Proman\\Backend\\node_modules\\cookie-parser\\index.js:57:14)\n    at Layer.handle [as handle_request] (E:\\Projects\\Proman\\Backend\\node_modules\\express\\lib\\router\\layer.js:95:5)\n    at trim_prefix (E:\\Projects\\Proman\\Backend\\node_modules\\express\\lib\\router\\index.js:317:13)\n    at E:\\Projects\\Proman\\Backend\\node_modules\\express\\lib\\router\\index.js:284:7\n    at Function.process_params (E:\\Projects\\Proman\\Backend\\node_modules\\express\\lib\\router\\index.js:335:12)\n    at next (E:\\Projects\\Proman\\Backend\\node_modules\\express\\lib\\router\\index.js:275:10)\n    at jsonParser (E:\\Projects\\Proman\\Backend\\node_modules\\body-parser\\lib\\types\\json.js:110:7)\n    at Layer.handle [as handle_request] (E:\\Projects\\Proman\\Backend\\node_modules\\express\\lib\\router\\layer.js:95:5)\n    at trim_prefix (E:\\Projects\\Proman\\Backend\\node_modules\\express\\lib\\router\\index.js:317:13)"
}

{
  "success": false,
  "statusCode": 404,
  "isOperational": true,
  "request": "GET /projects",
  "domain": "Getting /projects",
  "message": "🔥Error🔥: Page Not found",
  "date": "Sun, 13 Sep 2020 10:22:06 GMT",
  "stack": "Error: Page Not found\n    at new AppError (E:\\Projects\\Proman\\Backend\\src\\utils\\AppError.js:10:15)\n    at E:\\Projects\\Proman\\Backend\\app.js:66:7\n    at Layer.handle [as handle_request] (E:\\Projects\\Proman\\Backend\\node_modules\\express\\lib\\router\\layer.js:95:5)\n    at trim_prefix (E:\\Projects\\Proman\\Backend\\node_modules\\express\\lib\\router\\index.js:317:13)\n    at E:\\Projects\\Proman\\Backend\\node_modules\\express\\lib\\router\\index.js:284:7\n    at Function.process_params (E:\\Projects\\Proman\\Backend\\node_modules\\express\\lib\\router\\index.js:335:12)\n    at next (E:\\Projects\\Proman\\Backend\\node_modules\\express\\lib\\router\\index.js:275:10)\n    at cookieParser (E:\\Projects\\Proman\\Backend\\node_modules\\cookie-parser\\index.js:57:14)\n    at Layer.handle [as handle_request] (E:\\Projects\\Proman\\Backend\\node_modules\\express\\lib\\router\\layer.js:95:5)\n    at trim_prefix (E:\\Projects\\Proman\\Backend\\node_modules\\express\\lib\\router\\index.js:317:13)\n    at E:\\Projects\\Proman\\Backend\\node_modules\\express\\lib\\router\\index.js:284:7\n    at Function.process_params (E:\\Projects\\Proman\\Backend\\node_modules\\express\\lib\\router\\index.js:335:12)\n    at next (E:\\Projects\\Proman\\Backend\\node_modules\\express\\lib\\router\\index.js:275:10)\n    at jsonParser (E:\\Projects\\Proman\\Backend\\node_modules\\body-parser\\lib\\types\\json.js:110:7)\n    at Layer.handle [as handle_request] (E:\\Projects\\Proman\\Backend\\node_modules\\express\\lib\\router\\layer.js:95:5)\n    at trim_prefix (E:\\Projects\\Proman\\Backend\\node_modules\\express\\lib\\router\\index.js:317:13)"
}

{
  "success": false,
  "statusCode": 404,
  "isOperational": true,
  "request": "GET /tasks/5f56985f003b3405d80ecca1",
  "domain": "Getting /tasks/5f56985f003b3405d80ecca1",
  "message": "🔥Error🔥: Page Not found",
  "date": "Sun, 13 Sep 2020 10:22:06 GMT",
  "stack": "Error: Page Not found\n    at new AppError (E:\\Projects\\Proman\\Backend\\src\\utils\\AppError.js:10:15)\n    at E:\\Projects\\Proman\\Backend\\app.js:66:7\n    at Layer.handle [as handle_request] (E:\\Projects\\Proman\\Backend\\node_modules\\express\\lib\\router\\layer.js:95:5)\n    at trim_prefix (E:\\Projects\\Proman\\Backend\\node_modules\\express\\lib\\router\\index.js:317:13)\n    at E:\\Projects\\Proman\\Backend\\node_modules\\express\\lib\\router\\index.js:284:7\n    at Function.process_params (E:\\Projects\\Proman\\Backend\\node_modules\\express\\lib\\router\\index.js:335:12)\n    at next (E:\\Projects\\Proman\\Backend\\node_modules\\express\\lib\\router\\index.js:275:10)\n    at cookieParser (E:\\Projects\\Proman\\Backend\\node_modules\\cookie-parser\\index.js:57:14)\n    at Layer.handle [as handle_request] (E:\\Projects\\Proman\\Backend\\node_modules\\express\\lib\\router\\layer.js:95:5)\n    at trim_prefix (E:\\Projects\\Proman\\Backend\\node_modules\\express\\lib\\router\\index.js:317:13)\n    at E:\\Projects\\Proman\\Backend\\node_modules\\express\\lib\\router\\index.js:284:7\n    at Function.process_params (E:\\Projects\\Proman\\Backend\\node_modules\\express\\lib\\router\\index.js:335:12)\n    at next (E:\\Projects\\Proman\\Backend\\node_modules\\express\\lib\\router\\index.js:275:10)\n    at jsonParser (E:\\Projects\\Proman\\Backend\\node_modules\\body-parser\\lib\\types\\json.js:110:7)\n    at Layer.handle [as handle_request] (E:\\Projects\\Proman\\Backend\\node_modules\\express\\lib\\router\\layer.js:95:5)\n    at trim_prefix (E:\\Projects\\Proman\\Backend\\node_modules\\express\\lib\\router\\index.js:317:13)"
}

{
  "statusCode": 500,
  "isOperational": false,
  "request": "GET /api/v1/projects",
  "message": "🔥Error🔥: Projection cannot have a mix of inclusion and exclusion.",
  "date": "Sun, 13 Sep 2020 10:30:55 GMT",
  "stack": "MongoError: Projection cannot have a mix of inclusion and exclusion.\n    at Connection.<anonymous> (E:\\Projects\\Proman\\Backend\\node_modules\\mongodb\\lib\\core\\connection\\pool.js:451:61)\n    at Connection.emit (events.js:310:20)\n    at processMessage (E:\\Projects\\Proman\\Backend\\node_modules\\mongodb\\lib\\core\\connection\\connection.js:452:10)\n    at Socket.<anonymous> (E:\\Projects\\Proman\\Backend\\node_modules\\mongodb\\lib\\core\\connection\\connection.js:621:15)\n    at Socket.emit (events.js:310:20)\n    at addChunk (_stream_readable.js:286:12)\n    at readableAddChunk (_stream_readable.js:268:9)\n    at Socket.Readable.push (_stream_readable.js:209:10)\n    at TCP.onStreamRead (internal/stream_base_commons.js:186:23)"
}

{
  "statusCode": 500,
  "isOperational": false,
  "request": "GET /api/v1/tasks/5f56985f003b3405d80ecca1",
  "message": "🔥Error🔥: If you are populating a virtual, you must set the localField and foreignField options",
  "date": "Sun, 13 Sep 2020 10:32:13 GMT",
  "stack": "MongooseError: If you are populating a virtual, you must set the localField and foreignField options\n    at getModelsMapForPopulate (E:\\Projects\\Proman\\Backend\\node_modules\\mongoose\\lib\\helpers\\populate\\getModelsMapForPopulate.js:183:14)\n    at populate (E:\\Projects\\Proman\\Backend\\node_modules\\mongoose\\lib\\model.js:4315:21)\n    at _populate (E:\\Projects\\Proman\\Backend\\node_modules\\mongoose\\lib\\model.js:4285:5)\n    at E:\\Projects\\Proman\\Backend\\node_modules\\mongoose\\lib\\model.js:4261:5\n    at promiseOrCallback (E:\\Projects\\Proman\\Backend\\node_modules\\mongoose\\lib\\helpers\\promiseOrCallback.js:9:12)\n    at Function.Model.populate (E:\\Projects\\Proman\\Backend\\node_modules\\mongoose\\lib\\model.js:4259:10)\n    at cb (E:\\Projects\\Proman\\Backend\\node_modules\\mongoose\\lib\\query.js:1941:17)\n    at E:\\Projects\\Proman\\Backend\\node_modules\\mongodb\\lib\\utils.js:674:5\n    at handleCallback (E:\\Projects\\Proman\\Backend\\node_modules\\mongodb\\lib\\utils.js:102:55)\n    at E:\\Projects\\Proman\\Backend\\node_modules\\mongodb\\lib\\cursor.js:838:66\n    at E:\\Projects\\Proman\\Backend\\node_modules\\mongodb\\lib\\utils.js:674:5\n    at E:\\Projects\\Proman\\Backend\\node_modules\\mongodb\\lib\\cursor.js:923:9\n    at Cursor._endSession (E:\\Projects\\Proman\\Backend\\node_modules\\mongodb\\lib\\core\\cursor.js:394:7)\n    at E:\\Projects\\Proman\\Backend\\node_modules\\mongodb\\lib\\cursor.js:921:12\n    at maybePromise (E:\\Projects\\Proman\\Backend\\node_modules\\mongodb\\lib\\utils.js:662:3)\n    at Cursor.close (E:\\Projects\\Proman\\Backend\\node_modules\\mongodb\\lib\\cursor.js:914:12)"
}

{
  "statusCode": 500,
  "isOperational": false,
  "request": "GET /api/v1/tasks/5f56985f003b3405d80ecca1",
  "message": "🔥Error🔥: Cannot read property 'length' of undefined",
  "date": "Sun, 13 Sep 2020 10:33:27 GMT",
  "stack": "TypeError: Cannot read property 'length' of undefined\n    at model.<anonymous> (E:\\Projects\\Proman\\Backend\\src\\models\\task.js:34:23)\n    at VirtualType.applyGetters (E:\\Projects\\Proman\\Backend\\node_modules\\mongoose\\lib\\virtualtype.js:142:25)\n    at model.Document.get (E:\\Projects\\Proman\\Backend\\node_modules\\mongoose\\lib\\document.js:1557:19)\n    at applyVirtuals (E:\\Projects\\Proman\\Backend\\node_modules\\mongoose\\lib\\document.js:3416:20)\n    at model.Document.$toObject (E:\\Projects\\Proman\\Backend\\node_modules\\mongoose\\lib\\document.js:3148:5)\n    at model.Document.toJSON (E:\\Projects\\Proman\\Backend\\node_modules\\mongoose\\lib\\document.js:3584:15)\n    at clone (E:\\Projects\\Proman\\Backend\\node_modules\\mongoose\\lib\\helpers\\clone.js:45:18)\n    at cloneArray (E:\\Projects\\Proman\\Backend\\node_modules\\mongoose\\lib\\helpers\\clone.js:133:14)\n    at clone (E:\\Projects\\Proman\\Backend\\node_modules\\mongoose\\lib\\helpers\\clone.js:35:12)\n    at cloneObject (E:\\Projects\\Proman\\Backend\\node_modules\\mongoose\\lib\\helpers\\clone.js:114:17)\n    at clone (E:\\Projects\\Proman\\Backend\\node_modules\\mongoose\\lib\\helpers\\clone.js:53:16)\n    at model.Document.$toObject (E:\\Projects\\Proman\\Backend\\node_modules\\mongoose\\lib\\document.js:3137:13)\n    at model.Document.toJSON (E:\\Projects\\Proman\\Backend\\node_modules\\mongoose\\lib\\document.js:3584:15)\n    at JSON.stringify (<anonymous>)\n    at stringify (E:\\Projects\\Proman\\Backend\\node_modules\\express\\lib\\response.js:1123:12)\n    at ServerResponse.json (E:\\Projects\\Proman\\Backend\\node_modules\\express\\lib\\response.js:260:14)"
}

{
  "statusCode": 500,
  "isOperational": false,
  "request": "GET /api/v1/tasks/5f56985f003b3405d80ecca1",
  "message": "🔥Error🔥: If you are populating a virtual, you must set the localField and foreignField options",
  "date": "Sun, 13 Sep 2020 10:35:39 GMT",
  "stack": "MongooseError: If you are populating a virtual, you must set the localField and foreignField options\n    at getModelsMapForPopulate (E:\\Projects\\Proman\\Backend\\node_modules\\mongoose\\lib\\helpers\\populate\\getModelsMapForPopulate.js:183:14)\n    at populate (E:\\Projects\\Proman\\Backend\\node_modules\\mongoose\\lib\\model.js:4315:21)\n    at _populate (E:\\Projects\\Proman\\Backend\\node_modules\\mongoose\\lib\\model.js:4285:5)\n    at E:\\Projects\\Proman\\Backend\\node_modules\\mongoose\\lib\\model.js:4261:5\n    at promiseOrCallback (E:\\Projects\\Proman\\Backend\\node_modules\\mongoose\\lib\\helpers\\promiseOrCallback.js:9:12)\n    at Function.Model.populate (E:\\Projects\\Proman\\Backend\\node_modules\\mongoose\\lib\\model.js:4259:10)\n    at cb (E:\\Projects\\Proman\\Backend\\node_modules\\mongoose\\lib\\query.js:1941:17)\n    at E:\\Projects\\Proman\\Backend\\node_modules\\mongodb\\lib\\utils.js:674:5\n    at handleCallback (E:\\Projects\\Proman\\Backend\\node_modules\\mongodb\\lib\\utils.js:102:55)\n    at E:\\Projects\\Proman\\Backend\\node_modules\\mongodb\\lib\\cursor.js:838:66\n    at E:\\Projects\\Proman\\Backend\\node_modules\\mongodb\\lib\\utils.js:674:5\n    at E:\\Projects\\Proman\\Backend\\node_modules\\mongodb\\lib\\cursor.js:923:9\n    at Cursor._endSession (E:\\Projects\\Proman\\Backend\\node_modules\\mongodb\\lib\\core\\cursor.js:394:7)\n    at E:\\Projects\\Proman\\Backend\\node_modules\\mongodb\\lib\\cursor.js:921:12\n    at maybePromise (E:\\Projects\\Proman\\Backend\\node_modules\\mongodb\\lib\\utils.js:662:3)\n    at Cursor.close (E:\\Projects\\Proman\\Backend\\node_modules\\mongodb\\lib\\cursor.js:914:12)"
}

{
  "statusCode": 500,
  "isOperational": false,
  "request": "GET /api/v1/tasks/5f56985f003b3405d80ecca1",
  "message": "🔥Error🔥: Projection cannot have a mix of inclusion and exclusion.",
  "date": "Sun, 13 Sep 2020 10:38:44 GMT",
  "stack": "MongoError: Projection cannot have a mix of inclusion and exclusion.\n    at Connection.<anonymous> (E:\\Projects\\Proman\\Backend\\node_modules\\mongodb\\lib\\core\\connection\\pool.js:451:61)\n    at Connection.emit (events.js:310:20)\n    at processMessage (E:\\Projects\\Proman\\Backend\\node_modules\\mongodb\\lib\\core\\connection\\connection.js:452:10)\n    at Socket.<anonymous> (E:\\Projects\\Proman\\Backend\\node_modules\\mongodb\\lib\\core\\connection\\connection.js:621:15)\n    at Socket.emit (events.js:310:20)\n    at addChunk (_stream_readable.js:286:12)\n    at readableAddChunk (_stream_readable.js:268:9)\n    at Socket.Readable.push (_stream_readable.js:209:10)\n    at TCP.onStreamRead (internal/stream_base_commons.js:186:23)"
}

{
  "statusCode": 500,
  "isOperational": false,
  "request": "GET /api/v1/tasks/5f56985f003b3405d80ecca1",
  "message": "🔥Error🔥: Projection cannot have a mix of inclusion and exclusion.",
  "date": "Sun, 13 Sep 2020 10:38:53 GMT",
  "stack": "MongoError: Projection cannot have a mix of inclusion and exclusion.\n    at Connection.<anonymous> (E:\\Projects\\Proman\\Backend\\node_modules\\mongodb\\lib\\core\\connection\\pool.js:451:61)\n    at Connection.emit (events.js:310:20)\n    at processMessage (E:\\Projects\\Proman\\Backend\\node_modules\\mongodb\\lib\\core\\connection\\connection.js:452:10)\n    at Socket.<anonymous> (E:\\Projects\\Proman\\Backend\\node_modules\\mongodb\\lib\\core\\connection\\connection.js:621:15)\n    at Socket.emit (events.js:310:20)\n    at addChunk (_stream_readable.js:286:12)\n    at readableAddChunk (_stream_readable.js:268:9)\n    at Socket.Readable.push (_stream_readable.js:209:10)\n    at TCP.onStreamRead (internal/stream_base_commons.js:186:23)"
}

