{
  "success": false,
  "statusCode": 404,
  "isOperational": true,
  "request": "GET /api/v1/projects/5f56985f003b3405d80ecca1",
  "domain": "Getting /api/v1/projects/5f56985f003b3405d80ecca1",
  "message": "🔥Error🔥: Page Not found",
  "date": "Sun, 13 Sep 2020 13:01:44 GMT",
  "stack": "Error: Page Not found\n    at new AppError (E:\\Projects\\Proman\\Backend\\src\\utils\\AppError.js:10:15)\n    at E:\\Projects\\Proman\\Backend\\app.js:66:7\n    at Layer.handle [as handle_request] (E:\\Projects\\Proman\\Backend\\node_modules\\express\\lib\\router\\layer.js:95:5)\n    at trim_prefix (E:\\Projects\\Proman\\Backend\\node_modules\\express\\lib\\router\\index.js:317:13)\n    at E:\\Projects\\Proman\\Backend\\node_modules\\express\\lib\\router\\index.js:284:7\n    at Function.process_params (E:\\Projects\\Proman\\Backend\\node_modules\\express\\lib\\router\\index.js:335:12)\n    at next (E:\\Projects\\Proman\\Backend\\node_modules\\express\\lib\\router\\index.js:275:10)\n    at E:\\Projects\\Proman\\Backend\\node_modules\\express\\lib\\router\\index.js:635:15\n    at next (E:\\Projects\\Proman\\Backend\\node_modules\\express\\lib\\router\\index.js:260:14)\n    at Function.handle (E:\\Projects\\Proman\\Backend\\node_modules\\express\\lib\\router\\index.js:174:3)\n    at router (E:\\Projects\\Proman\\Backend\\node_modules\\express\\lib\\router\\index.js:47:12)\n    at Layer.handle [as handle_request] (E:\\Projects\\Proman\\Backend\\node_modules\\express\\lib\\router\\layer.js:95:5)\n    at trim_prefix (E:\\Projects\\Proman\\Backend\\node_modules\\express\\lib\\router\\index.js:317:13)\n    at E:\\Projects\\Proman\\Backend\\node_modules\\express\\lib\\router\\index.js:284:7\n    at Function.process_params (E:\\Projects\\Proman\\Backend\\node_modules\\express\\lib\\router\\index.js:335:12)\n    at next (E:\\Projects\\Proman\\Backend\\node_modules\\express\\lib\\router\\index.js:275:10)"
}

{
  "success": false,
  "statusCode": 404,
  "isOperational": true,
  "request": "GET /api/v1/projects/5f56985f003b3405d80ecca1",
  "domain": "Getting /api/v1/projects/5f56985f003b3405d80ecca1",
  "message": "🔥Error🔥: Page Not found",
  "date": "Sun, 13 Sep 2020 13:02:23 GMT",
  "stack": "Error: Page Not found\n    at new AppError (E:\\Projects\\Proman\\Backend\\src\\utils\\AppError.js:10:15)\n    at E:\\Projects\\Proman\\Backend\\app.js:66:7\n    at Layer.handle [as handle_request] (E:\\Projects\\Proman\\Backend\\node_modules\\express\\lib\\router\\layer.js:95:5)\n    at trim_prefix (E:\\Projects\\Proman\\Backend\\node_modules\\express\\lib\\router\\index.js:317:13)\n    at E:\\Projects\\Proman\\Backend\\node_modules\\express\\lib\\router\\index.js:284:7\n    at Function.process_params (E:\\Projects\\Proman\\Backend\\node_modules\\express\\lib\\router\\index.js:335:12)\n    at next (E:\\Projects\\Proman\\Backend\\node_modules\\express\\lib\\router\\index.js:275:10)\n    at E:\\Projects\\Proman\\Backend\\node_modules\\express\\lib\\router\\index.js:635:15\n    at next (E:\\Projects\\Proman\\Backend\\node_modules\\express\\lib\\router\\index.js:260:14)\n    at Function.handle (E:\\Projects\\Proman\\Backend\\node_modules\\express\\lib\\router\\index.js:174:3)\n    at router (E:\\Projects\\Proman\\Backend\\node_modules\\express\\lib\\router\\index.js:47:12)\n    at Layer.handle [as handle_request] (E:\\Projects\\Proman\\Backend\\node_modules\\express\\lib\\router\\layer.js:95:5)\n    at trim_prefix (E:\\Projects\\Proman\\Backend\\node_modules\\express\\lib\\router\\index.js:317:13)\n    at E:\\Projects\\Proman\\Backend\\node_modules\\express\\lib\\router\\index.js:284:7\n    at Function.process_params (E:\\Projects\\Proman\\Backend\\node_modules\\express\\lib\\router\\index.js:335:12)\n    at next (E:\\Projects\\Proman\\Backend\\node_modules\\express\\lib\\router\\index.js:275:10)"
}

{
  "statusCode": 500,
  "isOperational": false,
  "request": "GET /api/v1/projects/5f56985f003b3405d80ecca1",
  "message": "🔥Error🔥: mongoose is not defined",
  "date": "Sun, 13 Sep 2020 13:03:04 GMT",
  "stack": "ReferenceError: mongoose is not defined\n    at E:\\Projects\\Proman\\Backend\\src\\controllers\\projectCtrl.js:18:2\n    at E:\\Projects\\Proman\\Backend\\src\\utils\\catchAsync.js:3:5\n    at Layer.handle [as handle_request] (E:\\Projects\\Proman\\Backend\\node_modules\\express\\lib\\router\\layer.js:95:5)\n    at next (E:\\Projects\\Proman\\Backend\\node_modules\\express\\lib\\router\\route.js:137:13)\n    at Route.dispatch (E:\\Projects\\Proman\\Backend\\node_modules\\express\\lib\\router\\route.js:112:3)\n    at Layer.handle [as handle_request] (E:\\Projects\\Proman\\Backend\\node_modules\\express\\lib\\router\\layer.js:95:5)\n    at E:\\Projects\\Proman\\Backend\\node_modules\\express\\lib\\router\\index.js:281:22\n    at param (E:\\Projects\\Proman\\Backend\\node_modules\\express\\lib\\router\\index.js:354:14)\n    at param (E:\\Projects\\Proman\\Backend\\node_modules\\express\\lib\\router\\index.js:365:14)\n    at Function.process_params (E:\\Projects\\Proman\\Backend\\node_modules\\express\\lib\\router\\index.js:410:3)\n    at next (E:\\Projects\\Proman\\Backend\\node_modules\\express\\lib\\router\\index.js:275:10)\n    at Function.handle (E:\\Projects\\Proman\\Backend\\node_modules\\express\\lib\\router\\index.js:174:3)\n    at router (E:\\Projects\\Proman\\Backend\\node_modules\\express\\lib\\router\\index.js:47:12)\n    at Layer.handle [as handle_request] (E:\\Projects\\Proman\\Backend\\node_modules\\express\\lib\\router\\layer.js:95:5)\n    at trim_prefix (E:\\Projects\\Proman\\Backend\\node_modules\\express\\lib\\router\\index.js:317:13)\n    at E:\\Projects\\Proman\\Backend\\node_modules\\express\\lib\\router\\index.js:284:7"
}

{
  "success": false,
  "statusCode": 404,
  "isOperational": true,
  "request": "GET /api/v1/projects/5f569dfa123af81ce069b740",
  "domain": "Project Finding",
  "message": "🔥Error🔥: Project not found",
  "date": "Sun, 13 Sep 2020 13:06:40 GMT",
  "stack": "Error: Project not found\n    at new AppError (E:\\Projects\\Proman\\Backend\\src\\utils\\AppError.js:10:15)\n    at E:\\Projects\\Proman\\Backend\\src\\controllers\\projectCtrl.js:34:15\n    at processTicksAndRejections (internal/process/task_queues.js:97:5)"
}

{
  "success": false,
  "statusCode": 404,
  "isOperational": true,
  "request": "GET /api/v1/projects/5f569dfa123af81ce069b740",
  "domain": "Project Finding",
  "message": "🔥Error🔥: Project not found",
  "date": "Sun, 13 Sep 2020 13:06:41 GMT",
  "stack": "Error: Project not found\n    at new AppError (E:\\Projects\\Proman\\Backend\\src\\utils\\AppError.js:10:15)\n    at E:\\Projects\\Proman\\Backend\\src\\controllers\\projectCtrl.js:34:15\n    at processTicksAndRejections (internal/process/task_queues.js:97:5)"
}

{
  "success": false,
  "statusCode": 404,
  "isOperational": true,
  "request": "GET /api/v1/projects/5f569dfa123af81ce069b740",
  "domain": "Project Finding",
  "message": "🔥Error🔥: Project not found",
  "date": "Sun, 13 Sep 2020 13:07:47 GMT",
  "stack": "Error: Project not found\n    at new AppError (E:\\Projects\\Proman\\Backend\\src\\utils\\AppError.js:10:15)\n    at E:\\Projects\\Proman\\Backend\\src\\controllers\\projectCtrl.js:34:15\n    at processTicksAndRejections (internal/process/task_queues.js:97:5)"
}

{
  "success": false,
  "statusCode": 404,
  "isOperational": true,
  "request": "GET /api/v1/projects/5f569dfa123af81ce069b740",
  "domain": "Project Finding",
  "message": "🔥Error🔥: Project not found",
  "date": "Sun, 13 Sep 2020 13:07:48 GMT",
  "stack": "Error: Project not found\n    at new AppError (E:\\Projects\\Proman\\Backend\\src\\utils\\AppError.js:10:15)\n    at E:\\Projects\\Proman\\Backend\\src\\controllers\\projectCtrl.js:34:15\n    at processTicksAndRejections (internal/process/task_queues.js:97:5)"
}

{
  "success": false,
  "statusCode": 404,
  "isOperational": true,
  "request": "GET /api/v1/projects/5f569aa8eb30222a64008564",
  "domain": "Project Finding",
  "message": "🔥Error🔥: Project not found",
  "date": "Sun, 13 Sep 2020 13:13:52 GMT",
  "stack": "Error: Project not found\n    at new AppError (E:\\Projects\\Proman\\Backend\\src\\utils\\AppError.js:10:15)\n    at E:\\Projects\\Proman\\Backend\\src\\controllers\\projectCtrl.js:37:15\n    at processTicksAndRejections (internal/process/task_queues.js:97:5)"
}

{
  "success": false,
  "statusCode": 404,
  "isOperational": true,
  "request": "POST /api/v1/projects/create",
  "domain": "Getting /api/v1/projects/create",
  "message": "🔥Error🔥: Page Not found",
  "date": "Sun, 13 Sep 2020 13:40:51 GMT",
  "stack": "Error: Page Not found\n    at new AppError (E:\\Projects\\Proman\\Backend\\src\\utils\\AppError.js:10:15)\n    at E:\\Projects\\Proman\\Backend\\app.js:66:7\n    at Layer.handle [as handle_request] (E:\\Projects\\Proman\\Backend\\node_modules\\express\\lib\\router\\layer.js:95:5)\n    at trim_prefix (E:\\Projects\\Proman\\Backend\\node_modules\\express\\lib\\router\\index.js:317:13)\n    at E:\\Projects\\Proman\\Backend\\node_modules\\express\\lib\\router\\index.js:284:7\n    at Function.process_params (E:\\Projects\\Proman\\Backend\\node_modules\\express\\lib\\router\\index.js:335:12)\n    at next (E:\\Projects\\Proman\\Backend\\node_modules\\express\\lib\\router\\index.js:275:10)\n    at E:\\Projects\\Proman\\Backend\\node_modules\\express\\lib\\router\\index.js:635:15\n    at next (E:\\Projects\\Proman\\Backend\\node_modules\\express\\lib\\router\\index.js:260:14)\n    at Function.handle (E:\\Projects\\Proman\\Backend\\node_modules\\express\\lib\\router\\index.js:174:3)\n    at router (E:\\Projects\\Proman\\Backend\\node_modules\\express\\lib\\router\\index.js:47:12)\n    at Layer.handle [as handle_request] (E:\\Projects\\Proman\\Backend\\node_modules\\express\\lib\\router\\layer.js:95:5)\n    at trim_prefix (E:\\Projects\\Proman\\Backend\\node_modules\\express\\lib\\router\\index.js:317:13)\n    at E:\\Projects\\Proman\\Backend\\node_modules\\express\\lib\\router\\index.js:284:7\n    at Function.process_params (E:\\Projects\\Proman\\Backend\\node_modules\\express\\lib\\router\\index.js:335:12)\n    at next (E:\\Projects\\Proman\\Backend\\node_modules\\express\\lib\\router\\index.js:275:10)"
}

{
  "success": false,
  "statusCode": 500,
  "isOperational": true,
  "request": "DELETE /api/v1/tasks",
  "message": "🔥Error🔥: No tasks to delete",
  "date": "Sun, 13 Sep 2020 13:53:10 GMT",
  "stack": "Error: No tasks to delete\n    at new AppError (E:\\Projects\\Proman\\Backend\\src\\utils\\AppError.js:10:15)\n    at E:\\Projects\\Proman\\Backend\\src\\controllers\\taskCtrl.js:103:15\n    at E:\\Projects\\Proman\\Backend\\src\\utils\\catchAsync.js:3:5\n    at Layer.handle [as handle_request] (E:\\Projects\\Proman\\Backend\\node_modules\\express\\lib\\router\\layer.js:95:5)\n    at next (E:\\Projects\\Proman\\Backend\\node_modules\\express\\lib\\router\\route.js:137:13)\n    at next (E:\\Projects\\Proman\\Backend\\node_modules\\express\\lib\\router\\route.js:131:14)\n    at next (E:\\Projects\\Proman\\Backend\\node_modules\\express\\lib\\router\\route.js:131:14)\n    at Route.dispatch (E:\\Projects\\Proman\\Backend\\node_modules\\express\\lib\\router\\route.js:112:3)\n    at Layer.handle [as handle_request] (E:\\Projects\\Proman\\Backend\\node_modules\\express\\lib\\router\\layer.js:95:5)\n    at E:\\Projects\\Proman\\Backend\\node_modules\\express\\lib\\router\\index.js:281:22\n    at Function.process_params (E:\\Projects\\Proman\\Backend\\node_modules\\express\\lib\\router\\index.js:335:12)\n    at next (E:\\Projects\\Proman\\Backend\\node_modules\\express\\lib\\router\\index.js:275:10)\n    at Function.handle (E:\\Projects\\Proman\\Backend\\node_modules\\express\\lib\\router\\index.js:174:3)\n    at router (E:\\Projects\\Proman\\Backend\\node_modules\\express\\lib\\router\\index.js:47:12)\n    at Layer.handle [as handle_request] (E:\\Projects\\Proman\\Backend\\node_modules\\express\\lib\\router\\layer.js:95:5)\n    at trim_prefix (E:\\Projects\\Proman\\Backend\\node_modules\\express\\lib\\router\\index.js:317:13)"
}

{
  "success": false,
  "statusCode": 500,
  "isOperational": true,
  "request": "DELETE /api/v1/tasks",
  "message": "🔥Error🔥: No tasks to delete",
  "date": "Sun, 13 Sep 2020 13:54:31 GMT",
  "stack": "Error: No tasks to delete\n    at new AppError (E:\\Projects\\Proman\\Backend\\src\\utils\\AppError.js:10:15)\n    at E:\\Projects\\Proman\\Backend\\src\\controllers\\taskCtrl.js:104:15\n    at E:\\Projects\\Proman\\Backend\\src\\utils\\catchAsync.js:3:5\n    at Layer.handle [as handle_request] (E:\\Projects\\Proman\\Backend\\node_modules\\express\\lib\\router\\layer.js:95:5)\n    at next (E:\\Projects\\Proman\\Backend\\node_modules\\express\\lib\\router\\route.js:137:13)\n    at next (E:\\Projects\\Proman\\Backend\\node_modules\\express\\lib\\router\\route.js:131:14)\n    at next (E:\\Projects\\Proman\\Backend\\node_modules\\express\\lib\\router\\route.js:131:14)\n    at Route.dispatch (E:\\Projects\\Proman\\Backend\\node_modules\\express\\lib\\router\\route.js:112:3)\n    at Layer.handle [as handle_request] (E:\\Projects\\Proman\\Backend\\node_modules\\express\\lib\\router\\layer.js:95:5)\n    at E:\\Projects\\Proman\\Backend\\node_modules\\express\\lib\\router\\index.js:281:22\n    at Function.process_params (E:\\Projects\\Proman\\Backend\\node_modules\\express\\lib\\router\\index.js:335:12)\n    at next (E:\\Projects\\Proman\\Backend\\node_modules\\express\\lib\\router\\index.js:275:10)\n    at Function.handle (E:\\Projects\\Proman\\Backend\\node_modules\\express\\lib\\router\\index.js:174:3)\n    at router (E:\\Projects\\Proman\\Backend\\node_modules\\express\\lib\\router\\index.js:47:12)\n    at Layer.handle [as handle_request] (E:\\Projects\\Proman\\Backend\\node_modules\\express\\lib\\router\\layer.js:95:5)\n    at trim_prefix (E:\\Projects\\Proman\\Backend\\node_modules\\express\\lib\\router\\index.js:317:13)"
}

{
  "success": false,
  "statusCode": 404,
  "isOperational": true,
  "request": "GET /api/v1/projects/5f5e21cfd5431c15d03b8bca",
  "domain": "Project Finding",
  "message": "🔥Error🔥: Project not found",
  "date": "Sun, 13 Sep 2020 13:55:07 GMT",
  "stack": "Error: Project not found\n    at new AppError (E:\\Projects\\Proman\\Backend\\src\\utils\\AppError.js:10:15)\n    at E:\\Projects\\Proman\\Backend\\src\\controllers\\projectCtrl.js:37:15\n    at processTicksAndRejections (internal/process/task_queues.js:97:5)"
}

{
  "success": false,
  "statusCode": 404,
  "isOperational": true,
  "request": "GET /api/v1/projects/5f5e21cfd5431c15d03b8bca",
  "domain": "Project Finding",
  "message": "🔥Error🔥: Project not found",
  "date": "Sun, 13 Sep 2020 13:55:27 GMT",
  "stack": "Error: Project not found\n    at new AppError (E:\\Projects\\Proman\\Backend\\src\\utils\\AppError.js:10:15)\n    at E:\\Projects\\Proman\\Backend\\src\\controllers\\projectCtrl.js:37:15\n    at processTicksAndRejections (internal/process/task_queues.js:97:5)"
}

{
  "success": false,
  "statusCode": 404,
  "isOperational": true,
  "request": "GET /api/v1/projects/5f5e21cfd5431c15d03b8bca",
  "domain": "Project Finding",
  "message": "🔥Error🔥: Project not found",
  "date": "Sun, 13 Sep 2020 13:55:38 GMT",
  "stack": "Error: Project not found\n    at new AppError (E:\\Projects\\Proman\\Backend\\src\\utils\\AppError.js:10:15)\n    at E:\\Projects\\Proman\\Backend\\src\\controllers\\projectCtrl.js:37:15\n    at processTicksAndRejections (internal/process/task_queues.js:97:5)"
}

{
  "success": false,
  "statusCode": 404,
  "isOperational": true,
  "request": "GET /api/v1/projects/5f5e21c8d5431c15d03b8bc9",
  "domain": "Project Finding",
  "message": "🔥Error🔥: Project not found",
  "date": "Sun, 13 Sep 2020 13:59:20 GMT",
  "stack": "Error: Project not found\n    at new AppError (E:\\Projects\\Proman\\Backend\\src\\utils\\AppError.js:10:15)\n    at E:\\Projects\\Proman\\Backend\\src\\controllers\\projectCtrl.js:37:15\n    at processTicksAndRejections (internal/process/task_queues.js:97:5)"
}

{
  "success": false,
  "statusCode": 404,
  "isOperational": true,
  "request": "GET /api/v1/projects/5f5e21c8d5431c15d03b8bc9",
  "domain": "Project Finding",
  "message": "🔥Error🔥: Project not found",
  "date": "Sun, 13 Sep 2020 13:59:22 GMT",
  "stack": "Error: Project not found\n    at new AppError (E:\\Projects\\Proman\\Backend\\src\\utils\\AppError.js:10:15)\n    at E:\\Projects\\Proman\\Backend\\src\\controllers\\projectCtrl.js:37:15\n    at processTicksAndRejections (internal/process/task_queues.js:97:5)"
}

{
  "success": false,
  "statusCode": 404,
  "isOperational": true,
  "request": "GET /api/v1/projects/5f5e21a6728caa30981d107f",
  "domain": "Project Finding",
  "message": "🔥Error🔥: Project not found",
  "date": "Sun, 13 Sep 2020 13:59:29 GMT",
  "stack": "Error: Project not found\n    at new AppError (E:\\Projects\\Proman\\Backend\\src\\utils\\AppError.js:10:15)\n    at E:\\Projects\\Proman\\Backend\\src\\controllers\\projectCtrl.js:37:15\n    at processTicksAndRejections (internal/process/task_queues.js:97:5)"
}

{
  "success": false,
  "statusCode": 404,
  "isOperational": true,
  "request": "GET /api/v1/projects/5f5e26114d4af608d45570c9",
  "domain": "Project Finding",
  "message": "🔥Error🔥: Project not found",
  "date": "Sun, 13 Sep 2020 14:00:56 GMT",
  "stack": "Error: Project not found\n    at new AppError (E:\\Projects\\Proman\\Backend\\src\\utils\\AppError.js:10:15)\n    at E:\\Projects\\Proman\\Backend\\src\\controllers\\projectCtrl.js:37:15\n    at processTicksAndRejections (internal/process/task_queues.js:97:5)"
}

{
  "success": false,
  "statusCode": 404,
  "isOperational": true,
  "request": "GET /api/v1/projects/5f5e26114d4af608d45570c8",
  "domain": "Project Finding",
  "message": "🔥Error🔥: Project not found",
  "date": "Sun, 13 Sep 2020 14:01:17 GMT",
  "stack": "Error: Project not found\n    at new AppError (E:\\Projects\\Proman\\Backend\\src\\utils\\AppError.js:10:15)\n    at E:\\Projects\\Proman\\Backend\\src\\controllers\\projectCtrl.js:37:15\n    at processTicksAndRejections (internal/process/task_queues.js:97:5)"
}

